Dec 5, 2015 4:21:14 AM org.apache.coyote.http11.Http11Protocol pause
INFO: Pausing Coyote HTTP/1.1 on http-8080
Dec 5, 2015 4:21:15 AM org.apache.catalina.core.StandardService stop
INFO: Stopping service Catalina
Dec 5, 2015 4:21:15 AM org.apache.coyote.http11.Http11Protocol destroy
INFO: Stopping Coyote HTTP/1.1 on http-8080
Dec 5, 2015 4:32:58 AM org.apache.catalina.core.AprLifecycleListener init
INFO: The APR based Apache Tomcat Native library which allows optimal performance in production environments was not found on the java.library.path: E:\Softwares\jdk1.5.0_04\bin;C:\Windows\Sun\Java\bin;C:\Windows\system32;C:\Windows;C:\Program Files (x86)\Microsoft ASP.NET\ASP.NET Web Pages\v1.0\;C:\Program Files\Microsoft SQL Server\110\Tools\Binn\;C:\Program Files (x86)\Microsoft SQL Server\110\Tools\Binn\ManagementStudio\;C:\Program Files (x86)\Microsoft SQL Server\110\Tools\Binn\;C:\Program Files (x86)\Microsoft SQL Server\110\DTS\Binn\;C:\Program Files\Microsoft SQL Server\110\DTS\Binn\;C:\Program Files (x86)\Windows Kits\8.1\Windows Performance Toolkit\;C:\Program Files\Microsoft\Web Platform Installer\;C:\Program Files (x86)\Microsoft SDKs\Azure\CLI\wbin;E:\Softwares\jdk1.5.0_04\bin;.;;.
Dec 5, 2015 4:32:59 AM org.apache.coyote.http11.Http11Protocol init
INFO: Initializing Coyote HTTP/1.1 on http-8080
Dec 5, 2015 4:32:59 AM org.apache.catalina.startup.Catalina load
INFO: Initialization processed in 1552 ms
Dec 5, 2015 4:32:59 AM org.apache.catalina.core.StandardService start
INFO: Starting service Catalina
Dec 5, 2015 4:32:59 AM org.apache.catalina.core.StandardEngine start
INFO: Starting Servlet Engine: Apache Tomcat/6.0.44
Dec 5, 2015 4:32:59 AM org.apache.catalina.startup.HostConfig deployDescriptor
INFO: Deploying configuration descriptor host-manager.xml
Dec 5, 2015 4:33:00 AM org.apache.catalina.startup.HostConfig deployDescriptor
INFO: Deploying configuration descriptor manager.xml
Dec 5, 2015 4:33:00 AM org.apache.catalina.startup.HostConfig deployDirectory
INFO: Deploying web application directory ajax
Dec 5, 2015 4:33:00 AM org.apache.catalina.startup.HostConfig deployDirectory
INFO: Deploying web application directory docs
Dec 5, 2015 4:33:00 AM org.apache.catalina.startup.HostConfig deployDirectory
INFO: Deploying web application directory Ex1
Dec 5, 2015 4:33:00 AM org.apache.catalina.startup.HostConfig deployDirectory
INFO: Deploying web application directory Ex10-cookie
Dec 5, 2015 4:33:00 AM org.apache.catalina.startup.HostConfig deployDirectory
INFO: Deploying web application directory Ex2
Dec 5, 2015 4:33:00 AM org.apache.catalina.startup.HostConfig deployDirectory
INFO: Deploying web application directory Ex3
Dec 5, 2015 4:33:01 AM org.apache.catalina.startup.HostConfig deployDirectory
INFO: Deploying web application directory Ex4
Dec 5, 2015 4:33:01 AM org.apache.catalina.startup.HostConfig deployDirectory
INFO: Deploying web application directory Ex4.1
Dec 5, 2015 4:33:01 AM org.apache.catalina.startup.HostConfig deployDirectory
INFO: Deploying web application directory Ex5-re-h
Dec 5, 2015 4:33:01 AM org.apache.catalina.startup.HostConfig deployDirectory
INFO: Deploying web application directory Ex6-re-s
Dec 5, 2015 4:33:01 AM org.apache.catalina.startup.HostConfig deployDirectory
INFO: Deploying web application directory Ex7-for
Dec 5, 2015 4:33:01 AM org.apache.catalina.startup.HostConfig deployDirectory
INFO: Deploying web application directory Ex8-inc
Dec 5, 2015 4:33:01 AM org.apache.catalina.startup.HostConfig deployDirectory
INFO: Deploying web application directory Ex9-config
Dec 5, 2015 4:33:01 AM org.apache.catalina.startup.HostConfig deployDirectory
INFO: Deploying web application directory Ex9-context
Dec 5, 2015 4:33:01 AM org.apache.catalina.startup.HostConfig deployDirectory
INFO: Deploying web application directory examples
Dec 5, 2015 4:33:01 AM org.apache.catalina.startup.HostConfig deployDirectory
INFO: Deploying web application directory includeDirective
Dec 5, 2015 4:33:01 AM org.apache.catalina.startup.HostConfig deployDirectory
INFO: Deploying web application directory JSPBasics
Dec 5, 2015 4:33:01 AM org.apache.catalina.startup.HostConfig deployDirectory
INFO: Deploying web application directory ROOT
Dec 5, 2015 4:33:02 AM org.apache.catalina.startup.HostConfig deployDirectory
INFO: Deploying web application directory sess
Dec 5, 2015 4:33:02 AM org.apache.coyote.http11.Http11Protocol start
INFO: Starting Coyote HTTP/1.1 on http-8080
Dec 5, 2015 4:33:02 AM org.apache.jk.common.ChannelSocket init
INFO: JK: ajp13 listening on /0.0.0.0:8009
Dec 5, 2015 4:33:02 AM org.apache.jk.server.JkMain start
INFO: Jk running ID=0 time=0/16  config=null
Dec 5, 2015 4:33:02 AM org.apache.catalina.startup.Catalina start
INFO: Server startup in 2414 ms
