Nov 29, 2015 7:10:40 AM org.apache.catalina.startup.HostConfig deployDirectory
INFO: Deploying web application directory Ex6 - Copy
Nov 29, 2015 7:10:51 AM org.apache.catalina.startup.HostConfig checkResources
INFO: Undeploying context [/Ex6 - Copy]
Nov 29, 2015 7:10:51 AM org.apache.catalina.startup.HostConfig deployDirectory
INFO: Deploying web application directory Ex7
Nov 29, 2015 7:52:06 AM org.apache.coyote.http11.Http11Protocol pause
INFO: Pausing Coyote HTTP/1.1 on http-8080
Nov 29, 2015 7:52:07 AM org.apache.catalina.core.StandardService stop
INFO: Stopping service Catalina
Nov 29, 2015 7:52:07 AM org.apache.coyote.http11.Http11Protocol destroy
INFO: Stopping Coyote HTTP/1.1 on http-8080
Nov 29, 2015 7:52:11 AM org.apache.catalina.core.AprLifecycleListener init
INFO: The APR based Apache Tomcat Native library which allows optimal performance in production environments was not found on the java.library.path: E:\Softwares\jdk1.5.0_04\bin;C:\Windows\Sun\Java\bin;C:\Windows\system32;C:\Windows;C:\Program Files (x86)\Microsoft ASP.NET\ASP.NET Web Pages\v1.0\;C:\Program Files\Microsoft SQL Server\110\Tools\Binn\;C:\Program Files (x86)\Microsoft SQL Server\110\Tools\Binn\ManagementStudio\;C:\Program Files (x86)\Microsoft SQL Server\110\Tools\Binn\;C:\Program Files (x86)\Microsoft SQL Server\110\DTS\Binn\;C:\Program Files\Microsoft SQL Server\110\DTS\Binn\;C:\Program Files (x86)\Windows Kits\8.1\Windows Performance Toolkit\;C:\Program Files\Microsoft\Web Platform Installer\;C:\Program Files (x86)\Microsoft SDKs\Azure\CLI\wbin;E:\Softwares\jre1.7.0_79-windows\jre1.7.0_79-windows\java-windows\bin;E:\Softwares\jdk1.5.0_04\bin;.;;.
Nov 29, 2015 7:52:11 AM org.apache.coyote.http11.Http11Protocol init
INFO: Initializing Coyote HTTP/1.1 on http-8080
Nov 29, 2015 7:52:11 AM org.apache.catalina.startup.Catalina load
INFO: Initialization processed in 484 ms
Nov 29, 2015 7:52:11 AM org.apache.catalina.core.StandardService start
INFO: Starting service Catalina
Nov 29, 2015 7:52:11 AM org.apache.catalina.core.StandardEngine start
INFO: Starting Servlet Engine: Apache Tomcat/6.0.44
Nov 29, 2015 7:52:11 AM org.apache.catalina.startup.HostConfig deployDescriptor
INFO: Deploying configuration descriptor host-manager.xml
Nov 29, 2015 7:52:11 AM org.apache.catalina.startup.HostConfig deployDescriptor
INFO: Deploying configuration descriptor manager.xml
Nov 29, 2015 7:52:11 AM org.apache.catalina.startup.HostConfig deployDirectory
INFO: Deploying web application directory docs
Nov 29, 2015 7:52:11 AM org.apache.catalina.startup.HostConfig deployDirectory
INFO: Deploying web application directory Ex1
Nov 29, 2015 7:52:11 AM org.apache.catalina.startup.HostConfig deployDirectory
INFO: Deploying web application directory Ex2
Nov 29, 2015 7:52:11 AM org.apache.catalina.startup.HostConfig deployDirectory
INFO: Deploying web application directory Ex3
Nov 29, 2015 7:52:11 AM org.apache.catalina.startup.HostConfig deployDirectory
INFO: Deploying web application directory Ex4
Nov 29, 2015 7:52:11 AM org.apache.catalina.startup.HostConfig deployDirectory
INFO: Deploying web application directory Ex5
Nov 29, 2015 7:52:11 AM org.apache.catalina.startup.HostConfig deployDirectory
INFO: Deploying web application directory Ex6
Nov 29, 2015 7:52:11 AM org.apache.catalina.startup.HostConfig deployDirectory
INFO: Deploying web application directory Ex7
Nov 29, 2015 7:52:12 AM org.apache.catalina.startup.HostConfig deployDirectory
INFO: Deploying web application directory examples
Nov 29, 2015 7:52:12 AM org.apache.catalina.startup.HostConfig deployDirectory
INFO: Deploying web application directory FirstWebsite
Nov 29, 2015 7:52:12 AM org.apache.catalina.startup.HostConfig deployDirectory
INFO: Deploying web application directory ROOT
Nov 29, 2015 7:52:12 AM org.apache.coyote.http11.Http11Protocol start
INFO: Starting Coyote HTTP/1.1 on http-8080
Nov 29, 2015 7:52:12 AM org.apache.jk.common.ChannelSocket init
INFO: JK: ajp13 listening on /0.0.0.0:8009
Nov 29, 2015 7:52:12 AM org.apache.jk.server.JkMain start
INFO: Jk running ID=0 time=0/64  config=null
Nov 29, 2015 7:52:13 AM org.apache.catalina.startup.Catalina start
INFO: Server startup in 1748 ms
Nov 29, 2015 7:53:20 AM org.apache.catalina.core.AprLifecycleListener init
INFO: The APR based Apache Tomcat Native library which allows optimal performance in production environments was not found on the java.library.path: E:\Softwares\jdk1.5.0_04\bin;C:\Windows\Sun\Java\bin;C:\Windows\system32;C:\Windows;C:\Program Files (x86)\Microsoft ASP.NET\ASP.NET Web Pages\v1.0\;C:\Program Files\Microsoft SQL Server\110\Tools\Binn\;C:\Program Files (x86)\Microsoft SQL Server\110\Tools\Binn\ManagementStudio\;C:\Program Files (x86)\Microsoft SQL Server\110\Tools\Binn\;C:\Program Files (x86)\Microsoft SQL Server\110\DTS\Binn\;C:\Program Files\Microsoft SQL Server\110\DTS\Binn\;C:\Program Files (x86)\Windows Kits\8.1\Windows Performance Toolkit\;C:\Program Files\Microsoft\Web Platform Installer\;C:\Program Files (x86)\Microsoft SDKs\Azure\CLI\wbin;E:\Softwares\jre1.7.0_79-windows\jre1.7.0_79-windows\java-windows\bin;E:\Softwares\jdk1.5.0_04\bin;.;;.
Nov 29, 2015 7:53:20 AM org.apache.coyote.http11.Http11Protocol init
SEVERE: Error initializing endpoint
java.net.SocketException: Unrecognized Windows Sockets error: 0: JVM_Bind
	at java.net.PlainSocketImpl.socketBind(Native Method)
	at java.net.PlainSocketImpl.bind(PlainSocketImpl.java:359)
	at java.net.ServerSocket.bind(ServerSocket.java:319)
	at java.net.ServerSocket.<init>(ServerSocket.java:185)
	at java.net.ServerSocket.<init>(ServerSocket.java:141)
	at org.apache.tomcat.util.net.DefaultServerSocketFactory.createSocket(DefaultServerSocketFactory.java:50)
	at org.apache.tomcat.util.net.JIoEndpoint.init(JIoEndpoint.java:538)
	at org.apache.coyote.http11.Http11Protocol.init(Http11Protocol.java:182)
	at org.apache.catalina.connector.Connector.initialize(Connector.java:1123)
	at org.apache.catalina.core.StandardService.initialize(StandardService.java:703)
	at org.apache.catalina.core.StandardServer.initialize(StandardServer.java:843)
	at org.apache.catalina.startup.Catalina.load(Catalina.java:538)
	at org.apache.catalina.startup.Catalina.load(Catalina.java:562)
	at sun.reflect.NativeMethodAccessorImpl.invoke0(Native Method)
	at sun.reflect.NativeMethodAccessorImpl.invoke(NativeMethodAccessorImpl.java:39)
	at sun.reflect.DelegatingMethodAccessorImpl.invoke(DelegatingMethodAccessorImpl.java:25)
	at java.lang.reflect.Method.invoke(Method.java:585)
	at org.apache.catalina.startup.Bootstrap.load(Bootstrap.java:261)
	at org.apache.catalina.startup.Bootstrap.main(Bootstrap.java:413)
Nov 29, 2015 7:53:20 AM org.apache.catalina.core.StandardService initialize
SEVERE: Failed to initialize connector [Connector[HTTP/1.1-8080]]
LifecycleException:  Protocol handler initialization failed: java.net.SocketException: Unrecognized Windows Sockets error: 0: JVM_Bind
	at org.apache.catalina.connector.Connector.initialize(Connector.java:1125)
	at org.apache.catalina.core.StandardService.initialize(StandardService.java:703)
	at org.apache.catalina.core.StandardServer.initialize(StandardServer.java:843)
	at org.apache.catalina.startup.Catalina.load(Catalina.java:538)
	at org.apache.catalina.startup.Catalina.load(Catalina.java:562)
	at sun.reflect.NativeMethodAccessorImpl.invoke0(Native Method)
	at sun.reflect.NativeMethodAccessorImpl.invoke(NativeMethodAccessorImpl.java:39)
	at sun.reflect.DelegatingMethodAccessorImpl.invoke(DelegatingMethodAccessorImpl.java:25)
	at java.lang.reflect.Method.invoke(Method.java:585)
	at org.apache.catalina.startup.Bootstrap.load(Bootstrap.java:261)
	at org.apache.catalina.startup.Bootstrap.main(Bootstrap.java:413)
Nov 29, 2015 7:53:20 AM org.apache.catalina.startup.Catalina load
INFO: Initialization processed in 1031 ms
Nov 29, 2015 7:53:20 AM org.apache.catalina.core.StandardService start
INFO: Starting service Catalina
Nov 29, 2015 7:53:20 AM org.apache.catalina.core.StandardEngine start
INFO: Starting Servlet Engine: Apache Tomcat/6.0.44
Nov 29, 2015 7:53:20 AM org.apache.catalina.startup.HostConfig deployDescriptor
INFO: Deploying configuration descriptor host-manager.xml
Nov 29, 2015 7:53:20 AM org.apache.catalina.startup.HostConfig deployDescriptor
INFO: Deploying configuration descriptor manager.xml
Nov 29, 2015 7:53:21 AM org.apache.catalina.startup.HostConfig deployDirectory
INFO: Deploying web application directory docs
Nov 29, 2015 7:53:21 AM org.apache.catalina.startup.HostConfig deployDirectory
INFO: Deploying web application directory Ex1
Nov 29, 2015 7:53:21 AM org.apache.catalina.startup.HostConfig deployDirectory
INFO: Deploying web application directory Ex2
Nov 29, 2015 7:53:21 AM org.apache.catalina.startup.HostConfig deployDirectory
INFO: Deploying web application directory Ex3
Nov 29, 2015 7:53:21 AM org.apache.catalina.startup.HostConfig deployDirectory
INFO: Deploying web application directory Ex4
Nov 29, 2015 7:53:21 AM org.apache.catalina.startup.HostConfig deployDirectory
INFO: Deploying web application directory Ex5
Nov 29, 2015 7:53:21 AM org.apache.catalina.startup.HostConfig deployDirectory
INFO: Deploying web application directory Ex6
Nov 29, 2015 7:53:21 AM org.apache.catalina.startup.HostConfig deployDirectory
INFO: Deploying web application directory Ex7
Nov 29, 2015 7:53:21 AM org.apache.catalina.startup.HostConfig deployDirectory
INFO: Deploying web application directory examples
Nov 29, 2015 7:53:21 AM org.apache.catalina.startup.HostConfig deployDirectory
INFO: Deploying web application directory FirstWebsite
Nov 29, 2015 7:53:21 AM org.apache.catalina.startup.HostConfig deployDirectory
INFO: Deploying web application directory ROOT
Nov 29, 2015 7:53:21 AM org.apache.coyote.http11.Http11Protocol start
SEVERE: Error starting endpoint
java.net.SocketException: Unrecognized Windows Sockets error: 0: JVM_Bind
	at java.net.PlainSocketImpl.socketBind(Native Method)
	at java.net.PlainSocketImpl.bind(PlainSocketImpl.java:359)
	at java.net.ServerSocket.bind(ServerSocket.java:319)
	at java.net.ServerSocket.<init>(ServerSocket.java:185)
	at java.net.ServerSocket.<init>(ServerSocket.java:141)
	at org.apache.tomcat.util.net.DefaultServerSocketFactory.createSocket(DefaultServerSocketFactory.java:50)
	at org.apache.tomcat.util.net.JIoEndpoint.init(JIoEndpoint.java:538)
	at org.apache.tomcat.util.net.JIoEndpoint.start(JIoEndpoint.java:565)
	at org.apache.coyote.http11.Http11Protocol.start(Http11Protocol.java:209)
	at org.apache.catalina.connector.Connector.start(Connector.java:1196)
	at org.apache.catalina.core.StandardService.start(StandardService.java:540)
	at org.apache.catalina.core.StandardServer.start(StandardServer.java:759)
	at org.apache.catalina.startup.Catalina.start(Catalina.java:595)
	at sun.reflect.NativeMethodAccessorImpl.invoke0(Native Method)
	at sun.reflect.NativeMethodAccessorImpl.invoke(NativeMethodAccessorImpl.java:39)
	at sun.reflect.DelegatingMethodAccessorImpl.invoke(DelegatingMethodAccessorImpl.java:25)
	at java.lang.reflect.Method.invoke(Method.java:585)
	at org.apache.catalina.startup.Bootstrap.start(Bootstrap.java:289)
	at org.apache.catalina.startup.Bootstrap.main(Bootstrap.java:414)
Nov 29, 2015 7:53:21 AM org.apache.catalina.core.StandardService start
SEVERE: Failed to start connector [Connector[HTTP/1.1-8080]]
LifecycleException:  service.getName(): "Catalina";  Protocol handler start failed: java.net.SocketException: Unrecognized Windows Sockets error: 0: JVM_Bind
	at org.apache.catalina.connector.Connector.start(Connector.java:1203)
	at org.apache.catalina.core.StandardService.start(StandardService.java:540)
	at org.apache.catalina.core.StandardServer.start(StandardServer.java:759)
	at org.apache.catalina.startup.Catalina.start(Catalina.java:595)
	at sun.reflect.NativeMethodAccessorImpl.invoke0(Native Method)
	at sun.reflect.NativeMethodAccessorImpl.invoke(NativeMethodAccessorImpl.java:39)
	at sun.reflect.DelegatingMethodAccessorImpl.invoke(DelegatingMethodAccessorImpl.java:25)
	at java.lang.reflect.Method.invoke(Method.java:585)
	at org.apache.catalina.startup.Bootstrap.start(Bootstrap.java:289)
	at org.apache.catalina.startup.Bootstrap.main(Bootstrap.java:414)
Nov 29, 2015 7:53:21 AM org.apache.jk.common.ChannelSocket init
INFO: Port busy 8009 java.net.SocketException: Unrecognized Windows Sockets error: 0: JVM_Bind
Nov 29, 2015 7:53:21 AM org.apache.jk.common.ChannelSocket init
SEVERE: Can't find free port 8009 8009
Nov 29, 2015 7:53:21 AM org.apache.jk.server.JkMain start
INFO: Jk running ID=0 time=0/19  config=null
Nov 29, 2015 7:53:21 AM org.apache.catalina.startup.Catalina start
INFO: Server startup in 1378 ms
Nov 29, 2015 7:53:21 AM org.apache.catalina.core.StandardServer await
SEVERE: StandardServer.await: create[8005]: 
java.net.BindException: Address already in use: JVM_Bind
	at java.net.PlainSocketImpl.socketBind(Native Method)
	at java.net.PlainSocketImpl.bind(PlainSocketImpl.java:359)
	at java.net.ServerSocket.bind(ServerSocket.java:319)
	at java.net.ServerSocket.<init>(ServerSocket.java:185)
	at org.apache.catalina.core.StandardServer.await(StandardServer.java:404)
	at org.apache.catalina.startup.Catalina.await(Catalina.java:676)
	at org.apache.catalina.startup.Catalina.start(Catalina.java:628)
	at sun.reflect.NativeMethodAccessorImpl.invoke0(Native Method)
	at sun.reflect.NativeMethodAccessorImpl.invoke(NativeMethodAccessorImpl.java:39)
	at sun.reflect.DelegatingMethodAccessorImpl.invoke(DelegatingMethodAccessorImpl.java:25)
	at java.lang.reflect.Method.invoke(Method.java:585)
	at org.apache.catalina.startup.Bootstrap.start(Bootstrap.java:289)
	at org.apache.catalina.startup.Bootstrap.main(Bootstrap.java:414)
Nov 29, 2015 7:53:21 AM org.apache.coyote.http11.Http11Protocol pause
INFO: Pausing Coyote HTTP/1.1 on http-8080
Nov 29, 2015 7:53:22 AM org.apache.catalina.core.StandardService stop
INFO: Stopping service Catalina
Nov 29, 2015 7:53:23 AM org.apache.coyote.http11.Http11Protocol destroy
INFO: Stopping Coyote HTTP/1.1 on http-8080
Nov 29, 2015 7:54:55 AM org.apache.coyote.http11.Http11Protocol pause
INFO: Pausing Coyote HTTP/1.1 on http-8080
Nov 29, 2015 7:54:56 AM org.apache.catalina.core.StandardService stop
INFO: Stopping service Catalina
Nov 29, 2015 7:54:56 AM org.apache.coyote.http11.Http11Protocol destroy
INFO: Stopping Coyote HTTP/1.1 on http-8080
Nov 29, 2015 7:55:01 AM org.apache.catalina.core.AprLifecycleListener init
INFO: The APR based Apache Tomcat Native library which allows optimal performance in production environments was not found on the java.library.path: E:\Softwares\jdk1.5.0_04\bin;C:\Windows\Sun\Java\bin;C:\Windows\system32;C:\Windows;C:\Program Files (x86)\Microsoft ASP.NET\ASP.NET Web Pages\v1.0\;C:\Program Files\Microsoft SQL Server\110\Tools\Binn\;C:\Program Files (x86)\Microsoft SQL Server\110\Tools\Binn\ManagementStudio\;C:\Program Files (x86)\Microsoft SQL Server\110\Tools\Binn\;C:\Program Files (x86)\Microsoft SQL Server\110\DTS\Binn\;C:\Program Files\Microsoft SQL Server\110\DTS\Binn\;C:\Program Files (x86)\Windows Kits\8.1\Windows Performance Toolkit\;C:\Program Files\Microsoft\Web Platform Installer\;C:\Program Files (x86)\Microsoft SDKs\Azure\CLI\wbin;E:\Softwares\jre1.7.0_79-windows\jre1.7.0_79-windows\java-windows\bin;E:\Softwares\jdk1.5.0_04\bin;.;;.
Nov 29, 2015 7:55:01 AM org.apache.coyote.http11.Http11Protocol init
INFO: Initializing Coyote HTTP/1.1 on http-8080
Nov 29, 2015 7:55:02 AM org.apache.catalina.startup.Catalina load
INFO: Initialization processed in 829 ms
Nov 29, 2015 7:55:02 AM org.apache.catalina.core.StandardService start
INFO: Starting service Catalina
Nov 29, 2015 7:55:02 AM org.apache.catalina.core.StandardEngine start
INFO: Starting Servlet Engine: Apache Tomcat/6.0.44
Nov 29, 2015 7:55:02 AM org.apache.catalina.startup.HostConfig deployDescriptor
INFO: Deploying configuration descriptor host-manager.xml
Nov 29, 2015 7:55:02 AM org.apache.catalina.startup.HostConfig deployDescriptor
INFO: Deploying configuration descriptor manager.xml
Nov 29, 2015 7:55:02 AM org.apache.catalina.startup.HostConfig deployDirectory
INFO: Deploying web application directory docs
Nov 29, 2015 7:55:02 AM org.apache.catalina.startup.HostConfig deployDirectory
INFO: Deploying web application directory Ex1
Nov 29, 2015 7:55:02 AM org.apache.catalina.startup.HostConfig deployDirectory
INFO: Deploying web application directory Ex2
Nov 29, 2015 7:55:02 AM org.apache.catalina.startup.HostConfig deployDirectory
INFO: Deploying web application directory Ex3
Nov 29, 2015 7:55:02 AM org.apache.catalina.startup.HostConfig deployDirectory
INFO: Deploying web application directory Ex4
Nov 29, 2015 7:55:02 AM org.apache.catalina.startup.HostConfig deployDirectory
INFO: Deploying web application directory Ex5
Nov 29, 2015 7:55:02 AM org.apache.catalina.startup.HostConfig deployDirectory
INFO: Deploying web application directory Ex6
Nov 29, 2015 7:55:03 AM org.apache.catalina.startup.HostConfig deployDirectory
INFO: Deploying web application directory Ex7
Nov 29, 2015 7:55:03 AM org.apache.catalina.startup.HostConfig deployDirectory
INFO: Deploying web application directory examples
Nov 29, 2015 7:55:03 AM org.apache.catalina.startup.HostConfig deployDirectory
INFO: Deploying web application directory FirstWebsite
Nov 29, 2015 7:55:03 AM org.apache.catalina.startup.HostConfig deployDirectory
INFO: Deploying web application directory ROOT
Nov 29, 2015 7:55:03 AM org.apache.coyote.http11.Http11Protocol start
INFO: Starting Coyote HTTP/1.1 on http-8080
Nov 29, 2015 7:55:03 AM org.apache.jk.common.ChannelSocket init
INFO: JK: ajp13 listening on /0.0.0.0:8009
Nov 29, 2015 7:55:03 AM org.apache.jk.server.JkMain start
INFO: Jk running ID=0 time=0/33  config=null
Nov 29, 2015 7:55:03 AM org.apache.catalina.startup.Catalina start
INFO: Server startup in 1551 ms
Nov 29, 2015 8:03:54 AM org.apache.coyote.http11.Http11Protocol pause
INFO: Pausing Coyote HTTP/1.1 on http-8080
Nov 29, 2015 8:03:55 AM org.apache.catalina.core.StandardService stop
INFO: Stopping service Catalina
Nov 29, 2015 8:03:55 AM org.apache.coyote.http11.Http11Protocol destroy
INFO: Stopping Coyote HTTP/1.1 on http-8080
Nov 29, 2015 8:03:59 AM org.apache.catalina.core.AprLifecycleListener init
INFO: The APR based Apache Tomcat Native library which allows optimal performance in production environments was not found on the java.library.path: E:\Softwares\jdk1.5.0_04\bin;C:\Windows\Sun\Java\bin;C:\Windows\system32;C:\Windows;C:\Program Files (x86)\Microsoft ASP.NET\ASP.NET Web Pages\v1.0\;C:\Program Files\Microsoft SQL Server\110\Tools\Binn\;C:\Program Files (x86)\Microsoft SQL Server\110\Tools\Binn\ManagementStudio\;C:\Program Files (x86)\Microsoft SQL Server\110\Tools\Binn\;C:\Program Files (x86)\Microsoft SQL Server\110\DTS\Binn\;C:\Program Files\Microsoft SQL Server\110\DTS\Binn\;C:\Program Files (x86)\Windows Kits\8.1\Windows Performance Toolkit\;C:\Program Files\Microsoft\Web Platform Installer\;C:\Program Files (x86)\Microsoft SDKs\Azure\CLI\wbin;E:\Softwares\jre1.7.0_79-windows\jre1.7.0_79-windows\java-windows\bin;E:\Softwares\jdk1.5.0_04\bin;.;;.
Nov 29, 2015 8:04:00 AM org.apache.coyote.http11.Http11Protocol init
INFO: Initializing Coyote HTTP/1.1 on http-8080
Nov 29, 2015 8:04:00 AM org.apache.catalina.startup.Catalina load
INFO: Initialization processed in 973 ms
Nov 29, 2015 8:04:00 AM org.apache.catalina.core.StandardService start
INFO: Starting service Catalina
Nov 29, 2015 8:04:00 AM org.apache.catalina.core.StandardEngine start
INFO: Starting Servlet Engine: Apache Tomcat/6.0.44
Nov 29, 2015 8:04:00 AM org.apache.catalina.startup.HostConfig deployDescriptor
INFO: Deploying configuration descriptor host-manager.xml
Nov 29, 2015 8:04:00 AM org.apache.catalina.startup.HostConfig deployDescriptor
INFO: Deploying configuration descriptor manager.xml
Nov 29, 2015 8:04:00 AM org.apache.catalina.startup.HostConfig deployDirectory
INFO: Deploying web application directory docs
Nov 29, 2015 8:04:00 AM org.apache.catalina.startup.HostConfig deployDirectory
INFO: Deploying web application directory Ex1
Nov 29, 2015 8:04:01 AM org.apache.catalina.startup.HostConfig deployDirectory
INFO: Deploying web application directory Ex2
Nov 29, 2015 8:04:01 AM org.apache.catalina.startup.HostConfig deployDirectory
INFO: Deploying web application directory Ex3
Nov 29, 2015 8:04:01 AM org.apache.catalina.startup.HostConfig deployDirectory
INFO: Deploying web application directory Ex4
Nov 29, 2015 8:04:01 AM org.apache.catalina.startup.HostConfig deployDirectory
INFO: Deploying web application directory Ex5
Nov 29, 2015 8:04:01 AM org.apache.catalina.startup.HostConfig deployDirectory
INFO: Deploying web application directory Ex6
Nov 29, 2015 8:04:01 AM org.apache.catalina.startup.HostConfig deployDirectory
INFO: Deploying web application directory Ex7
Nov 29, 2015 8:04:01 AM org.apache.catalina.startup.HostConfig deployDirectory
INFO: Deploying web application directory examples
Nov 29, 2015 8:04:01 AM org.apache.catalina.startup.HostConfig deployDirectory
INFO: Deploying web application directory FirstWebsite
Nov 29, 2015 8:04:01 AM org.apache.catalina.startup.HostConfig deployDirectory
INFO: Deploying web application directory ROOT
Nov 29, 2015 8:04:01 AM org.apache.coyote.http11.Http11Protocol start
INFO: Starting Coyote HTTP/1.1 on http-8080
Nov 29, 2015 8:04:01 AM org.apache.jk.common.ChannelSocket init
INFO: JK: ajp13 listening on /0.0.0.0:8009
Nov 29, 2015 8:04:01 AM org.apache.jk.server.JkMain start
INFO: Jk running ID=0 time=0/28  config=null
Nov 29, 2015 8:04:01 AM org.apache.catalina.startup.Catalina start
INFO: Server startup in 1544 ms
Nov 29, 2015 8:04:51 AM org.apache.coyote.http11.Http11Protocol pause
INFO: Pausing Coyote HTTP/1.1 on http-8080
Nov 29, 2015 8:04:52 AM org.apache.catalina.core.StandardService stop
INFO: Stopping service Catalina
Nov 29, 2015 8:04:52 AM org.apache.coyote.http11.Http11Protocol destroy
INFO: Stopping Coyote HTTP/1.1 on http-8080
Nov 29, 2015 8:05:12 AM org.apache.catalina.core.AprLifecycleListener init
INFO: The APR based Apache Tomcat Native library which allows optimal performance in production environments was not found on the java.library.path: E:\Softwares\jdk1.5.0_04\bin;C:\Windows\Sun\Java\bin;C:\Windows\system32;C:\Windows;C:\Program Files (x86)\Microsoft ASP.NET\ASP.NET Web Pages\v1.0\;C:\Program Files\Microsoft SQL Server\110\Tools\Binn\;C:\Program Files (x86)\Microsoft SQL Server\110\Tools\Binn\ManagementStudio\;C:\Program Files (x86)\Microsoft SQL Server\110\Tools\Binn\;C:\Program Files (x86)\Microsoft SQL Server\110\DTS\Binn\;C:\Program Files\Microsoft SQL Server\110\DTS\Binn\;C:\Program Files (x86)\Windows Kits\8.1\Windows Performance Toolkit\;C:\Program Files\Microsoft\Web Platform Installer\;C:\Program Files (x86)\Microsoft SDKs\Azure\CLI\wbin;E:\Softwares\jre1.7.0_79-windows\jre1.7.0_79-windows\java-windows\bin;E:\Softwares\jdk1.5.0_04\bin;.;;.
Nov 29, 2015 8:05:12 AM org.apache.coyote.http11.Http11Protocol init
INFO: Initializing Coyote HTTP/1.1 on http-8080
Nov 29, 2015 8:05:12 AM org.apache.catalina.startup.Catalina load
INFO: Initialization processed in 768 ms
Nov 29, 2015 8:05:12 AM org.apache.catalina.core.StandardService start
INFO: Starting service Catalina
Nov 29, 2015 8:05:12 AM org.apache.catalina.core.StandardEngine start
INFO: Starting Servlet Engine: Apache Tomcat/6.0.44
Nov 29, 2015 8:05:12 AM org.apache.catalina.startup.HostConfig deployDescriptor
INFO: Deploying configuration descriptor host-manager.xml
Nov 29, 2015 8:05:12 AM org.apache.catalina.startup.HostConfig deployDescriptor
INFO: Deploying configuration descriptor manager.xml
Nov 29, 2015 8:05:13 AM org.apache.catalina.startup.HostConfig deployDirectory
INFO: Deploying web application directory docs
Nov 29, 2015 8:05:13 AM org.apache.catalina.startup.HostConfig deployDirectory
INFO: Deploying web application directory Ex1
Nov 29, 2015 8:05:13 AM org.apache.catalina.startup.HostConfig deployDirectory
INFO: Deploying web application directory Ex2
Nov 29, 2015 8:05:13 AM org.apache.catalina.startup.HostConfig deployDirectory
INFO: Deploying web application directory Ex3
Nov 29, 2015 8:05:13 AM org.apache.catalina.startup.HostConfig deployDirectory
INFO: Deploying web application directory Ex4
Nov 29, 2015 8:05:13 AM org.apache.catalina.startup.HostConfig deployDirectory
INFO: Deploying web application directory Ex5
Nov 29, 2015 8:05:13 AM org.apache.catalina.startup.HostConfig deployDirectory
INFO: Deploying web application directory Ex6
Nov 29, 2015 8:05:13 AM org.apache.catalina.startup.HostConfig deployDirectory
INFO: Deploying web application directory Ex7
Nov 29, 2015 8:05:13 AM org.apache.catalina.startup.HostConfig deployDirectory
INFO: Deploying web application directory examples
Nov 29, 2015 8:05:13 AM org.apache.catalina.startup.HostConfig deployDirectory
INFO: Deploying web application directory FirstWebsite
Nov 29, 2015 8:05:13 AM org.apache.catalina.startup.HostConfig deployDirectory
INFO: Deploying web application directory ROOT
Nov 29, 2015 8:05:13 AM org.apache.coyote.http11.Http11Protocol start
INFO: Starting Coyote HTTP/1.1 on http-8080
Nov 29, 2015 8:05:13 AM org.apache.jk.common.ChannelSocket init
INFO: JK: ajp13 listening on /0.0.0.0:8009
Nov 29, 2015 8:05:13 AM org.apache.jk.server.JkMain start
INFO: Jk running ID=0 time=0/36  config=null
Nov 29, 2015 8:05:13 AM org.apache.catalina.startup.Catalina start
INFO: Server startup in 1490 ms
Nov 29, 2015 8:07:07 AM org.apache.coyote.http11.Http11Protocol pause
INFO: Pausing Coyote HTTP/1.1 on http-8080
Nov 29, 2015 8:07:08 AM org.apache.catalina.core.StandardService stop
INFO: Stopping service Catalina
Nov 29, 2015 8:07:08 AM org.apache.coyote.http11.Http11Protocol destroy
INFO: Stopping Coyote HTTP/1.1 on http-8080
Nov 29, 2015 8:07:12 AM org.apache.catalina.core.AprLifecycleListener init
INFO: The APR based Apache Tomcat Native library which allows optimal performance in production environments was not found on the java.library.path: E:\Softwares\jdk1.5.0_04\bin;C:\Windows\Sun\Java\bin;C:\Windows\system32;C:\Windows;C:\Program Files (x86)\Microsoft ASP.NET\ASP.NET Web Pages\v1.0\;C:\Program Files\Microsoft SQL Server\110\Tools\Binn\;C:\Program Files (x86)\Microsoft SQL Server\110\Tools\Binn\ManagementStudio\;C:\Program Files (x86)\Microsoft SQL Server\110\Tools\Binn\;C:\Program Files (x86)\Microsoft SQL Server\110\DTS\Binn\;C:\Program Files\Microsoft SQL Server\110\DTS\Binn\;C:\Program Files (x86)\Windows Kits\8.1\Windows Performance Toolkit\;C:\Program Files\Microsoft\Web Platform Installer\;C:\Program Files (x86)\Microsoft SDKs\Azure\CLI\wbin;E:\Softwares\jre1.7.0_79-windows\jre1.7.0_79-windows\java-windows\bin;E:\Softwares\jdk1.5.0_04\bin;.;;.
Nov 29, 2015 8:07:12 AM org.apache.coyote.http11.Http11Protocol init
INFO: Initializing Coyote HTTP/1.1 on http-8080
Nov 29, 2015 8:07:12 AM org.apache.catalina.startup.Catalina load
INFO: Initialization processed in 905 ms
Nov 29, 2015 8:07:12 AM org.apache.catalina.core.StandardService start
INFO: Starting service Catalina
Nov 29, 2015 8:07:12 AM org.apache.catalina.core.StandardEngine start
INFO: Starting Servlet Engine: Apache Tomcat/6.0.44
Nov 29, 2015 8:07:12 AM org.apache.catalina.startup.HostConfig deployDescriptor
INFO: Deploying configuration descriptor host-manager.xml
Nov 29, 2015 8:07:13 AM org.apache.catalina.startup.HostConfig deployDescriptor
INFO: Deploying configuration descriptor manager.xml
Nov 29, 2015 8:07:13 AM org.apache.catalina.startup.HostConfig deployDirectory
INFO: Deploying web application directory docs
Nov 29, 2015 8:07:13 AM org.apache.catalina.startup.HostConfig deployDirectory
INFO: Deploying web application directory Ex1
Nov 29, 2015 8:07:13 AM org.apache.catalina.startup.HostConfig deployDirectory
INFO: Deploying web application directory Ex2
Nov 29, 2015 8:07:13 AM org.apache.catalina.startup.HostConfig deployDirectory
INFO: Deploying web application directory Ex3
Nov 29, 2015 8:07:13 AM org.apache.catalina.startup.HostConfig deployDirectory
INFO: Deploying web application directory Ex4
Nov 29, 2015 8:07:13 AM org.apache.catalina.startup.HostConfig deployDirectory
INFO: Deploying web application directory Ex5
Nov 29, 2015 8:07:13 AM org.apache.catalina.startup.HostConfig deployDirectory
INFO: Deploying web application directory Ex6
Nov 29, 2015 8:07:13 AM org.apache.catalina.startup.HostConfig deployDirectory
INFO: Deploying web application directory Ex7
Nov 29, 2015 8:07:14 AM org.apache.catalina.startup.HostConfig deployDirectory
INFO: Deploying web application directory examples
Nov 29, 2015 8:07:14 AM org.apache.catalina.startup.HostConfig deployDirectory
INFO: Deploying web application directory FirstWebsite
Nov 29, 2015 8:07:14 AM org.apache.catalina.startup.HostConfig deployDirectory
INFO: Deploying web application directory ROOT
Nov 29, 2015 8:07:14 AM org.apache.coyote.http11.Http11Protocol start
INFO: Starting Coyote HTTP/1.1 on http-8080
Nov 29, 2015 8:07:14 AM org.apache.jk.common.ChannelSocket init
INFO: JK: ajp13 listening on /0.0.0.0:8009
Nov 29, 2015 8:07:14 AM org.apache.jk.server.JkMain start
INFO: Jk running ID=0 time=0/59  config=null
Nov 29, 2015 8:07:14 AM org.apache.catalina.startup.Catalina start
INFO: Server startup in 1789 ms
Nov 29, 2015 8:09:19 AM org.apache.coyote.http11.Http11Protocol pause
INFO: Pausing Coyote HTTP/1.1 on http-8080
Nov 29, 2015 8:09:20 AM org.apache.catalina.core.StandardService stop
INFO: Stopping service Catalina
Nov 29, 2015 8:09:20 AM org.apache.coyote.http11.Http11Protocol destroy
INFO: Stopping Coyote HTTP/1.1 on http-8080
Nov 29, 2015 8:09:25 AM org.apache.catalina.core.AprLifecycleListener init
INFO: The APR based Apache Tomcat Native library which allows optimal performance in production environments was not found on the java.library.path: E:\Softwares\jdk1.5.0_04\bin;C:\Windows\Sun\Java\bin;C:\Windows\system32;C:\Windows;C:\Program Files (x86)\Microsoft ASP.NET\ASP.NET Web Pages\v1.0\;C:\Program Files\Microsoft SQL Server\110\Tools\Binn\;C:\Program Files (x86)\Microsoft SQL Server\110\Tools\Binn\ManagementStudio\;C:\Program Files (x86)\Microsoft SQL Server\110\Tools\Binn\;C:\Program Files (x86)\Microsoft SQL Server\110\DTS\Binn\;C:\Program Files\Microsoft SQL Server\110\DTS\Binn\;C:\Program Files (x86)\Windows Kits\8.1\Windows Performance Toolkit\;C:\Program Files\Microsoft\Web Platform Installer\;C:\Program Files (x86)\Microsoft SDKs\Azure\CLI\wbin;E:\Softwares\jre1.7.0_79-windows\jre1.7.0_79-windows\java-windows\bin;E:\Softwares\jdk1.5.0_04\bin;.;;.
Nov 29, 2015 8:09:26 AM org.apache.coyote.http11.Http11Protocol init
INFO: Initializing Coyote HTTP/1.1 on http-8080
Nov 29, 2015 8:09:26 AM org.apache.catalina.startup.Catalina load
INFO: Initialization processed in 829 ms
Nov 29, 2015 8:09:26 AM org.apache.catalina.core.StandardService start
INFO: Starting service Catalina
Nov 29, 2015 8:09:26 AM org.apache.catalina.core.StandardEngine start
INFO: Starting Servlet Engine: Apache Tomcat/6.0.44
Nov 29, 2015 8:09:26 AM org.apache.catalina.startup.HostConfig deployDescriptor
INFO: Deploying configuration descriptor host-manager.xml
Nov 29, 2015 8:09:26 AM org.apache.catalina.startup.HostConfig deployDescriptor
INFO: Deploying configuration descriptor manager.xml
Nov 29, 2015 8:09:26 AM org.apache.catalina.startup.HostConfig deployDirectory
INFO: Deploying web application directory docs
Nov 29, 2015 8:09:26 AM org.apache.catalina.startup.HostConfig deployDirectory
INFO: Deploying web application directory Ex1
Nov 29, 2015 8:09:26 AM org.apache.catalina.startup.HostConfig deployDirectory
INFO: Deploying web application directory Ex2
Nov 29, 2015 8:09:26 AM org.apache.catalina.startup.HostConfig deployDirectory
INFO: Deploying web application directory Ex3
Nov 29, 2015 8:09:26 AM org.apache.catalina.startup.HostConfig deployDirectory
INFO: Deploying web application directory Ex4
Nov 29, 2015 8:09:27 AM org.apache.catalina.startup.HostConfig deployDirectory
INFO: Deploying web application directory Ex5
Nov 29, 2015 8:09:27 AM org.apache.catalina.startup.HostConfig deployDirectory
INFO: Deploying web application directory Ex6
Nov 29, 2015 8:09:27 AM org.apache.catalina.startup.HostConfig deployDirectory
INFO: Deploying web application directory Ex7
Nov 29, 2015 8:09:27 AM org.apache.catalina.startup.HostConfig deployDirectory
INFO: Deploying web application directory examples
Nov 29, 2015 8:09:27 AM org.apache.catalina.startup.HostConfig deployDirectory
INFO: Deploying web application directory FirstWebsite
Nov 29, 2015 8:09:27 AM org.apache.catalina.startup.HostConfig deployDirectory
INFO: Deploying web application directory ROOT
Nov 29, 2015 8:09:27 AM org.apache.coyote.http11.Http11Protocol start
INFO: Starting Coyote HTTP/1.1 on http-8080
Nov 29, 2015 8:09:27 AM org.apache.jk.common.ChannelSocket init
INFO: JK: ajp13 listening on /0.0.0.0:8009
Nov 29, 2015 8:09:27 AM org.apache.jk.server.JkMain start
INFO: Jk running ID=0 time=0/32  config=null
Nov 29, 2015 8:09:27 AM org.apache.catalina.startup.Catalina start
INFO: Server startup in 1455 ms
Nov 29, 2015 8:13:10 AM org.apache.coyote.http11.Http11Protocol pause
INFO: Pausing Coyote HTTP/1.1 on http-8080
Nov 29, 2015 8:13:11 AM org.apache.catalina.core.StandardService stop
INFO: Stopping service Catalina
Nov 29, 2015 8:13:11 AM org.apache.coyote.http11.Http11Protocol destroy
INFO: Stopping Coyote HTTP/1.1 on http-8080
Nov 29, 2015 8:13:16 AM org.apache.catalina.core.AprLifecycleListener init
INFO: The APR based Apache Tomcat Native library which allows optimal performance in production environments was not found on the java.library.path: E:\Softwares\jdk1.5.0_04\bin;C:\Windows\Sun\Java\bin;C:\Windows\system32;C:\Windows;C:\Program Files (x86)\Microsoft ASP.NET\ASP.NET Web Pages\v1.0\;C:\Program Files\Microsoft SQL Server\110\Tools\Binn\;C:\Program Files (x86)\Microsoft SQL Server\110\Tools\Binn\ManagementStudio\;C:\Program Files (x86)\Microsoft SQL Server\110\Tools\Binn\;C:\Program Files (x86)\Microsoft SQL Server\110\DTS\Binn\;C:\Program Files\Microsoft SQL Server\110\DTS\Binn\;C:\Program Files (x86)\Windows Kits\8.1\Windows Performance Toolkit\;C:\Program Files\Microsoft\Web Platform Installer\;C:\Program Files (x86)\Microsoft SDKs\Azure\CLI\wbin;E:\Softwares\jre1.7.0_79-windows\jre1.7.0_79-windows\java-windows\bin;E:\Softwares\jdk1.5.0_04\bin;.;;.
Nov 29, 2015 8:13:16 AM org.apache.coyote.http11.Http11Protocol init
INFO: Initializing Coyote HTTP/1.1 on http-8080
Nov 29, 2015 8:13:16 AM org.apache.catalina.startup.Catalina load
INFO: Initialization processed in 959 ms
Nov 29, 2015 8:13:16 AM org.apache.catalina.core.StandardService start
INFO: Starting service Catalina
Nov 29, 2015 8:13:16 AM org.apache.catalina.core.StandardEngine start
INFO: Starting Servlet Engine: Apache Tomcat/6.0.44
Nov 29, 2015 8:13:16 AM org.apache.catalina.startup.HostConfig deployDescriptor
INFO: Deploying configuration descriptor host-manager.xml
Nov 29, 2015 8:13:17 AM org.apache.catalina.startup.HostConfig deployDescriptor
INFO: Deploying configuration descriptor manager.xml
Nov 29, 2015 8:13:17 AM org.apache.catalina.startup.HostConfig deployDirectory
INFO: Deploying web application directory docs
Nov 29, 2015 8:13:17 AM org.apache.catalina.startup.HostConfig deployDirectory
INFO: Deploying web application directory Ex1
Nov 29, 2015 8:13:17 AM org.apache.catalina.startup.HostConfig deployDirectory
INFO: Deploying web application directory Ex2
Nov 29, 2015 8:13:17 AM org.apache.catalina.startup.HostConfig deployDirectory
INFO: Deploying web application directory Ex3
Nov 29, 2015 8:13:17 AM org.apache.catalina.startup.HostConfig deployDirectory
INFO: Deploying web application directory Ex4
Nov 29, 2015 8:13:17 AM org.apache.catalina.startup.HostConfig deployDirectory
INFO: Deploying web application directory Ex5
Nov 29, 2015 8:13:17 AM org.apache.catalina.startup.HostConfig deployDirectory
INFO: Deploying web application directory Ex6
Nov 29, 2015 8:13:17 AM org.apache.catalina.startup.HostConfig deployDirectory
INFO: Deploying web application directory Ex7
Nov 29, 2015 8:13:17 AM org.apache.catalina.startup.HostConfig deployDirectory
INFO: Deploying web application directory examples
Nov 29, 2015 8:13:18 AM org.apache.catalina.startup.HostConfig deployDirectory
INFO: Deploying web application directory FirstWebsite
Nov 29, 2015 8:13:18 AM org.apache.catalina.startup.HostConfig deployDirectory
INFO: Deploying web application directory ROOT
Nov 29, 2015 8:13:18 AM org.apache.coyote.http11.Http11Protocol start
INFO: Starting Coyote HTTP/1.1 on http-8080
Nov 29, 2015 8:13:18 AM org.apache.jk.common.ChannelSocket init
INFO: JK: ajp13 listening on /0.0.0.0:8009
Nov 29, 2015 8:13:18 AM org.apache.jk.server.JkMain start
INFO: Jk running ID=0 time=0/16  config=null
Nov 29, 2015 8:13:18 AM org.apache.catalina.startup.Catalina start
INFO: Server startup in 1558 ms
Nov 29, 2015 8:21:29 AM org.apache.coyote.http11.Http11Protocol pause
INFO: Pausing Coyote HTTP/1.1 on http-8080
Nov 29, 2015 8:21:30 AM org.apache.catalina.core.StandardService stop
INFO: Stopping service Catalina
Nov 29, 2015 8:21:30 AM org.apache.coyote.http11.Http11Protocol destroy
INFO: Stopping Coyote HTTP/1.1 on http-8080
Nov 29, 2015 8:21:58 AM org.apache.catalina.core.AprLifecycleListener init
INFO: The APR based Apache Tomcat Native library which allows optimal performance in production environments was not found on the java.library.path: E:\Softwares\jdk1.5.0_04\bin;C:\Windows\Sun\Java\bin;C:\Windows\system32;C:\Windows;C:\Program Files (x86)\Microsoft ASP.NET\ASP.NET Web Pages\v1.0\;C:\Program Files\Microsoft SQL Server\110\Tools\Binn\;C:\Program Files (x86)\Microsoft SQL Server\110\Tools\Binn\ManagementStudio\;C:\Program Files (x86)\Microsoft SQL Server\110\Tools\Binn\;C:\Program Files (x86)\Microsoft SQL Server\110\DTS\Binn\;C:\Program Files\Microsoft SQL Server\110\DTS\Binn\;C:\Program Files (x86)\Windows Kits\8.1\Windows Performance Toolkit\;C:\Program Files\Microsoft\Web Platform Installer\;C:\Program Files (x86)\Microsoft SDKs\Azure\CLI\wbin;E:\Softwares\jre1.7.0_79-windows\jre1.7.0_79-windows\java-windows\bin;E:\Softwares\jdk1.5.0_04\bin;.;;.
Nov 29, 2015 8:21:58 AM org.apache.coyote.http11.Http11Protocol init
INFO: Initializing Coyote HTTP/1.1 on http-8080
Nov 29, 2015 8:21:58 AM org.apache.catalina.startup.Catalina load
INFO: Initialization processed in 1059 ms
Nov 29, 2015 8:21:58 AM org.apache.catalina.core.StandardService start
INFO: Starting service Catalina
Nov 29, 2015 8:21:58 AM org.apache.catalina.core.StandardEngine start
INFO: Starting Servlet Engine: Apache Tomcat/6.0.44
Nov 29, 2015 8:21:58 AM org.apache.catalina.startup.HostConfig deployDescriptor
INFO: Deploying configuration descriptor host-manager.xml
Nov 29, 2015 8:21:59 AM org.apache.catalina.startup.HostConfig deployDescriptor
INFO: Deploying configuration descriptor manager.xml
Nov 29, 2015 8:21:59 AM org.apache.catalina.startup.HostConfig deployDirectory
INFO: Deploying web application directory docs
Nov 29, 2015 8:21:59 AM org.apache.catalina.startup.HostConfig deployDirectory
INFO: Deploying web application directory Ex1
Nov 29, 2015 8:21:59 AM org.apache.catalina.startup.HostConfig deployDirectory
INFO: Deploying web application directory Ex2
Nov 29, 2015 8:21:59 AM org.apache.catalina.startup.HostConfig deployDirectory
INFO: Deploying web application directory Ex3
Nov 29, 2015 8:21:59 AM org.apache.catalina.startup.HostConfig deployDirectory
INFO: Deploying web application directory Ex4
Nov 29, 2015 8:21:59 AM org.apache.catalina.startup.HostConfig deployDirectory
INFO: Deploying web application directory Ex5
Nov 29, 2015 8:21:59 AM org.apache.catalina.startup.HostConfig deployDirectory
INFO: Deploying web application directory Ex6
Nov 29, 2015 8:21:59 AM org.apache.catalina.startup.HostConfig deployDirectory
INFO: Deploying web application directory Ex7
Nov 29, 2015 8:21:59 AM org.apache.catalina.startup.HostConfig deployDirectory
INFO: Deploying web application directory examples
Nov 29, 2015 8:22:00 AM org.apache.catalina.startup.HostConfig deployDirectory
INFO: Deploying web application directory FirstWebsite
Nov 29, 2015 8:22:00 AM org.apache.catalina.startup.HostConfig deployDirectory
INFO: Deploying web application directory ROOT
Nov 29, 2015 8:22:00 AM org.apache.coyote.http11.Http11Protocol start
INFO: Starting Coyote HTTP/1.1 on http-8080
Nov 29, 2015 8:22:00 AM org.apache.jk.common.ChannelSocket init
INFO: JK: ajp13 listening on /0.0.0.0:8009
Nov 29, 2015 8:22:00 AM org.apache.jk.server.JkMain start
INFO: Jk running ID=0 time=0/47  config=null
Nov 29, 2015 8:22:00 AM org.apache.catalina.startup.Catalina start
INFO: Server startup in 1723 ms
Nov 29, 2015 8:23:00 AM org.apache.catalina.startup.HostConfig deployDirectory
INFO: Deploying web application directory Ex7 - Copy
Nov 29, 2015 8:23:20 AM org.apache.catalina.startup.HostConfig checkResources
INFO: Undeploying context [/Ex7 - Copy]
Nov 29, 2015 8:23:20 AM org.apache.catalina.startup.HostConfig deployDirectory
INFO: Deploying web application directory Ex8
Nov 29, 2015 8:24:35 AM org.apache.coyote.http11.Http11Protocol pause
INFO: Pausing Coyote HTTP/1.1 on http-8080
Nov 29, 2015 8:24:36 AM org.apache.catalina.core.StandardService stop
INFO: Stopping service Catalina
Nov 29, 2015 8:24:36 AM org.apache.coyote.http11.Http11Protocol destroy
INFO: Stopping Coyote HTTP/1.1 on http-8080
Nov 29, 2015 8:24:42 AM org.apache.catalina.core.AprLifecycleListener init
INFO: The APR based Apache Tomcat Native library which allows optimal performance in production environments was not found on the java.library.path: E:\Softwares\jdk1.5.0_04\bin;C:\Windows\Sun\Java\bin;C:\Windows\system32;C:\Windows;C:\Program Files (x86)\Microsoft ASP.NET\ASP.NET Web Pages\v1.0\;C:\Program Files\Microsoft SQL Server\110\Tools\Binn\;C:\Program Files (x86)\Microsoft SQL Server\110\Tools\Binn\ManagementStudio\;C:\Program Files (x86)\Microsoft SQL Server\110\Tools\Binn\;C:\Program Files (x86)\Microsoft SQL Server\110\DTS\Binn\;C:\Program Files\Microsoft SQL Server\110\DTS\Binn\;C:\Program Files (x86)\Windows Kits\8.1\Windows Performance Toolkit\;C:\Program Files\Microsoft\Web Platform Installer\;C:\Program Files (x86)\Microsoft SDKs\Azure\CLI\wbin;E:\Softwares\jre1.7.0_79-windows\jre1.7.0_79-windows\java-windows\bin;E:\Softwares\jdk1.5.0_04\bin;.;;.
Nov 29, 2015 8:24:42 AM org.apache.coyote.http11.Http11Protocol init
INFO: Initializing Coyote HTTP/1.1 on http-8080
Nov 29, 2015 8:24:42 AM org.apache.catalina.startup.Catalina load
INFO: Initialization processed in 805 ms
Nov 29, 2015 8:24:42 AM org.apache.catalina.core.StandardService start
INFO: Starting service Catalina
Nov 29, 2015 8:24:42 AM org.apache.catalina.core.StandardEngine start
INFO: Starting Servlet Engine: Apache Tomcat/6.0.44
Nov 29, 2015 8:24:42 AM org.apache.catalina.startup.HostConfig deployDescriptor
INFO: Deploying configuration descriptor host-manager.xml
Nov 29, 2015 8:24:43 AM org.apache.catalina.startup.HostConfig deployDescriptor
INFO: Deploying configuration descriptor manager.xml
Nov 29, 2015 8:24:43 AM org.apache.catalina.startup.HostConfig deployDirectory
INFO: Deploying web application directory docs
Nov 29, 2015 8:24:43 AM org.apache.catalina.startup.HostConfig deployDirectory
INFO: Deploying web application directory Ex1
Nov 29, 2015 8:24:43 AM org.apache.catalina.startup.HostConfig deployDirectory
INFO: Deploying web application directory Ex2
Nov 29, 2015 8:24:43 AM org.apache.catalina.startup.HostConfig deployDirectory
INFO: Deploying web application directory Ex3
Nov 29, 2015 8:24:43 AM org.apache.catalina.startup.HostConfig deployDirectory
INFO: Deploying web application directory Ex4
Nov 29, 2015 8:24:43 AM org.apache.catalina.startup.HostConfig deployDirectory
INFO: Deploying web application directory Ex5
Nov 29, 2015 8:24:43 AM org.apache.catalina.startup.HostConfig deployDirectory
INFO: Deploying web application directory Ex6
Nov 29, 2015 8:24:43 AM org.apache.catalina.startup.HostConfig deployDirectory
INFO: Deploying web application directory Ex7
Nov 29, 2015 8:24:43 AM org.apache.catalina.startup.HostConfig deployDirectory
INFO: Deploying web application directory Ex8
Nov 29, 2015 8:24:43 AM org.apache.catalina.startup.HostConfig deployDirectory
INFO: Deploying web application directory examples
Nov 29, 2015 8:24:44 AM org.apache.catalina.startup.HostConfig deployDirectory
INFO: Deploying web application directory FirstWebsite
Nov 29, 2015 8:24:44 AM org.apache.catalina.startup.HostConfig deployDirectory
INFO: Deploying web application directory ROOT
Nov 29, 2015 8:24:44 AM org.apache.coyote.http11.Http11Protocol start
INFO: Starting Coyote HTTP/1.1 on http-8080
Nov 29, 2015 8:24:44 AM org.apache.jk.common.ChannelSocket init
INFO: JK: ajp13 listening on /0.0.0.0:8009
Nov 29, 2015 8:24:44 AM org.apache.jk.server.JkMain start
INFO: Jk running ID=0 time=0/31  config=null
Nov 29, 2015 8:24:44 AM org.apache.catalina.startup.Catalina start
INFO: Server startup in 1447 ms
Nov 29, 2015 8:26:40 AM org.apache.coyote.http11.Http11Protocol pause
INFO: Pausing Coyote HTTP/1.1 on http-8080
Nov 29, 2015 8:26:41 AM org.apache.catalina.core.StandardService stop
INFO: Stopping service Catalina
Nov 29, 2015 8:26:41 AM org.apache.coyote.http11.Http11Protocol destroy
INFO: Stopping Coyote HTTP/1.1 on http-8080
Nov 29, 2015 8:26:44 AM org.apache.catalina.core.AprLifecycleListener init
INFO: The APR based Apache Tomcat Native library which allows optimal performance in production environments was not found on the java.library.path: E:\Softwares\jdk1.5.0_04\bin;C:\Windows\Sun\Java\bin;C:\Windows\system32;C:\Windows;C:\Program Files (x86)\Microsoft ASP.NET\ASP.NET Web Pages\v1.0\;C:\Program Files\Microsoft SQL Server\110\Tools\Binn\;C:\Program Files (x86)\Microsoft SQL Server\110\Tools\Binn\ManagementStudio\;C:\Program Files (x86)\Microsoft SQL Server\110\Tools\Binn\;C:\Program Files (x86)\Microsoft SQL Server\110\DTS\Binn\;C:\Program Files\Microsoft SQL Server\110\DTS\Binn\;C:\Program Files (x86)\Windows Kits\8.1\Windows Performance Toolkit\;C:\Program Files\Microsoft\Web Platform Installer\;C:\Program Files (x86)\Microsoft SDKs\Azure\CLI\wbin;E:\Softwares\jre1.7.0_79-windows\jre1.7.0_79-windows\java-windows\bin;E:\Softwares\jdk1.5.0_04\bin;.;;.
Nov 29, 2015 8:26:45 AM org.apache.coyote.http11.Http11Protocol init
INFO: Initializing Coyote HTTP/1.1 on http-8080
Nov 29, 2015 8:26:45 AM org.apache.catalina.startup.Catalina load
INFO: Initialization processed in 908 ms
Nov 29, 2015 8:26:45 AM org.apache.catalina.core.StandardService start
INFO: Starting service Catalina
Nov 29, 2015 8:26:45 AM org.apache.catalina.core.StandardEngine start
INFO: Starting Servlet Engine: Apache Tomcat/6.0.44
Nov 29, 2015 8:26:45 AM org.apache.catalina.startup.HostConfig deployDescriptor
INFO: Deploying configuration descriptor host-manager.xml
Nov 29, 2015 8:26:45 AM org.apache.catalina.startup.HostConfig deployDescriptor
INFO: Deploying configuration descriptor manager.xml
Nov 29, 2015 8:26:46 AM org.apache.catalina.startup.HostConfig deployDirectory
INFO: Deploying web application directory docs
Nov 29, 2015 8:26:46 AM org.apache.catalina.startup.HostConfig deployDirectory
INFO: Deploying web application directory Ex1
Nov 29, 2015 8:26:46 AM org.apache.catalina.startup.HostConfig deployDirectory
INFO: Deploying web application directory Ex2
Nov 29, 2015 8:26:46 AM org.apache.catalina.startup.HostConfig deployDirectory
INFO: Deploying web application directory Ex3
Nov 29, 2015 8:26:46 AM org.apache.catalina.startup.HostConfig deployDirectory
INFO: Deploying web application directory Ex4
Nov 29, 2015 8:26:46 AM org.apache.catalina.startup.HostConfig deployDirectory
INFO: Deploying web application directory Ex5
Nov 29, 2015 8:26:46 AM org.apache.catalina.startup.HostConfig deployDirectory
INFO: Deploying web application directory Ex6
Nov 29, 2015 8:26:46 AM org.apache.catalina.startup.HostConfig deployDirectory
INFO: Deploying web application directory Ex7
Nov 29, 2015 8:26:46 AM org.apache.catalina.startup.HostConfig deployDirectory
INFO: Deploying web application directory Ex8
Nov 29, 2015 8:26:46 AM org.apache.catalina.startup.HostConfig deployDirectory
INFO: Deploying web application directory examples
Nov 29, 2015 8:26:47 AM org.apache.catalina.startup.HostConfig deployDirectory
INFO: Deploying web application directory FirstWebsite
Nov 29, 2015 8:26:47 AM org.apache.catalina.startup.HostConfig deployDirectory
INFO: Deploying web application directory ROOT
Nov 29, 2015 8:26:47 AM org.apache.coyote.http11.Http11Protocol start
INFO: Starting Coyote HTTP/1.1 on http-8080
Nov 29, 2015 8:26:47 AM org.apache.jk.common.ChannelSocket init
INFO: JK: ajp13 listening on /0.0.0.0:8009
Nov 29, 2015 8:26:47 AM org.apache.jk.server.JkMain start
INFO: Jk running ID=0 time=0/31  config=null
Nov 29, 2015 8:26:47 AM org.apache.catalina.startup.Catalina start
INFO: Server startup in 2094 ms
Nov 29, 2015 8:29:37 AM org.apache.catalina.startup.HostConfig deployDirectory
INFO: Deploying web application directory ReqDisp1
Nov 29, 2015 8:32:42 AM org.apache.coyote.http11.Http11Protocol pause
INFO: Pausing Coyote HTTP/1.1 on http-8080
Nov 29, 2015 8:32:43 AM org.apache.catalina.core.StandardService stop
INFO: Stopping service Catalina
Nov 29, 2015 8:32:43 AM org.apache.coyote.http11.Http11Protocol destroy
INFO: Stopping Coyote HTTP/1.1 on http-8080
Nov 29, 2015 8:32:57 AM org.apache.catalina.core.AprLifecycleListener init
INFO: The APR based Apache Tomcat Native library which allows optimal performance in production environments was not found on the java.library.path: E:\Softwares\jdk1.5.0_04\bin;C:\Windows\Sun\Java\bin;C:\Windows\system32;C:\Windows;C:\Program Files (x86)\Microsoft ASP.NET\ASP.NET Web Pages\v1.0\;C:\Program Files\Microsoft SQL Server\110\Tools\Binn\;C:\Program Files (x86)\Microsoft SQL Server\110\Tools\Binn\ManagementStudio\;C:\Program Files (x86)\Microsoft SQL Server\110\Tools\Binn\;C:\Program Files (x86)\Microsoft SQL Server\110\DTS\Binn\;C:\Program Files\Microsoft SQL Server\110\DTS\Binn\;C:\Program Files (x86)\Windows Kits\8.1\Windows Performance Toolkit\;C:\Program Files\Microsoft\Web Platform Installer\;C:\Program Files (x86)\Microsoft SDKs\Azure\CLI\wbin;E:\Softwares\jre1.7.0_79-windows\jre1.7.0_79-windows\java-windows\bin;E:\Softwares\jdk1.5.0_04\bin;.;;.
Nov 29, 2015 8:32:57 AM org.apache.coyote.http11.Http11Protocol init
INFO: Initializing Coyote HTTP/1.1 on http-8080
Nov 29, 2015 8:32:57 AM org.apache.catalina.startup.Catalina load
INFO: Initialization processed in 953 ms
Nov 29, 2015 8:32:57 AM org.apache.catalina.core.StandardService start
INFO: Starting service Catalina
Nov 29, 2015 8:32:57 AM org.apache.catalina.core.StandardEngine start
INFO: Starting Servlet Engine: Apache Tomcat/6.0.44
Nov 29, 2015 8:32:57 AM org.apache.catalina.startup.HostConfig deployDescriptor
INFO: Deploying configuration descriptor host-manager.xml
Nov 29, 2015 8:32:58 AM org.apache.catalina.startup.HostConfig deployDescriptor
INFO: Deploying configuration descriptor manager.xml
Nov 29, 2015 8:32:58 AM org.apache.catalina.startup.HostConfig deployDirectory
INFO: Deploying web application directory docs
Nov 29, 2015 8:32:58 AM org.apache.catalina.startup.HostConfig deployDirectory
INFO: Deploying web application directory Ex1
Nov 29, 2015 8:32:58 AM org.apache.catalina.startup.HostConfig deployDirectory
INFO: Deploying web application directory Ex2
Nov 29, 2015 8:32:58 AM org.apache.catalina.startup.HostConfig deployDirectory
INFO: Deploying web application directory Ex3
Nov 29, 2015 8:32:58 AM org.apache.catalina.startup.HostConfig deployDirectory
INFO: Deploying web application directory Ex4
Nov 29, 2015 8:32:58 AM org.apache.catalina.startup.HostConfig deployDirectory
INFO: Deploying web application directory Ex5
Nov 29, 2015 8:32:59 AM org.apache.catalina.startup.HostConfig deployDirectory
INFO: Deploying web application directory Ex6
Nov 29, 2015 8:32:59 AM org.apache.catalina.startup.HostConfig deployDirectory
INFO: Deploying web application directory Ex7
Nov 29, 2015 8:32:59 AM org.apache.catalina.startup.HostConfig deployDirectory
INFO: Deploying web application directory Ex8
Nov 29, 2015 8:32:59 AM org.apache.catalina.startup.HostConfig deployDirectory
INFO: Deploying web application directory examples
Nov 29, 2015 8:32:59 AM org.apache.catalina.startup.HostConfig deployDirectory
INFO: Deploying web application directory FirstWebsite
Nov 29, 2015 8:32:59 AM org.apache.catalina.startup.HostConfig deployDirectory
INFO: Deploying web application directory ReqDisp1
Nov 29, 2015 8:32:59 AM org.apache.catalina.startup.HostConfig deployDirectory
INFO: Deploying web application directory ROOT
Nov 29, 2015 8:32:59 AM org.apache.coyote.http11.Http11Protocol start
INFO: Starting Coyote HTTP/1.1 on http-8080
Nov 29, 2015 8:32:59 AM org.apache.jk.common.ChannelSocket init
INFO: JK: ajp13 listening on /0.0.0.0:8009
Nov 29, 2015 8:32:59 AM org.apache.jk.server.JkMain start
INFO: Jk running ID=0 time=0/47  config=null
Nov 29, 2015 8:32:59 AM org.apache.catalina.startup.Catalina start
INFO: Server startup in 2175 ms
Nov 29, 2015 9:48:25 AM org.apache.catalina.startup.HostConfig checkResources
INFO: Undeploying context [/ReqDisp1]
Nov 29, 2015 9:48:25 AM org.apache.catalina.startup.HostConfig deployDirectory
INFO: Deploying web application directory Cookies
Nov 29, 2015 9:48:25 AM org.apache.catalina.startup.HostConfig deployDirectory
INFO: Deploying web application directory includeDirective
Nov 29, 2015 9:48:25 AM org.apache.catalina.startup.HostConfig deployDirectory
INFO: Deploying web application directory JSPBasics
Nov 29, 2015 9:48:25 AM org.apache.catalina.startup.HostConfig deployDirectory
INFO: Deploying web application directory sess
Nov 29, 2015 9:48:36 AM org.apache.catalina.startup.HostConfig checkResources
INFO: Undeploying context [/FirstWebsite]
Nov 29, 2015 10:26:21 AM org.apache.catalina.startup.HostConfig deployDirectory
INFO: Deploying web application directory ajax
