Dec 9, 2015 5:26:15 AM org.apache.catalina.core.AprLifecycleListener init
INFO: The APR based Apache Tomcat Native library which allows optimal performance in production environments was not found on the java.library.path: E:\Softwares\jdk1.5.0_04\bin;C:\Windows\Sun\Java\bin;C:\Windows\system32;C:\Windows;C:\Program Files (x86)\Microsoft ASP.NET\ASP.NET Web Pages\v1.0\;C:\Program Files\Microsoft SQL Server\110\Tools\Binn\;C:\Program Files (x86)\Microsoft SQL Server\110\Tools\Binn\ManagementStudio\;C:\Program Files (x86)\Microsoft SQL Server\110\Tools\Binn\;C:\Program Files (x86)\Microsoft SQL Server\110\DTS\Binn\;C:\Program Files\Microsoft SQL Server\110\DTS\Binn\;C:\Program Files (x86)\Windows Kits\8.1\Windows Performance Toolkit\;C:\Program Files\Microsoft\Web Platform Installer\;C:\Program Files (x86)\Microsoft SDKs\Azure\CLI\wbin;E:\Softwares\jdk1.5.0_04\bin;.;;.
Dec 9, 2015 5:26:17 AM org.apache.coyote.http11.Http11Protocol init
INFO: Initializing Coyote HTTP/1.1 on http-8080
Dec 9, 2015 5:26:17 AM org.apache.catalina.startup.Catalina load
INFO: Initialization processed in 1646 ms
Dec 9, 2015 5:26:17 AM org.apache.catalina.core.StandardService start
INFO: Starting service Catalina
Dec 9, 2015 5:26:17 AM org.apache.catalina.core.StandardEngine start
INFO: Starting Servlet Engine: Apache Tomcat/6.0.44
Dec 9, 2015 5:26:17 AM org.apache.catalina.startup.HostConfig deployDescriptor
INFO: Deploying configuration descriptor host-manager.xml
Dec 9, 2015 5:26:17 AM org.apache.catalina.startup.HostConfig deployDescriptor
INFO: Deploying configuration descriptor manager.xml
Dec 9, 2015 5:26:17 AM org.apache.catalina.startup.HostConfig deployDirectory
INFO: Deploying web application directory docs
Dec 9, 2015 5:26:17 AM org.apache.catalina.startup.HostConfig deployDirectory
INFO: Deploying web application directory Ex1
Dec 9, 2015 5:26:17 AM org.apache.catalina.startup.HostConfig deployDirectory
INFO: Deploying web application directory Ex10-url
Dec 9, 2015 5:26:17 AM org.apache.catalina.startup.HostConfig deployDirectory
INFO: Deploying web application directory Ex11-hidden
Dec 9, 2015 5:26:17 AM org.apache.catalina.startup.HostConfig deployDirectory
INFO: Deploying web application directory Ex11-hidden2
Dec 9, 2015 5:26:17 AM org.apache.catalina.startup.HostConfig deployDirectory
INFO: Deploying web application directory Ex12-cookie
Dec 9, 2015 5:26:18 AM org.apache.catalina.startup.HostConfig deployDirectory
INFO: Deploying web application directory Ex13-sess
Dec 9, 2015 5:26:18 AM org.apache.catalina.startup.HostConfig deployDirectory
INFO: Deploying web application directory Ex14-JSP
Dec 9, 2015 5:26:18 AM org.apache.catalina.startup.HostConfig deployDirectory
INFO: Deploying web application directory Ex15-RDI
Dec 9, 2015 5:26:18 AM org.apache.catalina.startup.HostConfig deployDirectory
INFO: Deploying web application directory Ex16-RDF
Dec 9, 2015 5:26:18 AM org.apache.catalina.startup.HostConfig deployDirectory
INFO: Deploying web application directory Ex17-ajax
Dec 9, 2015 5:26:18 AM org.apache.catalina.startup.HostConfig deployDirectory
INFO: Deploying web application directory Ex2
Dec 9, 2015 5:26:18 AM org.apache.catalina.startup.HostConfig deployDirectory
INFO: Deploying web application directory Ex3
Dec 9, 2015 5:26:18 AM org.apache.catalina.startup.HostConfig deployDirectory
INFO: Deploying web application directory Ex4
Dec 9, 2015 5:26:18 AM org.apache.catalina.startup.HostConfig deployDirectory
INFO: Deploying web application directory Ex4.1
Dec 9, 2015 5:26:18 AM org.apache.catalina.startup.HostConfig deployDirectory
INFO: Deploying web application directory Ex5-re-h
Dec 9, 2015 5:26:18 AM org.apache.catalina.startup.HostConfig deployDirectory
INFO: Deploying web application directory Ex6-re-s
Dec 9, 2015 5:26:18 AM org.apache.catalina.startup.HostConfig deployDirectory
INFO: Deploying web application directory Ex7-for
Dec 9, 2015 5:26:18 AM org.apache.catalina.startup.HostConfig deployDirectory
INFO: Deploying web application directory Ex8-inc
Dec 9, 2015 5:26:18 AM org.apache.catalina.startup.HostConfig deployDirectory
INFO: Deploying web application directory Ex9-config
Dec 9, 2015 5:26:18 AM org.apache.catalina.startup.HostConfig deployDirectory
INFO: Deploying web application directory Ex9-context
Dec 9, 2015 5:26:18 AM org.apache.catalina.startup.HostConfig deployDirectory
INFO: Deploying web application directory examples
Dec 9, 2015 5:26:19 AM org.apache.catalina.startup.HostConfig deployDirectory
INFO: Deploying web application directory includeDirective
Dec 9, 2015 5:26:19 AM org.apache.catalina.startup.HostConfig deployDirectory
INFO: Deploying web application directory JSPBasics
Dec 9, 2015 5:26:19 AM org.apache.catalina.startup.HostConfig deployDirectory
INFO: Deploying web application directory ROOT
Dec 9, 2015 5:26:19 AM org.apache.coyote.http11.Http11Protocol start
INFO: Starting Coyote HTTP/1.1 on http-8080
Dec 9, 2015 5:26:19 AM org.apache.jk.common.ChannelSocket init
INFO: JK: ajp13 listening on /0.0.0.0:8009
Dec 9, 2015 5:26:19 AM org.apache.jk.server.JkMain start
INFO: Jk running ID=0 time=0/62  config=null
Dec 9, 2015 5:26:19 AM org.apache.catalina.startup.Catalina start
INFO: Server startup in 2393 ms
Dec 9, 2015 5:38:07 AM org.apache.coyote.http11.Http11Protocol pause
INFO: Pausing Coyote HTTP/1.1 on http-8080
Dec 9, 2015 5:38:08 AM org.apache.catalina.core.StandardService stop
INFO: Stopping service Catalina
Dec 9, 2015 5:38:08 AM org.apache.catalina.loader.WebappClassLoader clearReferencesJdbc
SEVERE: The web application [/Ex17-ajax] registered the JDBC driver [com.microsoft.sqlserver.jdbc.SQLServerDriver] but failed to unregister it when the web application was stopped. To prevent a memory leak, the JDBC Driver has been forcibly unregistered.
Dec 9, 2015 5:38:08 AM org.apache.catalina.loader.WebappClassLoader clearReferencesJdbc
SEVERE: The web application [/Ex4.1] registered the JDBC driver [com.microsoft.sqlserver.jdbc.SQLServerDriver] but failed to unregister it when the web application was stopped. To prevent a memory leak, the JDBC Driver has been forcibly unregistered.
Dec 9, 2015 5:38:08 AM org.apache.catalina.loader.WebappClassLoader clearReferencesJdbc
SEVERE: The web application [/Ex14-JSP] registered the JDBC driver [com.microsoft.sqlserver.jdbc.SQLServerDriver] but failed to unregister it when the web application was stopped. To prevent a memory leak, the JDBC Driver has been forcibly unregistered.
Dec 9, 2015 5:38:08 AM org.apache.catalina.loader.WebappClassLoader checkThreadLocalMapForLeaks
SEVERE: The web application [/Ex14-JSP] created a ThreadLocal with key of type [com.microsoft.sqlserver.jdbc.ActivityCorrelator$1] (value [com.microsoft.sqlserver.jdbc.ActivityCorrelator$1@178aa3f]) and a value of type [com.microsoft.sqlserver.jdbc.ActivityId] (value [c00f5251-2d8d-42c0-afa5-dbb487c79a35-3]) but failed to remove it when the web application was stopped. This is very likely to create a memory leak.
Dec 9, 2015 5:38:08 AM org.apache.coyote.http11.Http11Protocol destroy
INFO: Stopping Coyote HTTP/1.1 on http-8080
Dec 9, 2015 5:38:10 AM org.apache.catalina.core.AprLifecycleListener init
INFO: The APR based Apache Tomcat Native library which allows optimal performance in production environments was not found on the java.library.path: E:\Softwares\jdk1.5.0_04\bin;C:\Windows\Sun\Java\bin;C:\Windows\system32;C:\Windows;C:\Program Files (x86)\Microsoft ASP.NET\ASP.NET Web Pages\v1.0\;C:\Program Files\Microsoft SQL Server\110\Tools\Binn\;C:\Program Files (x86)\Microsoft SQL Server\110\Tools\Binn\ManagementStudio\;C:\Program Files (x86)\Microsoft SQL Server\110\Tools\Binn\;C:\Program Files (x86)\Microsoft SQL Server\110\DTS\Binn\;C:\Program Files\Microsoft SQL Server\110\DTS\Binn\;C:\Program Files (x86)\Windows Kits\8.1\Windows Performance Toolkit\;C:\Program Files\Microsoft\Web Platform Installer\;C:\Program Files (x86)\Microsoft SDKs\Azure\CLI\wbin;E:\Softwares\jdk1.5.0_04\bin;.;;.
Dec 9, 2015 5:38:10 AM org.apache.coyote.http11.Http11Protocol init
INFO: Initializing Coyote HTTP/1.1 on http-8080
Dec 9, 2015 5:38:10 AM org.apache.catalina.startup.Catalina load
INFO: Initialization processed in 401 ms
Dec 9, 2015 5:38:10 AM org.apache.catalina.core.StandardService start
INFO: Starting service Catalina
Dec 9, 2015 5:38:10 AM org.apache.catalina.core.StandardEngine start
INFO: Starting Servlet Engine: Apache Tomcat/6.0.44
Dec 9, 2015 5:38:10 AM org.apache.catalina.startup.HostConfig deployDescriptor
INFO: Deploying configuration descriptor host-manager.xml
Dec 9, 2015 5:38:11 AM org.apache.catalina.startup.HostConfig deployDescriptor
INFO: Deploying configuration descriptor manager.xml
Dec 9, 2015 5:38:11 AM org.apache.catalina.startup.HostConfig deployDirectory
INFO: Deploying web application directory docs
Dec 9, 2015 5:38:11 AM org.apache.catalina.startup.HostConfig deployDirectory
INFO: Deploying web application directory Ex1
Dec 9, 2015 5:38:11 AM org.apache.catalina.startup.HostConfig deployDirectory
INFO: Deploying web application directory Ex10-url
Dec 9, 2015 5:38:11 AM org.apache.catalina.startup.HostConfig deployDirectory
INFO: Deploying web application directory Ex11-hidden
Dec 9, 2015 5:38:11 AM org.apache.catalina.startup.HostConfig deployDirectory
INFO: Deploying web application directory Ex11-hidden2
Dec 9, 2015 5:38:11 AM org.apache.catalina.startup.HostConfig deployDirectory
INFO: Deploying web application directory Ex12-cookie
Dec 9, 2015 5:38:11 AM org.apache.catalina.startup.HostConfig deployDirectory
INFO: Deploying web application directory Ex13-sess
Dec 9, 2015 5:38:11 AM org.apache.catalina.startup.HostConfig deployDirectory
INFO: Deploying web application directory Ex14-JSP
Dec 9, 2015 5:38:11 AM org.apache.catalina.startup.HostConfig deployDirectory
INFO: Deploying web application directory Ex15-RDI
Dec 9, 2015 5:38:11 AM org.apache.catalina.startup.HostConfig deployDirectory
INFO: Deploying web application directory Ex16-RDF
Dec 9, 2015 5:38:11 AM org.apache.catalina.startup.HostConfig deployDirectory
INFO: Deploying web application directory Ex17-ajax
Dec 9, 2015 5:38:11 AM org.apache.catalina.startup.HostConfig deployDirectory
INFO: Deploying web application directory Ex2
Dec 9, 2015 5:38:11 AM org.apache.catalina.startup.HostConfig deployDirectory
INFO: Deploying web application directory Ex3
Dec 9, 2015 5:38:11 AM org.apache.catalina.startup.HostConfig deployDirectory
INFO: Deploying web application directory Ex4
Dec 9, 2015 5:38:11 AM org.apache.catalina.startup.HostConfig deployDirectory
INFO: Deploying web application directory Ex4.1
Dec 9, 2015 5:38:11 AM org.apache.catalina.startup.HostConfig deployDirectory
INFO: Deploying web application directory Ex5-re-h
Dec 9, 2015 5:38:11 AM org.apache.catalina.startup.HostConfig deployDirectory
INFO: Deploying web application directory Ex6-re-s
Dec 9, 2015 5:38:11 AM org.apache.catalina.startup.HostConfig deployDirectory
INFO: Deploying web application directory Ex7-for
Dec 9, 2015 5:38:11 AM org.apache.catalina.startup.HostConfig deployDirectory
INFO: Deploying web application directory Ex8-inc
Dec 9, 2015 5:38:11 AM org.apache.catalina.startup.HostConfig deployDirectory
INFO: Deploying web application directory Ex9-config
Dec 9, 2015 5:38:11 AM org.apache.catalina.startup.HostConfig deployDirectory
INFO: Deploying web application directory Ex9-context
Dec 9, 2015 5:38:12 AM org.apache.catalina.startup.HostConfig deployDirectory
INFO: Deploying web application directory examples
Dec 9, 2015 5:38:12 AM org.apache.catalina.startup.HostConfig deployDirectory
INFO: Deploying web application directory includeDirective
Dec 9, 2015 5:38:12 AM org.apache.catalina.startup.HostConfig deployDirectory
INFO: Deploying web application directory JSPBasics
Dec 9, 2015 5:38:12 AM org.apache.catalina.startup.HostConfig deployDirectory
INFO: Deploying web application directory ROOT
Dec 9, 2015 5:38:12 AM org.apache.coyote.http11.Http11Protocol start
INFO: Starting Coyote HTTP/1.1 on http-8080
Dec 9, 2015 5:38:12 AM org.apache.jk.common.ChannelSocket init
INFO: JK: ajp13 listening on /0.0.0.0:8009
Dec 9, 2015 5:38:12 AM org.apache.jk.server.JkMain start
INFO: Jk running ID=0 time=0/16  config=null
Dec 9, 2015 5:38:12 AM org.apache.catalina.startup.Catalina start
INFO: Server startup in 1379 ms
