Dec 4, 2015 7:11:15 AM org.apache.catalina.core.AprLifecycleListener init
INFO: The APR based Apache Tomcat Native library which allows optimal performance in production environments was not found on the java.library.path: E:\Softwares\jdk1.5.0_04\bin;C:\Windows\Sun\Java\bin;C:\Windows\system32;C:\Windows;C:\Program Files (x86)\Microsoft ASP.NET\ASP.NET Web Pages\v1.0\;C:\Program Files\Microsoft SQL Server\110\Tools\Binn\;C:\Program Files (x86)\Microsoft SQL Server\110\Tools\Binn\ManagementStudio\;C:\Program Files (x86)\Microsoft SQL Server\110\Tools\Binn\;C:\Program Files (x86)\Microsoft SQL Server\110\DTS\Binn\;C:\Program Files\Microsoft SQL Server\110\DTS\Binn\;C:\Program Files (x86)\Windows Kits\8.1\Windows Performance Toolkit\;C:\Program Files\Microsoft\Web Platform Installer\;C:\Program Files (x86)\Microsoft SDKs\Azure\CLI\wbin;E:\Softwares\jdk1.5.0_04\bin;.;;.
Dec 4, 2015 7:11:16 AM org.apache.coyote.http11.Http11Protocol init
INFO: Initializing Coyote HTTP/1.1 on http-8080
Dec 4, 2015 7:11:16 AM org.apache.catalina.startup.Catalina load
INFO: Initialization processed in 1620 ms
Dec 4, 2015 7:11:16 AM org.apache.catalina.core.StandardService start
INFO: Starting service Catalina
Dec 4, 2015 7:11:16 AM org.apache.catalina.core.StandardEngine start
INFO: Starting Servlet Engine: Apache Tomcat/6.0.44
Dec 4, 2015 7:11:16 AM org.apache.catalina.startup.HostConfig deployDescriptor
INFO: Deploying configuration descriptor host-manager.xml
Dec 4, 2015 7:11:17 AM org.apache.catalina.startup.HostConfig deployDescriptor
INFO: Deploying configuration descriptor manager.xml
Dec 4, 2015 7:11:17 AM org.apache.catalina.startup.HostConfig deployDirectory
INFO: Deploying web application directory ajax
Dec 4, 2015 7:11:17 AM org.apache.catalina.startup.HostConfig deployDirectory
INFO: Deploying web application directory docs
Dec 4, 2015 7:11:17 AM org.apache.catalina.startup.HostConfig deployDirectory
INFO: Deploying web application directory Ex1
Dec 4, 2015 7:11:17 AM org.apache.catalina.startup.HostConfig deployDirectory
INFO: Deploying web application directory Ex10-cookie
Dec 4, 2015 7:11:18 AM org.apache.catalina.startup.HostConfig deployDirectory
INFO: Deploying web application directory Ex2
Dec 4, 2015 7:11:18 AM org.apache.catalina.startup.HostConfig deployDirectory
INFO: Deploying web application directory Ex3
Dec 4, 2015 7:11:18 AM org.apache.catalina.startup.HostConfig deployDirectory
INFO: Deploying web application directory Ex4
Dec 4, 2015 7:11:18 AM org.apache.catalina.startup.HostConfig deployDirectory
INFO: Deploying web application directory Ex4.1
Dec 4, 2015 7:11:18 AM org.apache.catalina.startup.HostConfig deployDirectory
INFO: Deploying web application directory Ex5-re-h
Dec 4, 2015 7:11:18 AM org.apache.catalina.startup.HostConfig deployDirectory
INFO: Deploying web application directory Ex6-re-s
Dec 4, 2015 7:11:18 AM org.apache.catalina.startup.HostConfig deployDirectory
INFO: Deploying web application directory Ex7-for
Dec 4, 2015 7:11:18 AM org.apache.catalina.startup.HostConfig deployDirectory
INFO: Deploying web application directory Ex8-inc
Dec 4, 2015 7:11:18 AM org.apache.catalina.startup.HostConfig deployDirectory
INFO: Deploying web application directory Ex9-config
Dec 4, 2015 7:11:19 AM org.apache.catalina.startup.HostConfig deployDirectory
INFO: Deploying web application directory Ex9-context
Dec 4, 2015 7:11:19 AM org.apache.catalina.startup.HostConfig deployDirectory
INFO: Deploying web application directory examples
Dec 4, 2015 7:11:19 AM org.apache.catalina.startup.HostConfig deployDirectory
INFO: Deploying web application directory includeDirective
Dec 4, 2015 7:11:19 AM org.apache.catalina.startup.HostConfig deployDirectory
INFO: Deploying web application directory JSPBasics
Dec 4, 2015 7:11:19 AM org.apache.catalina.startup.HostConfig deployDirectory
INFO: Deploying web application directory ROOT
Dec 4, 2015 7:11:20 AM org.apache.catalina.startup.HostConfig deployDirectory
INFO: Deploying web application directory sess
Dec 4, 2015 7:11:20 AM org.apache.coyote.http11.Http11Protocol start
INFO: Starting Coyote HTTP/1.1 on http-8080
Dec 4, 2015 7:11:20 AM org.apache.jk.common.ChannelSocket init
INFO: JK: ajp13 listening on /0.0.0.0:8009
Dec 4, 2015 7:11:20 AM org.apache.jk.server.JkMain start
INFO: Jk running ID=0 time=0/62  config=null
Dec 4, 2015 7:11:20 AM org.apache.catalina.startup.Catalina start
INFO: Server startup in 4131 ms
Dec 4, 2015 7:27:52 AM org.apache.catalina.startup.HostConfig checkResources
INFO: Reloading context [/Ex9-context]
