Dec 2, 2015 5:17:56 AM org.apache.catalina.core.AprLifecycleListener init
INFO: The APR based Apache Tomcat Native library which allows optimal performance in production environments was not found on the java.library.path: E:\Softwares\jdk1.5.0_04\bin;C:\Windows\Sun\Java\bin;C:\Windows\system32;C:\Windows;C:\Program Files (x86)\Microsoft ASP.NET\ASP.NET Web Pages\v1.0\;C:\Program Files\Microsoft SQL Server\110\Tools\Binn\;C:\Program Files (x86)\Microsoft SQL Server\110\Tools\Binn\ManagementStudio\;C:\Program Files (x86)\Microsoft SQL Server\110\Tools\Binn\;C:\Program Files (x86)\Microsoft SQL Server\110\DTS\Binn\;C:\Program Files\Microsoft SQL Server\110\DTS\Binn\;C:\Program Files (x86)\Windows Kits\8.1\Windows Performance Toolkit\;C:\Program Files\Microsoft\Web Platform Installer\;C:\Program Files (x86)\Microsoft SDKs\Azure\CLI\wbin;E:\Softwares\jdk1.5.0_04\bin;.;;.
Dec 2, 2015 5:17:57 AM org.apache.coyote.http11.Http11Protocol init
INFO: Initializing Coyote HTTP/1.1 on http-8080
Dec 2, 2015 5:17:57 AM org.apache.catalina.startup.Catalina load
INFO: Initialization processed in 1653 ms
Dec 2, 2015 5:17:57 AM org.apache.catalina.core.StandardService start
INFO: Starting service Catalina
Dec 2, 2015 5:17:57 AM org.apache.catalina.core.StandardEngine start
INFO: Starting Servlet Engine: Apache Tomcat/6.0.44
Dec 2, 2015 5:17:57 AM org.apache.catalina.startup.HostConfig deployDescriptor
INFO: Deploying configuration descriptor host-manager.xml
Dec 2, 2015 5:17:58 AM org.apache.catalina.startup.HostConfig deployDescriptor
INFO: Deploying configuration descriptor manager.xml
Dec 2, 2015 5:17:58 AM org.apache.catalina.startup.HostConfig deployDirectory
INFO: Deploying web application directory ajax
Dec 2, 2015 5:17:58 AM org.apache.catalina.startup.HostConfig deployDirectory
INFO: Deploying web application directory Cookies
Dec 2, 2015 5:17:58 AM org.apache.catalina.startup.HostConfig deployDirectory
INFO: Deploying web application directory docs
Dec 2, 2015 5:17:58 AM org.apache.catalina.startup.HostConfig deployDirectory
INFO: Deploying web application directory Ex1
Dec 2, 2015 5:17:58 AM org.apache.catalina.startup.HostConfig deployDirectory
INFO: Deploying web application directory Ex2
Dec 2, 2015 5:17:58 AM org.apache.catalina.startup.HostConfig deployDirectory
INFO: Deploying web application directory Ex3
Dec 2, 2015 5:17:58 AM org.apache.catalina.startup.HostConfig deployDirectory
INFO: Deploying web application directory Ex4
Dec 2, 2015 5:17:58 AM org.apache.catalina.startup.HostConfig deployDirectory
INFO: Deploying web application directory Ex4.1
Dec 2, 2015 5:17:59 AM org.apache.catalina.startup.HostConfig deployDirectory
INFO: Deploying web application directory Ex5
Dec 2, 2015 5:17:59 AM org.apache.catalina.startup.HostConfig deployDirectory
INFO: Deploying web application directory Ex6
Dec 2, 2015 5:17:59 AM org.apache.catalina.startup.HostConfig deployDirectory
INFO: Deploying web application directory Ex7
Dec 2, 2015 5:17:59 AM org.apache.catalina.startup.HostConfig deployDirectory
INFO: Deploying web application directory Ex8
Dec 2, 2015 5:17:59 AM org.apache.catalina.startup.HostConfig deployDirectory
INFO: Deploying web application directory examples
Dec 2, 2015 5:17:59 AM org.apache.catalina.startup.HostConfig deployDirectory
INFO: Deploying web application directory includeDirective
Dec 2, 2015 5:17:59 AM org.apache.catalina.startup.HostConfig deployDirectory
INFO: Deploying web application directory JSPBasics
Dec 2, 2015 5:17:59 AM org.apache.catalina.startup.HostConfig deployDirectory
INFO: Deploying web application directory ROOT
Dec 2, 2015 5:18:00 AM org.apache.catalina.startup.HostConfig deployDirectory
INFO: Deploying web application directory sess
Dec 2, 2015 5:18:00 AM org.apache.coyote.http11.Http11Protocol start
INFO: Starting Coyote HTTP/1.1 on http-8080
Dec 2, 2015 5:18:00 AM org.apache.jk.common.ChannelSocket init
INFO: JK: ajp13 listening on /0.0.0.0:8009
Dec 2, 2015 5:18:00 AM org.apache.jk.server.JkMain start
INFO: Jk running ID=0 time=0/47  config=null
Dec 2, 2015 5:18:00 AM org.apache.catalina.startup.Catalina start
INFO: Server startup in 3301 ms
Dec 2, 2015 5:18:12 AM org.apache.coyote.http11.Http11Protocol pause
INFO: Pausing Coyote HTTP/1.1 on http-8080
Dec 2, 2015 5:18:13 AM org.apache.catalina.core.StandardService stop
INFO: Stopping service Catalina
Dec 2, 2015 5:18:14 AM org.apache.coyote.http11.Http11Protocol destroy
INFO: Stopping Coyote HTTP/1.1 on http-8080
Dec 2, 2015 5:18:35 AM org.apache.catalina.core.AprLifecycleListener init
INFO: The APR based Apache Tomcat Native library which allows optimal performance in production environments was not found on the java.library.path: E:\Softwares\jdk1.5.0_04\bin;C:\Windows\Sun\Java\bin;C:\Windows\system32;C:\Windows;C:\Program Files (x86)\Microsoft ASP.NET\ASP.NET Web Pages\v1.0\;C:\Program Files\Microsoft SQL Server\110\Tools\Binn\;C:\Program Files (x86)\Microsoft SQL Server\110\Tools\Binn\ManagementStudio\;C:\Program Files (x86)\Microsoft SQL Server\110\Tools\Binn\;C:\Program Files (x86)\Microsoft SQL Server\110\DTS\Binn\;C:\Program Files\Microsoft SQL Server\110\DTS\Binn\;C:\Program Files (x86)\Windows Kits\8.1\Windows Performance Toolkit\;C:\Program Files\Microsoft\Web Platform Installer\;C:\Program Files (x86)\Microsoft SDKs\Azure\CLI\wbin;E:\Softwares\jdk1.5.0_04\bin;.;;.
Dec 2, 2015 5:18:36 AM org.apache.coyote.http11.Http11Protocol init
INFO: Initializing Coyote HTTP/1.1 on http-8080
Dec 2, 2015 5:18:36 AM org.apache.catalina.startup.Catalina load
INFO: Initialization processed in 1068 ms
Dec 2, 2015 5:18:36 AM org.apache.catalina.core.StandardService start
INFO: Starting service Catalina
Dec 2, 2015 5:18:36 AM org.apache.catalina.core.StandardEngine start
INFO: Starting Servlet Engine: Apache Tomcat/6.0.44
Dec 2, 2015 5:18:36 AM org.apache.catalina.startup.HostConfig deployDescriptor
INFO: Deploying configuration descriptor host-manager.xml
Dec 2, 2015 5:18:37 AM org.apache.catalina.startup.HostConfig deployDescriptor
INFO: Deploying configuration descriptor manager.xml
Dec 2, 2015 5:18:37 AM org.apache.catalina.startup.HostConfig deployDirectory
INFO: Deploying web application directory ajax
Dec 2, 2015 5:18:37 AM org.apache.catalina.startup.HostConfig deployDirectory
INFO: Deploying web application directory Cookies
Dec 2, 2015 5:18:37 AM org.apache.catalina.startup.HostConfig deployDirectory
INFO: Deploying web application directory docs
Dec 2, 2015 5:18:37 AM org.apache.catalina.startup.HostConfig deployDirectory
INFO: Deploying web application directory Ex1
Dec 2, 2015 5:18:37 AM org.apache.catalina.startup.HostConfig deployDirectory
INFO: Deploying web application directory Ex2
Dec 2, 2015 5:18:37 AM org.apache.catalina.startup.HostConfig deployDirectory
INFO: Deploying web application directory Ex3
Dec 2, 2015 5:18:37 AM org.apache.catalina.startup.HostConfig deployDirectory
INFO: Deploying web application directory Ex4
Dec 2, 2015 5:18:37 AM org.apache.catalina.startup.HostConfig deployDirectory
INFO: Deploying web application directory Ex4.1
Dec 2, 2015 5:18:38 AM org.apache.catalina.startup.HostConfig deployDirectory
INFO: Deploying web application directory Ex5
Dec 2, 2015 5:18:38 AM org.apache.catalina.startup.HostConfig deployDirectory
INFO: Deploying web application directory Ex6
Dec 2, 2015 5:18:38 AM org.apache.catalina.startup.HostConfig deployDirectory
INFO: Deploying web application directory Ex7
Dec 2, 2015 5:18:38 AM org.apache.catalina.startup.HostConfig deployDirectory
INFO: Deploying web application directory Ex8
Dec 2, 2015 5:18:38 AM org.apache.catalina.startup.HostConfig deployDirectory
INFO: Deploying web application directory examples
Dec 2, 2015 5:18:38 AM org.apache.catalina.startup.HostConfig deployDirectory
INFO: Deploying web application directory includeDirective
Dec 2, 2015 5:18:38 AM org.apache.catalina.startup.HostConfig deployDirectory
INFO: Deploying web application directory JSPBasics
Dec 2, 2015 5:18:38 AM org.apache.catalina.startup.HostConfig deployDirectory
INFO: Deploying web application directory ROOT
Dec 2, 2015 5:18:38 AM org.apache.catalina.startup.HostConfig deployDirectory
INFO: Deploying web application directory sess
Dec 2, 2015 5:18:39 AM org.apache.coyote.http11.Http11Protocol start
INFO: Starting Coyote HTTP/1.1 on http-8080
Dec 2, 2015 5:18:39 AM org.apache.jk.common.ChannelSocket init
INFO: JK: ajp13 listening on /0.0.0.0:8009
Dec 2, 2015 5:18:39 AM org.apache.jk.server.JkMain start
INFO: Jk running ID=0 time=0/32  config=null
Dec 2, 2015 5:18:39 AM org.apache.catalina.startup.Catalina start
INFO: Server startup in 2847 ms
Dec 2, 2015 3:00:55 PM org.apache.catalina.startup.Catalina stopServer
SEVERE: Catalina.stop: 
java.net.ConnectException: Connection refused: connect
	at java.net.PlainSocketImpl.socketConnect(Native Method)
	at java.net.PlainSocketImpl.doConnect(PlainSocketImpl.java:333)
	at java.net.PlainSocketImpl.connectToAddress(PlainSocketImpl.java:195)
	at java.net.PlainSocketImpl.connect(PlainSocketImpl.java:182)
	at java.net.SocksSocketImpl.connect(SocksSocketImpl.java:364)
	at java.net.Socket.connect(Socket.java:507)
	at java.net.Socket.connect(Socket.java:457)
	at java.net.Socket.<init>(Socket.java:365)
	at java.net.Socket.<init>(Socket.java:178)
	at org.apache.catalina.startup.Catalina.stopServer(Catalina.java:422)
	at sun.reflect.NativeMethodAccessorImpl.invoke0(Native Method)
	at sun.reflect.NativeMethodAccessorImpl.invoke(NativeMethodAccessorImpl.java:39)
	at sun.reflect.DelegatingMethodAccessorImpl.invoke(DelegatingMethodAccessorImpl.java:25)
	at java.lang.reflect.Method.invoke(Method.java:585)
	at org.apache.catalina.startup.Bootstrap.stopServer(Bootstrap.java:338)
	at org.apache.catalina.startup.Bootstrap.main(Bootstrap.java:416)
Dec 2, 2015 3:01:08 PM org.apache.catalina.core.AprLifecycleListener init
INFO: The APR based Apache Tomcat Native library which allows optimal performance in production environments was not found on the java.library.path: E:\Softwares\jdk1.5.0_04\bin;C:\Windows\Sun\Java\bin;C:\Windows\system32;C:\Windows;C:\Program Files (x86)\Microsoft ASP.NET\ASP.NET Web Pages\v1.0\;C:\Program Files\Microsoft SQL Server\110\Tools\Binn\;C:\Program Files (x86)\Microsoft SQL Server\110\Tools\Binn\ManagementStudio\;C:\Program Files (x86)\Microsoft SQL Server\110\Tools\Binn\;C:\Program Files (x86)\Microsoft SQL Server\110\DTS\Binn\;C:\Program Files\Microsoft SQL Server\110\DTS\Binn\;C:\Program Files (x86)\Windows Kits\8.1\Windows Performance Toolkit\;C:\Program Files\Microsoft\Web Platform Installer\;C:\Program Files (x86)\Microsoft SDKs\Azure\CLI\wbin;E:\Softwares\jdk1.5.0_04\bin;.;;.
Dec 2, 2015 3:01:08 PM org.apache.coyote.http11.Http11Protocol init
INFO: Initializing Coyote HTTP/1.1 on http-8080
Dec 2, 2015 3:01:08 PM org.apache.catalina.startup.Catalina load
INFO: Initialization processed in 1465 ms
Dec 2, 2015 3:01:09 PM org.apache.catalina.core.StandardService start
INFO: Starting service Catalina
Dec 2, 2015 3:01:09 PM org.apache.catalina.core.StandardEngine start
INFO: Starting Servlet Engine: Apache Tomcat/6.0.44
Dec 2, 2015 3:01:09 PM org.apache.catalina.startup.HostConfig deployDescriptor
INFO: Deploying configuration descriptor host-manager.xml
Dec 2, 2015 3:01:09 PM org.apache.catalina.startup.HostConfig deployDescriptor
INFO: Deploying configuration descriptor manager.xml
Dec 2, 2015 3:01:09 PM org.apache.catalina.startup.HostConfig deployDirectory
INFO: Deploying web application directory ajax
Dec 2, 2015 3:01:10 PM org.apache.catalina.startup.HostConfig deployDirectory
INFO: Deploying web application directory Cookies
Dec 2, 2015 3:01:10 PM org.apache.catalina.startup.HostConfig deployDirectory
INFO: Deploying web application directory docs
Dec 2, 2015 3:01:10 PM org.apache.catalina.startup.HostConfig deployDirectory
INFO: Deploying web application directory Ex1
Dec 2, 2015 3:01:10 PM org.apache.catalina.startup.HostConfig deployDirectory
INFO: Deploying web application directory Ex2
Dec 2, 2015 3:01:10 PM org.apache.catalina.startup.HostConfig deployDirectory
INFO: Deploying web application directory Ex3
Dec 2, 2015 3:01:10 PM org.apache.catalina.startup.HostConfig deployDirectory
INFO: Deploying web application directory Ex4
Dec 2, 2015 3:01:10 PM org.apache.catalina.startup.HostConfig deployDirectory
INFO: Deploying web application directory Ex4.1
Dec 2, 2015 3:01:10 PM org.apache.catalina.startup.HostConfig deployDirectory
INFO: Deploying web application directory Ex5
Dec 2, 2015 3:01:10 PM org.apache.catalina.startup.HostConfig deployDirectory
INFO: Deploying web application directory Ex6
Dec 2, 2015 3:01:11 PM org.apache.catalina.startup.HostConfig deployDirectory
INFO: Deploying web application directory Ex7
Dec 2, 2015 3:01:11 PM org.apache.catalina.startup.HostConfig deployDirectory
INFO: Deploying web application directory Ex8
Dec 2, 2015 3:01:11 PM org.apache.catalina.startup.HostConfig deployDirectory
INFO: Deploying web application directory examples
Dec 2, 2015 3:01:12 PM org.apache.catalina.startup.HostConfig deployDirectory
INFO: Deploying web application directory includeDirective
Dec 2, 2015 3:01:12 PM org.apache.catalina.startup.HostConfig deployDirectory
INFO: Deploying web application directory JSPBasics
Dec 2, 2015 3:01:12 PM org.apache.catalina.startup.HostConfig deployDirectory
INFO: Deploying web application directory ROOT
Dec 2, 2015 3:01:12 PM org.apache.catalina.startup.HostConfig deployDirectory
INFO: Deploying web application directory sess
Dec 2, 2015 3:01:12 PM org.apache.coyote.http11.Http11Protocol start
INFO: Starting Coyote HTTP/1.1 on http-8080
Dec 2, 2015 3:01:12 PM org.apache.jk.common.ChannelSocket init
INFO: JK: ajp13 listening on /0.0.0.0:8009
Dec 2, 2015 3:01:12 PM org.apache.jk.server.JkMain start
INFO: Jk running ID=0 time=0/77  config=null
Dec 2, 2015 3:01:12 PM org.apache.catalina.startup.Catalina start
INFO: Server startup in 4099 ms
