Feb 22, 2016 10:22:45 AM org.apache.catalina.core.AprLifecycleListener init
INFO: The APR based Apache Tomcat Native library which allows optimal performance in production environments was not found on the java.library.path: F:\Softwares\jdk1.5.0_04\bin;C:\Windows\Sun\Java\bin;C:\Windows\system32;C:\Windows;C:\Windows\system32;C:\Windows;C:\Windows\System32\Wbem;C:\Windows\System32\WindowsPowerShell\v1.0\;C:\Program Files\Intel\WiFi\bin\;C:\Program Files\Common Files\Intel\WirelessCommon\;C:\Program Files (x86)\Microsoft SQL Server\110\Tools\Binn\;C:\Program Files\Microsoft SQL Server\110\Tools\Binn\;C:\Program Files\Microsoft SQL Server\110\DTS\Binn\;F:\Softwares\jdk1.5.0_04\bin;.;;.
Feb 22, 2016 10:22:47 AM org.apache.coyote.http11.Http11Protocol init
INFO: Initializing Coyote HTTP/1.1 on http-8080
Feb 22, 2016 10:22:47 AM org.apache.catalina.startup.Catalina load
INFO: Initialization processed in 6246 ms
Feb 22, 2016 10:22:48 AM org.apache.catalina.core.StandardService start
INFO: Starting service Catalina
Feb 22, 2016 10:22:48 AM org.apache.catalina.core.StandardEngine start
INFO: Starting Servlet Engine: Apache Tomcat/6.0.44
Feb 22, 2016 10:22:48 AM org.apache.catalina.startup.HostConfig deployDescriptor
INFO: Deploying configuration descriptor host-manager.xml
Feb 22, 2016 10:22:53 AM org.apache.catalina.startup.HostConfig deployDescriptor
INFO: Deploying configuration descriptor manager.xml
Feb 22, 2016 10:22:53 AM org.apache.catalina.startup.HostConfig deployDirectory
INFO: Deploying web application directory docs
Feb 22, 2016 10:22:53 AM org.apache.catalina.startup.HostConfig deployDirectory
INFO: Deploying web application directory Ex1
Feb 22, 2016 10:22:54 AM org.apache.catalina.startup.HostConfig deployDirectory
INFO: Deploying web application directory Ex10-url
Feb 22, 2016 10:22:54 AM org.apache.catalina.startup.HostConfig deployDirectory
INFO: Deploying web application directory Ex11-hidden
Feb 22, 2016 10:22:54 AM org.apache.catalina.startup.HostConfig deployDirectory
INFO: Deploying web application directory Ex11-hidden2
Feb 22, 2016 10:22:54 AM org.apache.catalina.startup.HostConfig deployDirectory
INFO: Deploying web application directory Ex12-cookie
Feb 22, 2016 10:22:54 AM org.apache.catalina.startup.HostConfig deployDirectory
INFO: Deploying web application directory Ex13-sess
Feb 22, 2016 10:22:54 AM org.apache.catalina.startup.HostConfig deployDirectory
INFO: Deploying web application directory Ex14-JSP
Feb 22, 2016 10:22:56 AM org.apache.catalina.startup.HostConfig deployDirectory
INFO: Deploying web application directory Ex15-RDI
Feb 22, 2016 10:22:56 AM org.apache.catalina.startup.HostConfig deployDirectory
INFO: Deploying web application directory Ex16-RDF
Feb 22, 2016 10:22:56 AM org.apache.catalina.startup.HostConfig deployDirectory
INFO: Deploying web application directory Ex17-ajax
Feb 22, 2016 10:22:56 AM org.apache.catalina.startup.HostConfig deployDirectory
INFO: Deploying web application directory Ex2
Feb 22, 2016 10:22:56 AM org.apache.catalina.startup.HostConfig deployDirectory
INFO: Deploying web application directory Ex3
Feb 22, 2016 10:22:56 AM org.apache.catalina.startup.HostConfig deployDirectory
INFO: Deploying web application directory Ex4
Feb 22, 2016 10:22:56 AM org.apache.catalina.startup.HostConfig deployDirectory
INFO: Deploying web application directory Ex4.1
Feb 22, 2016 10:22:56 AM org.apache.catalina.startup.HostConfig deployDirectory
INFO: Deploying web application directory Ex5-re-h
Feb 22, 2016 10:22:56 AM org.apache.catalina.startup.HostConfig deployDirectory
INFO: Deploying web application directory Ex6-re-s
Feb 22, 2016 10:22:56 AM org.apache.catalina.startup.HostConfig deployDirectory
INFO: Deploying web application directory Ex7-for
Feb 22, 2016 10:22:56 AM org.apache.catalina.startup.HostConfig deployDirectory
INFO: Deploying web application directory Ex8-inc
Feb 22, 2016 10:22:56 AM org.apache.catalina.startup.HostConfig deployDirectory
INFO: Deploying web application directory Ex9-config
Feb 22, 2016 10:22:56 AM org.apache.catalina.startup.HostConfig deployDirectory
INFO: Deploying web application directory Ex9-context
Feb 22, 2016 10:22:56 AM org.apache.catalina.startup.HostConfig deployDirectory
INFO: Deploying web application directory examples
Feb 22, 2016 10:22:57 AM org.apache.catalina.startup.HostConfig deployDirectory
INFO: Deploying web application directory includeDirective
Feb 22, 2016 10:22:58 AM org.apache.catalina.startup.HostConfig deployDirectory
INFO: Deploying web application directory JSPBasics
Feb 22, 2016 10:22:58 AM org.apache.catalina.startup.HostConfig deployDirectory
INFO: Deploying web application directory ROOT
Feb 22, 2016 10:22:58 AM org.apache.coyote.http11.Http11Protocol start
INFO: Starting Coyote HTTP/1.1 on http-8080
Feb 22, 2016 10:22:58 AM org.apache.jk.common.ChannelSocket init
INFO: JK: ajp13 listening on /0.0.0.0:8009
Feb 22, 2016 10:22:58 AM org.apache.jk.server.JkMain start
INFO: Jk running ID=0 time=0/312  config=null
Feb 22, 2016 10:22:58 AM org.apache.catalina.startup.Catalina start
INFO: Server startup in 11195 ms
Feb 22, 2016 10:55:27 AM org.apache.coyote.http11.Http11Protocol pause
INFO: Pausing Coyote HTTP/1.1 on http-8080
Feb 22, 2016 10:55:28 AM org.apache.catalina.core.StandardService stop
INFO: Stopping service Catalina
Feb 22, 2016 10:55:30 AM org.apache.coyote.http11.Http11Protocol destroy
INFO: Stopping Coyote HTTP/1.1 on http-8080
Feb 22, 2016 11:53:50 AM org.apache.catalina.core.AprLifecycleListener init
INFO: The APR based Apache Tomcat Native library which allows optimal performance in production environments was not found on the java.library.path: F:\Softwares\jdk1.5.0_04\bin;C:\Windows\Sun\Java\bin;C:\Windows\system32;C:\Windows;C:\Windows\system32;C:\Windows;C:\Windows\System32\Wbem;C:\Windows\System32\WindowsPowerShell\v1.0\;C:\Program Files\Intel\WiFi\bin\;C:\Program Files\Common Files\Intel\WirelessCommon\;C:\Program Files (x86)\Microsoft SQL Server\110\Tools\Binn\;C:\Program Files\Microsoft SQL Server\110\Tools\Binn\;C:\Program Files\Microsoft SQL Server\110\DTS\Binn\;C:\Program Files (x86)\Microsoft SQL Server\110\Tools\Binn\ManagementStudio\;C:\Program Files (x86)\Microsoft SQL Server\110\DTS\Binn\;F:\Softwares\jdk1.5.0_04\bin;.;;.
Feb 22, 2016 11:53:50 AM org.apache.coyote.http11.Http11Protocol init
INFO: Initializing Coyote HTTP/1.1 on http-8080
Feb 22, 2016 11:53:50 AM org.apache.catalina.startup.Catalina load
INFO: Initialization processed in 712 ms
Feb 22, 2016 11:53:50 AM org.apache.catalina.core.StandardService start
INFO: Starting service Catalina
Feb 22, 2016 11:53:50 AM org.apache.catalina.core.StandardEngine start
INFO: Starting Servlet Engine: Apache Tomcat/6.0.44
Feb 22, 2016 11:53:50 AM org.apache.catalina.startup.HostConfig deployDescriptor
INFO: Deploying configuration descriptor host-manager.xml
Feb 22, 2016 11:53:51 AM org.apache.catalina.startup.HostConfig deployDescriptor
INFO: Deploying configuration descriptor manager.xml
Feb 22, 2016 11:53:51 AM org.apache.catalina.startup.HostConfig deployDirectory
INFO: Deploying web application directory Aqsa
Feb 22, 2016 11:53:51 AM org.apache.catalina.startup.HostConfig deployDirectory
INFO: Deploying web application directory docs
Feb 22, 2016 11:53:51 AM org.apache.catalina.startup.HostConfig deployDirectory
INFO: Deploying web application directory Ex1
Feb 22, 2016 11:53:51 AM org.apache.catalina.startup.HostConfig deployDirectory
INFO: Deploying web application directory Ex10-url
Feb 22, 2016 11:53:51 AM org.apache.catalina.startup.HostConfig deployDirectory
INFO: Deploying web application directory Ex11-hidden
Feb 22, 2016 11:53:51 AM org.apache.catalina.startup.HostConfig deployDirectory
INFO: Deploying web application directory Ex11-hidden2
Feb 22, 2016 11:53:51 AM org.apache.catalina.startup.HostConfig deployDirectory
INFO: Deploying web application directory Ex12-cookie
Feb 22, 2016 11:53:51 AM org.apache.catalina.startup.HostConfig deployDirectory
INFO: Deploying web application directory Ex13-sess
Feb 22, 2016 11:53:51 AM org.apache.catalina.startup.HostConfig deployDirectory
INFO: Deploying web application directory Ex14-JSP
Feb 22, 2016 11:53:51 AM org.apache.catalina.startup.HostConfig deployDirectory
INFO: Deploying web application directory Ex15-RDI
Feb 22, 2016 11:53:51 AM org.apache.catalina.startup.HostConfig deployDirectory
INFO: Deploying web application directory Ex16-RDF
Feb 22, 2016 11:53:51 AM org.apache.catalina.startup.HostConfig deployDirectory
INFO: Deploying web application directory Ex17-ajax
Feb 22, 2016 11:53:51 AM org.apache.catalina.startup.HostConfig deployDirectory
INFO: Deploying web application directory Ex2
Feb 22, 2016 11:53:51 AM org.apache.catalina.startup.HostConfig deployDirectory
INFO: Deploying web application directory Ex3
Feb 22, 2016 11:53:51 AM org.apache.catalina.startup.HostConfig deployDirectory
INFO: Deploying web application directory Ex4
Feb 22, 2016 11:53:51 AM org.apache.catalina.startup.HostConfig deployDirectory
INFO: Deploying web application directory Ex4.1
Feb 22, 2016 11:53:51 AM org.apache.catalina.startup.HostConfig deployDirectory
INFO: Deploying web application directory Ex5-re-h
Feb 22, 2016 11:53:51 AM org.apache.catalina.startup.HostConfig deployDirectory
INFO: Deploying web application directory Ex6-re-s
Feb 22, 2016 11:53:51 AM org.apache.catalina.startup.HostConfig deployDirectory
INFO: Deploying web application directory Ex7-for
Feb 22, 2016 11:53:51 AM org.apache.catalina.startup.HostConfig deployDirectory
INFO: Deploying web application directory Ex8-inc
Feb 22, 2016 11:53:51 AM org.apache.catalina.startup.HostConfig deployDirectory
INFO: Deploying web application directory Ex9-config
Feb 22, 2016 11:53:51 AM org.apache.catalina.startup.HostConfig deployDirectory
INFO: Deploying web application directory Ex9-context
Feb 22, 2016 11:53:51 AM org.apache.catalina.startup.HostConfig deployDirectory
INFO: Deploying web application directory examples
Feb 22, 2016 11:53:52 AM org.apache.catalina.startup.HostConfig deployDirectory
INFO: Deploying web application directory includeDirective
Feb 22, 2016 11:53:52 AM org.apache.catalina.startup.HostConfig deployDirectory
INFO: Deploying web application directory JSPBasics
Feb 22, 2016 11:53:52 AM org.apache.catalina.startup.HostConfig deployDirectory
INFO: Deploying web application directory ROOT
Feb 22, 2016 11:53:52 AM org.apache.coyote.http11.Http11Protocol start
INFO: Starting Coyote HTTP/1.1 on http-8080
Feb 22, 2016 11:53:52 AM org.apache.jk.common.ChannelSocket init
INFO: JK: ajp13 listening on /0.0.0.0:8009
Feb 22, 2016 11:53:52 AM org.apache.jk.server.JkMain start
INFO: Jk running ID=0 time=0/15  config=null
Feb 22, 2016 11:53:52 AM org.apache.catalina.startup.Catalina start
INFO: Server startup in 1516 ms
Feb 22, 2016 11:55:52 AM org.apache.catalina.startup.HostConfig checkResources
INFO: Reloading context [/Aqsa]
Feb 22, 2016 11:56:02 AM org.apache.catalina.startup.HostConfig checkResources
INFO: Reloading context [/Aqsa]
Feb 22, 2016 11:57:56 AM org.apache.coyote.http11.Http11Protocol pause
INFO: Pausing Coyote HTTP/1.1 on http-8080
Feb 22, 2016 11:57:57 AM org.apache.catalina.core.StandardService stop
INFO: Stopping service Catalina
Feb 22, 2016 11:57:57 AM org.apache.coyote.http11.Http11Protocol destroy
INFO: Stopping Coyote HTTP/1.1 on http-8080
Feb 22, 2016 11:58:00 AM org.apache.catalina.core.AprLifecycleListener init
INFO: The APR based Apache Tomcat Native library which allows optimal performance in production environments was not found on the java.library.path: F:\Softwares\jdk1.5.0_04\bin;C:\Windows\Sun\Java\bin;C:\Windows\system32;C:\Windows;C:\Windows\system32;C:\Windows;C:\Windows\System32\Wbem;C:\Windows\System32\WindowsPowerShell\v1.0\;C:\Program Files\Intel\WiFi\bin\;C:\Program Files\Common Files\Intel\WirelessCommon\;C:\Program Files (x86)\Microsoft SQL Server\110\Tools\Binn\;C:\Program Files\Microsoft SQL Server\110\Tools\Binn\;C:\Program Files\Microsoft SQL Server\110\DTS\Binn\;C:\Program Files (x86)\Microsoft SQL Server\110\Tools\Binn\ManagementStudio\;C:\Program Files (x86)\Microsoft SQL Server\110\DTS\Binn\;F:\Softwares\jdk1.5.0_04\bin;.;;.
Feb 22, 2016 11:58:00 AM org.apache.coyote.http11.Http11Protocol init
INFO: Initializing Coyote HTTP/1.1 on http-8080
Feb 22, 2016 11:58:00 AM org.apache.catalina.startup.Catalina load
INFO: Initialization processed in 389 ms
Feb 22, 2016 11:58:00 AM org.apache.catalina.core.StandardService start
INFO: Starting service Catalina
Feb 22, 2016 11:58:00 AM org.apache.catalina.core.StandardEngine start
INFO: Starting Servlet Engine: Apache Tomcat/6.0.44
Feb 22, 2016 11:58:00 AM org.apache.catalina.startup.HostConfig deployDescriptor
INFO: Deploying configuration descriptor host-manager.xml
Feb 22, 2016 11:58:01 AM org.apache.catalina.startup.HostConfig deployDescriptor
INFO: Deploying configuration descriptor manager.xml
Feb 22, 2016 11:58:01 AM org.apache.catalina.startup.HostConfig deployDirectory
INFO: Deploying web application directory Aqsa
Feb 22, 2016 11:58:01 AM org.apache.catalina.startup.HostConfig deployDirectory
INFO: Deploying web application directory docs
Feb 22, 2016 11:58:01 AM org.apache.catalina.startup.HostConfig deployDirectory
INFO: Deploying web application directory Ex1
Feb 22, 2016 11:58:01 AM org.apache.catalina.startup.HostConfig deployDirectory
INFO: Deploying web application directory Ex10-url
Feb 22, 2016 11:58:01 AM org.apache.catalina.startup.HostConfig deployDirectory
INFO: Deploying web application directory Ex11-hidden
Feb 22, 2016 11:58:01 AM org.apache.catalina.startup.HostConfig deployDirectory
INFO: Deploying web application directory Ex11-hidden2
Feb 22, 2016 11:58:01 AM org.apache.catalina.startup.HostConfig deployDirectory
INFO: Deploying web application directory Ex12-cookie
Feb 22, 2016 11:58:01 AM org.apache.catalina.startup.HostConfig deployDirectory
INFO: Deploying web application directory Ex13-sess
Feb 22, 2016 11:58:01 AM org.apache.catalina.startup.HostConfig deployDirectory
INFO: Deploying web application directory Ex14-JSP
Feb 22, 2016 11:58:01 AM org.apache.catalina.startup.HostConfig deployDirectory
INFO: Deploying web application directory Ex15-RDI
Feb 22, 2016 11:58:01 AM org.apache.catalina.startup.HostConfig deployDirectory
INFO: Deploying web application directory Ex16-RDF
Feb 22, 2016 11:58:01 AM org.apache.catalina.startup.HostConfig deployDirectory
INFO: Deploying web application directory Ex17-ajax
Feb 22, 2016 11:58:01 AM org.apache.catalina.startup.HostConfig deployDirectory
INFO: Deploying web application directory Ex2
Feb 22, 2016 11:58:01 AM org.apache.catalina.startup.HostConfig deployDirectory
INFO: Deploying web application directory Ex3
Feb 22, 2016 11:58:01 AM org.apache.catalina.startup.HostConfig deployDirectory
INFO: Deploying web application directory Ex4
Feb 22, 2016 11:58:01 AM org.apache.catalina.startup.HostConfig deployDirectory
INFO: Deploying web application directory Ex4.1
Feb 22, 2016 11:58:01 AM org.apache.catalina.startup.HostConfig deployDirectory
INFO: Deploying web application directory Ex5-re-h
Feb 22, 2016 11:58:01 AM org.apache.catalina.startup.HostConfig deployDirectory
INFO: Deploying web application directory Ex6-re-s
Feb 22, 2016 11:58:01 AM org.apache.catalina.startup.HostConfig deployDirectory
INFO: Deploying web application directory Ex7-for
Feb 22, 2016 11:58:01 AM org.apache.catalina.startup.HostConfig deployDirectory
INFO: Deploying web application directory Ex8-inc
Feb 22, 2016 11:58:01 AM org.apache.catalina.startup.HostConfig deployDirectory
INFO: Deploying web application directory Ex9-config
Feb 22, 2016 11:58:01 AM org.apache.catalina.startup.HostConfig deployDirectory
INFO: Deploying web application directory Ex9-context
Feb 22, 2016 11:58:01 AM org.apache.catalina.startup.HostConfig deployDirectory
INFO: Deploying web application directory examples
Feb 22, 2016 11:58:01 AM org.apache.catalina.startup.HostConfig deployDirectory
INFO: Deploying web application directory includeDirective
Feb 22, 2016 11:58:01 AM org.apache.catalina.startup.HostConfig deployDirectory
INFO: Deploying web application directory JSPBasics
Feb 22, 2016 11:58:01 AM org.apache.catalina.startup.HostConfig deployDirectory
INFO: Deploying web application directory ROOT
Feb 22, 2016 11:58:01 AM org.apache.coyote.http11.Http11Protocol start
INFO: Starting Coyote HTTP/1.1 on http-8080
Feb 22, 2016 11:58:01 AM org.apache.jk.common.ChannelSocket init
INFO: JK: ajp13 listening on /0.0.0.0:8009
Feb 22, 2016 11:58:01 AM org.apache.jk.server.JkMain start
INFO: Jk running ID=0 time=0/16  config=null
Feb 22, 2016 11:58:02 AM org.apache.catalina.startup.Catalina start
INFO: Server startup in 1243 ms
Feb 22, 2016 12:00:12 PM org.apache.catalina.startup.HostConfig checkResources
INFO: Reloading context [/Aqsa]
Feb 22, 2016 12:01:35 PM org.apache.coyote.http11.Http11Protocol pause
INFO: Pausing Coyote HTTP/1.1 on http-8080
Feb 22, 2016 12:01:36 PM org.apache.catalina.core.StandardService stop
INFO: Stopping service Catalina
Feb 22, 2016 12:01:36 PM org.apache.coyote.http11.Http11Protocol destroy
INFO: Stopping Coyote HTTP/1.1 on http-8080
Feb 22, 2016 12:01:39 PM org.apache.catalina.core.AprLifecycleListener init
INFO: The APR based Apache Tomcat Native library which allows optimal performance in production environments was not found on the java.library.path: F:\Softwares\jdk1.5.0_04\bin;C:\Windows\Sun\Java\bin;C:\Windows\system32;C:\Windows;C:\Windows\system32;C:\Windows;C:\Windows\System32\Wbem;C:\Windows\System32\WindowsPowerShell\v1.0\;C:\Program Files\Intel\WiFi\bin\;C:\Program Files\Common Files\Intel\WirelessCommon\;C:\Program Files (x86)\Microsoft SQL Server\110\Tools\Binn\;C:\Program Files\Microsoft SQL Server\110\Tools\Binn\;C:\Program Files\Microsoft SQL Server\110\DTS\Binn\;C:\Program Files (x86)\Microsoft SQL Server\110\Tools\Binn\ManagementStudio\;C:\Program Files (x86)\Microsoft SQL Server\110\DTS\Binn\;F:\Softwares\jdk1.5.0_04\bin;.;;.
Feb 22, 2016 12:01:39 PM org.apache.coyote.http11.Http11Protocol init
INFO: Initializing Coyote HTTP/1.1 on http-8080
Feb 22, 2016 12:01:39 PM org.apache.catalina.startup.Catalina load
INFO: Initialization processed in 414 ms
Feb 22, 2016 12:01:39 PM org.apache.catalina.core.StandardService start
INFO: Starting service Catalina
Feb 22, 2016 12:01:39 PM org.apache.catalina.core.StandardEngine start
INFO: Starting Servlet Engine: Apache Tomcat/6.0.44
Feb 22, 2016 12:01:39 PM org.apache.catalina.startup.HostConfig deployDescriptor
INFO: Deploying configuration descriptor host-manager.xml
Feb 22, 2016 12:01:39 PM org.apache.catalina.startup.HostConfig deployDescriptor
INFO: Deploying configuration descriptor manager.xml
Feb 22, 2016 12:01:39 PM org.apache.catalina.startup.HostConfig deployDirectory
INFO: Deploying web application directory Aqsa
Feb 22, 2016 12:01:39 PM org.apache.catalina.startup.HostConfig deployDirectory
INFO: Deploying web application directory docs
Feb 22, 2016 12:01:39 PM org.apache.catalina.startup.HostConfig deployDirectory
INFO: Deploying web application directory Ex1
Feb 22, 2016 12:01:39 PM org.apache.catalina.startup.HostConfig deployDirectory
INFO: Deploying web application directory Ex10-url
Feb 22, 2016 12:01:39 PM org.apache.catalina.startup.HostConfig deployDirectory
INFO: Deploying web application directory Ex11-hidden
Feb 22, 2016 12:01:39 PM org.apache.catalina.startup.HostConfig deployDirectory
INFO: Deploying web application directory Ex11-hidden2
Feb 22, 2016 12:01:39 PM org.apache.catalina.startup.HostConfig deployDirectory
INFO: Deploying web application directory Ex12-cookie
Feb 22, 2016 12:01:39 PM org.apache.catalina.startup.HostConfig deployDirectory
INFO: Deploying web application directory Ex13-sess
Feb 22, 2016 12:01:39 PM org.apache.catalina.startup.HostConfig deployDirectory
INFO: Deploying web application directory Ex14-JSP
Feb 22, 2016 12:01:39 PM org.apache.catalina.startup.HostConfig deployDirectory
INFO: Deploying web application directory Ex15-RDI
Feb 22, 2016 12:01:39 PM org.apache.catalina.startup.HostConfig deployDirectory
INFO: Deploying web application directory Ex16-RDF
Feb 22, 2016 12:01:39 PM org.apache.catalina.startup.HostConfig deployDirectory
INFO: Deploying web application directory Ex17-ajax
Feb 22, 2016 12:01:40 PM org.apache.catalina.startup.HostConfig deployDirectory
INFO: Deploying web application directory Ex2
Feb 22, 2016 12:01:40 PM org.apache.catalina.startup.HostConfig deployDirectory
INFO: Deploying web application directory Ex3
Feb 22, 2016 12:01:40 PM org.apache.catalina.startup.HostConfig deployDirectory
INFO: Deploying web application directory Ex4
Feb 22, 2016 12:01:40 PM org.apache.catalina.startup.HostConfig deployDirectory
INFO: Deploying web application directory Ex4.1
Feb 22, 2016 12:01:40 PM org.apache.catalina.startup.HostConfig deployDirectory
INFO: Deploying web application directory Ex5-re-h
Feb 22, 2016 12:01:40 PM org.apache.catalina.startup.HostConfig deployDirectory
INFO: Deploying web application directory Ex6-re-s
Feb 22, 2016 12:01:40 PM org.apache.catalina.startup.HostConfig deployDirectory
INFO: Deploying web application directory Ex7-for
Feb 22, 2016 12:01:40 PM org.apache.catalina.startup.HostConfig deployDirectory
INFO: Deploying web application directory Ex8-inc
Feb 22, 2016 12:01:40 PM org.apache.catalina.startup.HostConfig deployDirectory
INFO: Deploying web application directory Ex9-config
Feb 22, 2016 12:01:40 PM org.apache.catalina.startup.HostConfig deployDirectory
INFO: Deploying web application directory Ex9-context
Feb 22, 2016 12:01:40 PM org.apache.catalina.startup.HostConfig deployDirectory
INFO: Deploying web application directory examples
Feb 22, 2016 12:01:40 PM org.apache.catalina.startup.HostConfig deployDirectory
INFO: Deploying web application directory includeDirective
Feb 22, 2016 12:01:40 PM org.apache.catalina.startup.HostConfig deployDirectory
INFO: Deploying web application directory JSPBasics
Feb 22, 2016 12:01:40 PM org.apache.catalina.startup.HostConfig deployDirectory
INFO: Deploying web application directory ROOT
Feb 22, 2016 12:01:40 PM org.apache.coyote.http11.Http11Protocol start
INFO: Starting Coyote HTTP/1.1 on http-8080
Feb 22, 2016 12:01:40 PM org.apache.jk.common.ChannelSocket init
INFO: JK: ajp13 listening on /0.0.0.0:8009
Feb 22, 2016 12:01:40 PM org.apache.jk.server.JkMain start
INFO: Jk running ID=0 time=0/16  config=null
Feb 22, 2016 12:01:40 PM org.apache.catalina.startup.Catalina start
INFO: Server startup in 1252 ms
Feb 22, 2016 12:04:28 PM org.apache.coyote.http11.Http11Protocol pause
INFO: Pausing Coyote HTTP/1.1 on http-8080
Feb 22, 2016 12:04:29 PM org.apache.catalina.core.StandardService stop
INFO: Stopping service Catalina
Feb 22, 2016 12:04:29 PM org.apache.coyote.http11.Http11Protocol destroy
INFO: Stopping Coyote HTTP/1.1 on http-8080
Feb 22, 2016 12:04:57 PM org.apache.catalina.core.AprLifecycleListener init
INFO: The APR based Apache Tomcat Native library which allows optimal performance in production environments was not found on the java.library.path: F:\Softwares\jdk1.5.0_04\bin;C:\Windows\Sun\Java\bin;C:\Windows\system32;C:\Windows;C:\Windows\system32;C:\Windows;C:\Windows\System32\Wbem;C:\Windows\System32\WindowsPowerShell\v1.0\;C:\Program Files\Intel\WiFi\bin\;C:\Program Files\Common Files\Intel\WirelessCommon\;C:\Program Files (x86)\Microsoft SQL Server\110\Tools\Binn\;C:\Program Files\Microsoft SQL Server\110\Tools\Binn\;C:\Program Files\Microsoft SQL Server\110\DTS\Binn\;C:\Program Files (x86)\Microsoft SQL Server\110\Tools\Binn\ManagementStudio\;C:\Program Files (x86)\Microsoft SQL Server\110\DTS\Binn\;F:\Softwares\jdk1.5.0_04\bin;.;;.
Feb 22, 2016 12:04:57 PM org.apache.coyote.http11.Http11Protocol init
INFO: Initializing Coyote HTTP/1.1 on http-8080
Feb 22, 2016 12:04:57 PM org.apache.catalina.startup.Catalina load
INFO: Initialization processed in 410 ms
Feb 22, 2016 12:04:57 PM org.apache.catalina.core.StandardService start
INFO: Starting service Catalina
Feb 22, 2016 12:04:57 PM org.apache.catalina.core.StandardEngine start
INFO: Starting Servlet Engine: Apache Tomcat/6.0.44
Feb 22, 2016 12:04:57 PM org.apache.catalina.startup.HostConfig deployDescriptor
INFO: Deploying configuration descriptor host-manager.xml
Feb 22, 2016 12:04:57 PM org.apache.catalina.startup.HostConfig deployDescriptor
INFO: Deploying configuration descriptor manager.xml
Feb 22, 2016 12:04:57 PM org.apache.catalina.startup.HostConfig deployDirectory
INFO: Deploying web application directory Aqsa
Feb 22, 2016 12:04:57 PM org.apache.catalina.startup.HostConfig deployDirectory
INFO: Deploying web application directory docs
Feb 22, 2016 12:04:57 PM org.apache.catalina.startup.HostConfig deployDirectory
INFO: Deploying web application directory Ex1
Feb 22, 2016 12:04:57 PM org.apache.catalina.startup.HostConfig deployDirectory
INFO: Deploying web application directory Ex10-url
Feb 22, 2016 12:04:57 PM org.apache.catalina.startup.HostConfig deployDirectory
INFO: Deploying web application directory Ex11-hidden
Feb 22, 2016 12:04:57 PM org.apache.catalina.startup.HostConfig deployDirectory
INFO: Deploying web application directory Ex11-hidden2
Feb 22, 2016 12:04:57 PM org.apache.catalina.startup.HostConfig deployDirectory
INFO: Deploying web application directory Ex12-cookie
Feb 22, 2016 12:04:57 PM org.apache.catalina.startup.HostConfig deployDirectory
INFO: Deploying web application directory Ex13-sess
Feb 22, 2016 12:04:57 PM org.apache.catalina.startup.HostConfig deployDirectory
INFO: Deploying web application directory Ex14-JSP
Feb 22, 2016 12:04:57 PM org.apache.catalina.startup.HostConfig deployDirectory
INFO: Deploying web application directory Ex15-RDI
Feb 22, 2016 12:04:57 PM org.apache.catalina.startup.HostConfig deployDirectory
INFO: Deploying web application directory Ex16-RDF
Feb 22, 2016 12:04:57 PM org.apache.catalina.startup.HostConfig deployDirectory
INFO: Deploying web application directory Ex17-ajax
Feb 22, 2016 12:04:57 PM org.apache.catalina.startup.HostConfig deployDirectory
INFO: Deploying web application directory Ex2
Feb 22, 2016 12:04:57 PM org.apache.catalina.startup.HostConfig deployDirectory
INFO: Deploying web application directory Ex3
Feb 22, 2016 12:04:57 PM org.apache.catalina.startup.HostConfig deployDirectory
INFO: Deploying web application directory Ex4
Feb 22, 2016 12:04:58 PM org.apache.catalina.startup.HostConfig deployDirectory
INFO: Deploying web application directory Ex4.1
Feb 22, 2016 12:04:58 PM org.apache.catalina.startup.HostConfig deployDirectory
INFO: Deploying web application directory Ex5-re-h
Feb 22, 2016 12:04:58 PM org.apache.catalina.startup.HostConfig deployDirectory
INFO: Deploying web application directory Ex6-re-s
Feb 22, 2016 12:04:58 PM org.apache.catalina.startup.HostConfig deployDirectory
INFO: Deploying web application directory Ex7-for
Feb 22, 2016 12:04:58 PM org.apache.catalina.startup.HostConfig deployDirectory
INFO: Deploying web application directory Ex8-inc
Feb 22, 2016 12:04:58 PM org.apache.catalina.startup.HostConfig deployDirectory
INFO: Deploying web application directory Ex9-config
Feb 22, 2016 12:04:58 PM org.apache.catalina.startup.HostConfig deployDirectory
INFO: Deploying web application directory Ex9-context
Feb 22, 2016 12:04:58 PM org.apache.catalina.startup.HostConfig deployDirectory
INFO: Deploying web application directory examples
Feb 22, 2016 12:04:58 PM org.apache.catalina.startup.HostConfig deployDirectory
INFO: Deploying web application directory includeDirective
Feb 22, 2016 12:04:58 PM org.apache.catalina.startup.HostConfig deployDirectory
INFO: Deploying web application directory JSPBasics
Feb 22, 2016 12:04:58 PM org.apache.catalina.startup.HostConfig deployDirectory
INFO: Deploying web application directory ROOT
Feb 22, 2016 12:04:58 PM org.apache.coyote.http11.Http11Protocol start
INFO: Starting Coyote HTTP/1.1 on http-8080
Feb 22, 2016 12:04:58 PM org.apache.jk.common.ChannelSocket init
INFO: JK: ajp13 listening on /0.0.0.0:8009
Feb 22, 2016 12:04:58 PM org.apache.jk.server.JkMain start
INFO: Jk running ID=0 time=0/18  config=null
Feb 22, 2016 12:04:58 PM org.apache.catalina.startup.Catalina start
INFO: Server startup in 1346 ms
Feb 22, 2016 12:05:39 PM org.apache.coyote.http11.Http11Protocol pause
INFO: Pausing Coyote HTTP/1.1 on http-8080
Feb 22, 2016 12:05:40 PM org.apache.catalina.core.StandardService stop
INFO: Stopping service Catalina
Feb 22, 2016 12:05:41 PM org.apache.coyote.http11.Http11Protocol destroy
INFO: Stopping Coyote HTTP/1.1 on http-8080
Feb 22, 2016 12:05:43 PM org.apache.catalina.core.AprLifecycleListener init
INFO: The APR based Apache Tomcat Native library which allows optimal performance in production environments was not found on the java.library.path: F:\Softwares\jdk1.5.0_04\bin;C:\Windows\Sun\Java\bin;C:\Windows\system32;C:\Windows;C:\Windows\system32;C:\Windows;C:\Windows\System32\Wbem;C:\Windows\System32\WindowsPowerShell\v1.0\;C:\Program Files\Intel\WiFi\bin\;C:\Program Files\Common Files\Intel\WirelessCommon\;C:\Program Files (x86)\Microsoft SQL Server\110\Tools\Binn\;C:\Program Files\Microsoft SQL Server\110\Tools\Binn\;C:\Program Files\Microsoft SQL Server\110\DTS\Binn\;C:\Program Files (x86)\Microsoft SQL Server\110\Tools\Binn\ManagementStudio\;C:\Program Files (x86)\Microsoft SQL Server\110\DTS\Binn\;F:\Softwares\jdk1.5.0_04\bin;.;;.
Feb 22, 2016 12:05:43 PM org.apache.coyote.http11.Http11Protocol init
INFO: Initializing Coyote HTTP/1.1 on http-8080
Feb 22, 2016 12:05:43 PM org.apache.catalina.startup.Catalina load
INFO: Initialization processed in 407 ms
Feb 22, 2016 12:05:43 PM org.apache.catalina.core.StandardService start
INFO: Starting service Catalina
Feb 22, 2016 12:05:43 PM org.apache.catalina.core.StandardEngine start
INFO: Starting Servlet Engine: Apache Tomcat/6.0.44
Feb 22, 2016 12:05:43 PM org.apache.catalina.startup.HostConfig deployDescriptor
INFO: Deploying configuration descriptor host-manager.xml
Feb 22, 2016 12:05:43 PM org.apache.catalina.startup.HostConfig deployDescriptor
INFO: Deploying configuration descriptor manager.xml
Feb 22, 2016 12:05:44 PM org.apache.catalina.startup.HostConfig deployDirectory
INFO: Deploying web application directory Aqsa
Feb 22, 2016 12:05:44 PM org.apache.catalina.startup.HostConfig deployDirectory
INFO: Deploying web application directory docs
Feb 22, 2016 12:05:44 PM org.apache.catalina.startup.HostConfig deployDirectory
INFO: Deploying web application directory Ex1
Feb 22, 2016 12:05:44 PM org.apache.catalina.startup.HostConfig deployDirectory
INFO: Deploying web application directory Ex10-url
Feb 22, 2016 12:05:44 PM org.apache.catalina.startup.HostConfig deployDirectory
INFO: Deploying web application directory Ex11-hidden
Feb 22, 2016 12:05:44 PM org.apache.catalina.startup.HostConfig deployDirectory
INFO: Deploying web application directory Ex11-hidden2
Feb 22, 2016 12:05:44 PM org.apache.catalina.startup.HostConfig deployDirectory
INFO: Deploying web application directory Ex12-cookie
Feb 22, 2016 12:05:44 PM org.apache.catalina.startup.HostConfig deployDirectory
INFO: Deploying web application directory Ex13-sess
Feb 22, 2016 12:05:44 PM org.apache.catalina.startup.HostConfig deployDirectory
INFO: Deploying web application directory Ex14-JSP
Feb 22, 2016 12:05:44 PM org.apache.catalina.startup.HostConfig deployDirectory
INFO: Deploying web application directory Ex15-RDI
Feb 22, 2016 12:05:44 PM org.apache.catalina.startup.HostConfig deployDirectory
INFO: Deploying web application directory Ex16-RDF
Feb 22, 2016 12:05:44 PM org.apache.catalina.startup.HostConfig deployDirectory
INFO: Deploying web application directory Ex17-ajax
Feb 22, 2016 12:05:44 PM org.apache.catalina.startup.HostConfig deployDirectory
INFO: Deploying web application directory Ex2
Feb 22, 2016 12:05:44 PM org.apache.catalina.startup.HostConfig deployDirectory
INFO: Deploying web application directory Ex3
Feb 22, 2016 12:05:44 PM org.apache.catalina.startup.HostConfig deployDirectory
INFO: Deploying web application directory Ex4
Feb 22, 2016 12:05:44 PM org.apache.catalina.startup.HostConfig deployDirectory
INFO: Deploying web application directory Ex4.1
Feb 22, 2016 12:05:44 PM org.apache.catalina.startup.HostConfig deployDirectory
INFO: Deploying web application directory Ex5-re-h
Feb 22, 2016 12:05:44 PM org.apache.catalina.startup.HostConfig deployDirectory
INFO: Deploying web application directory Ex6-re-s
Feb 22, 2016 12:05:44 PM org.apache.catalina.startup.HostConfig deployDirectory
INFO: Deploying web application directory Ex7-for
Feb 22, 2016 12:05:44 PM org.apache.catalina.startup.HostConfig deployDirectory
INFO: Deploying web application directory Ex8-inc
Feb 22, 2016 12:05:44 PM org.apache.catalina.startup.HostConfig deployDirectory
INFO: Deploying web application directory Ex9-config
Feb 22, 2016 12:05:44 PM org.apache.catalina.startup.HostConfig deployDirectory
INFO: Deploying web application directory Ex9-context
Feb 22, 2016 12:05:44 PM org.apache.catalina.startup.HostConfig deployDirectory
INFO: Deploying web application directory examples
Feb 22, 2016 12:05:44 PM org.apache.catalina.startup.HostConfig deployDirectory
INFO: Deploying web application directory includeDirective
Feb 22, 2016 12:05:44 PM org.apache.catalina.startup.HostConfig deployDirectory
INFO: Deploying web application directory JSPBasics
Feb 22, 2016 12:05:44 PM org.apache.catalina.startup.HostConfig deployDirectory
INFO: Deploying web application directory ROOT
Feb 22, 2016 12:05:44 PM org.apache.coyote.http11.Http11Protocol start
INFO: Starting Coyote HTTP/1.1 on http-8080
Feb 22, 2016 12:05:44 PM org.apache.jk.common.ChannelSocket init
INFO: JK: ajp13 listening on /0.0.0.0:8009
Feb 22, 2016 12:05:44 PM org.apache.jk.server.JkMain start
INFO: Jk running ID=0 time=0/33  config=null
Feb 22, 2016 12:05:44 PM org.apache.catalina.startup.Catalina start
INFO: Server startup in 1268 ms
Feb 22, 2016 12:06:18 PM org.apache.coyote.http11.Http11Protocol pause
INFO: Pausing Coyote HTTP/1.1 on http-8080
Feb 22, 2016 12:06:19 PM org.apache.catalina.core.StandardService stop
INFO: Stopping service Catalina
Feb 22, 2016 12:06:19 PM org.apache.coyote.http11.Http11Protocol destroy
INFO: Stopping Coyote HTTP/1.1 on http-8080
Feb 22, 2016 12:06:42 PM org.apache.catalina.startup.Catalina stopServer
SEVERE: Catalina.stop: 
java.net.ConnectException: Connection refused: connect
	at java.net.PlainSocketImpl.socketConnect(Native Method)
	at java.net.PlainSocketImpl.doConnect(PlainSocketImpl.java:333)
	at java.net.PlainSocketImpl.connectToAddress(PlainSocketImpl.java:195)
	at java.net.PlainSocketImpl.connect(PlainSocketImpl.java:182)
	at java.net.SocksSocketImpl.connect(SocksSocketImpl.java:364)
	at java.net.Socket.connect(Socket.java:507)
	at java.net.Socket.connect(Socket.java:457)
	at java.net.Socket.<init>(Socket.java:365)
	at java.net.Socket.<init>(Socket.java:178)
	at org.apache.catalina.startup.Catalina.stopServer(Catalina.java:422)
	at sun.reflect.NativeMethodAccessorImpl.invoke0(Native Method)
	at sun.reflect.NativeMethodAccessorImpl.invoke(NativeMethodAccessorImpl.java:39)
	at sun.reflect.DelegatingMethodAccessorImpl.invoke(DelegatingMethodAccessorImpl.java:25)
	at java.lang.reflect.Method.invoke(Method.java:585)
	at org.apache.catalina.startup.Bootstrap.stopServer(Bootstrap.java:338)
	at org.apache.catalina.startup.Bootstrap.main(Bootstrap.java:416)
Feb 22, 2016 12:06:45 PM org.apache.catalina.core.AprLifecycleListener init
INFO: The APR based Apache Tomcat Native library which allows optimal performance in production environments was not found on the java.library.path: F:\Softwares\jdk1.5.0_04\bin;C:\Windows\Sun\Java\bin;C:\Windows\system32;C:\Windows;C:\Windows\system32;C:\Windows;C:\Windows\System32\Wbem;C:\Windows\System32\WindowsPowerShell\v1.0\;C:\Program Files\Intel\WiFi\bin\;C:\Program Files\Common Files\Intel\WirelessCommon\;C:\Program Files (x86)\Microsoft SQL Server\110\Tools\Binn\;C:\Program Files\Microsoft SQL Server\110\Tools\Binn\;C:\Program Files\Microsoft SQL Server\110\DTS\Binn\;C:\Program Files (x86)\Microsoft SQL Server\110\Tools\Binn\ManagementStudio\;C:\Program Files (x86)\Microsoft SQL Server\110\DTS\Binn\;F:\Softwares\jdk1.5.0_04\bin;.;;.
Feb 22, 2016 12:06:45 PM org.apache.coyote.http11.Http11Protocol init
INFO: Initializing Coyote HTTP/1.1 on http-8080
Feb 22, 2016 12:06:45 PM org.apache.catalina.startup.Catalina load
INFO: Initialization processed in 388 ms
Feb 22, 2016 12:06:45 PM org.apache.catalina.core.StandardService start
INFO: Starting service Catalina
Feb 22, 2016 12:06:45 PM org.apache.catalina.core.StandardEngine start
INFO: Starting Servlet Engine: Apache Tomcat/6.0.44
Feb 22, 2016 12:06:45 PM org.apache.catalina.startup.HostConfig deployDescriptor
INFO: Deploying configuration descriptor host-manager.xml
Feb 22, 2016 12:06:45 PM org.apache.catalina.startup.HostConfig deployDescriptor
INFO: Deploying configuration descriptor manager.xml
Feb 22, 2016 12:06:45 PM org.apache.catalina.startup.HostConfig deployDirectory
INFO: Deploying web application directory Aqsa
Feb 22, 2016 12:06:45 PM org.apache.catalina.startup.HostConfig deployDirectory
INFO: Deploying web application directory docs
Feb 22, 2016 12:06:45 PM org.apache.catalina.startup.HostConfig deployDirectory
INFO: Deploying web application directory Ex1
Feb 22, 2016 12:06:45 PM org.apache.catalina.startup.HostConfig deployDirectory
INFO: Deploying web application directory Ex10-url
Feb 22, 2016 12:06:46 PM org.apache.catalina.startup.HostConfig deployDirectory
INFO: Deploying web application directory Ex11-hidden
Feb 22, 2016 12:06:46 PM org.apache.catalina.startup.HostConfig deployDirectory
INFO: Deploying web application directory Ex11-hidden2
Feb 22, 2016 12:06:46 PM org.apache.catalina.startup.HostConfig deployDirectory
INFO: Deploying web application directory Ex12-cookie
Feb 22, 2016 12:06:46 PM org.apache.catalina.startup.HostConfig deployDirectory
INFO: Deploying web application directory Ex13-sess
Feb 22, 2016 12:06:46 PM org.apache.catalina.startup.HostConfig deployDirectory
INFO: Deploying web application directory Ex14-JSP
Feb 22, 2016 12:06:46 PM org.apache.catalina.startup.HostConfig deployDirectory
INFO: Deploying web application directory Ex15-RDI
Feb 22, 2016 12:06:46 PM org.apache.catalina.startup.HostConfig deployDirectory
INFO: Deploying web application directory Ex16-RDF
Feb 22, 2016 12:06:46 PM org.apache.catalina.startup.HostConfig deployDirectory
INFO: Deploying web application directory Ex17-ajax
Feb 22, 2016 12:06:46 PM org.apache.catalina.startup.HostConfig deployDirectory
INFO: Deploying web application directory Ex2
Feb 22, 2016 12:06:46 PM org.apache.catalina.startup.HostConfig deployDirectory
INFO: Deploying web application directory Ex3
Feb 22, 2016 12:06:46 PM org.apache.catalina.startup.HostConfig deployDirectory
INFO: Deploying web application directory Ex4
Feb 22, 2016 12:06:46 PM org.apache.catalina.startup.HostConfig deployDirectory
INFO: Deploying web application directory Ex4.1
Feb 22, 2016 12:06:46 PM org.apache.catalina.startup.HostConfig deployDirectory
INFO: Deploying web application directory Ex5-re-h
Feb 22, 2016 12:06:46 PM org.apache.catalina.startup.HostConfig deployDirectory
INFO: Deploying web application directory Ex6-re-s
Feb 22, 2016 12:06:46 PM org.apache.catalina.startup.HostConfig deployDirectory
INFO: Deploying web application directory Ex7-for
Feb 22, 2016 12:06:46 PM org.apache.catalina.startup.HostConfig deployDirectory
INFO: Deploying web application directory Ex8-inc
Feb 22, 2016 12:06:46 PM org.apache.catalina.startup.HostConfig deployDirectory
INFO: Deploying web application directory Ex9-config
Feb 22, 2016 12:06:46 PM org.apache.catalina.startup.HostConfig deployDirectory
INFO: Deploying web application directory Ex9-context
Feb 22, 2016 12:06:46 PM org.apache.catalina.startup.HostConfig deployDirectory
INFO: Deploying web application directory examples
Feb 22, 2016 12:06:46 PM org.apache.catalina.startup.HostConfig deployDirectory
INFO: Deploying web application directory includeDirective
Feb 22, 2016 12:06:46 PM org.apache.catalina.startup.HostConfig deployDirectory
INFO: Deploying web application directory JSPBasics
Feb 22, 2016 12:06:46 PM org.apache.catalina.startup.HostConfig deployDirectory
INFO: Deploying web application directory ROOT
Feb 22, 2016 12:06:46 PM org.apache.coyote.http11.Http11Protocol start
INFO: Starting Coyote HTTP/1.1 on http-8080
Feb 22, 2016 12:06:46 PM org.apache.jk.common.ChannelSocket init
INFO: JK: ajp13 listening on /0.0.0.0:8009
Feb 22, 2016 12:06:46 PM org.apache.jk.server.JkMain start
INFO: Jk running ID=0 time=0/19  config=null
Feb 22, 2016 12:06:46 PM org.apache.catalina.startup.Catalina start
INFO: Server startup in 1320 ms
Feb 22, 2016 12:12:40 PM org.apache.coyote.http11.Http11Protocol pause
INFO: Pausing Coyote HTTP/1.1 on http-8080
Feb 22, 2016 12:12:41 PM org.apache.catalina.core.StandardService stop
INFO: Stopping service Catalina
Feb 22, 2016 12:12:42 PM org.apache.coyote.http11.Http11Protocol destroy
INFO: Stopping Coyote HTTP/1.1 on http-8080
Feb 22, 2016 12:12:43 PM org.apache.catalina.core.AprLifecycleListener init
INFO: The APR based Apache Tomcat Native library which allows optimal performance in production environments was not found on the java.library.path: F:\Softwares\jdk1.5.0_04\bin;C:\Windows\Sun\Java\bin;C:\Windows\system32;C:\Windows;C:\Windows\system32;C:\Windows;C:\Windows\System32\Wbem;C:\Windows\System32\WindowsPowerShell\v1.0\;C:\Program Files\Intel\WiFi\bin\;C:\Program Files\Common Files\Intel\WirelessCommon\;C:\Program Files (x86)\Microsoft SQL Server\110\Tools\Binn\;C:\Program Files\Microsoft SQL Server\110\Tools\Binn\;C:\Program Files\Microsoft SQL Server\110\DTS\Binn\;C:\Program Files (x86)\Microsoft SQL Server\110\Tools\Binn\ManagementStudio\;C:\Program Files (x86)\Microsoft SQL Server\110\DTS\Binn\;F:\Softwares\jdk1.5.0_04\bin;.;;.
Feb 22, 2016 12:12:43 PM org.apache.coyote.http11.Http11Protocol init
INFO: Initializing Coyote HTTP/1.1 on http-8080
Feb 22, 2016 12:12:43 PM org.apache.catalina.startup.Catalina load
INFO: Initialization processed in 393 ms
Feb 22, 2016 12:12:43 PM org.apache.catalina.core.StandardService start
INFO: Starting service Catalina
Feb 22, 2016 12:12:43 PM org.apache.catalina.core.StandardEngine start
INFO: Starting Servlet Engine: Apache Tomcat/6.0.44
Feb 22, 2016 12:12:43 PM org.apache.catalina.startup.HostConfig deployDescriptor
INFO: Deploying configuration descriptor host-manager.xml
Feb 22, 2016 12:12:43 PM org.apache.catalina.startup.HostConfig deployDescriptor
INFO: Deploying configuration descriptor manager.xml
Feb 22, 2016 12:12:43 PM org.apache.catalina.startup.HostConfig deployDirectory
INFO: Deploying web application directory Aqsa
Feb 22, 2016 12:12:43 PM org.apache.catalina.startup.HostConfig deployDirectory
INFO: Deploying web application directory docs
Feb 22, 2016 12:12:43 PM org.apache.catalina.startup.HostConfig deployDirectory
INFO: Deploying web application directory Ex1
Feb 22, 2016 12:12:43 PM org.apache.catalina.startup.HostConfig deployDirectory
INFO: Deploying web application directory Ex10-url
Feb 22, 2016 12:12:43 PM org.apache.catalina.startup.HostConfig deployDirectory
INFO: Deploying web application directory Ex11-hidden
Feb 22, 2016 12:12:43 PM org.apache.catalina.startup.HostConfig deployDirectory
INFO: Deploying web application directory Ex11-hidden2
Feb 22, 2016 12:12:43 PM org.apache.catalina.startup.HostConfig deployDirectory
INFO: Deploying web application directory Ex12-cookie
Feb 22, 2016 12:12:43 PM org.apache.catalina.startup.HostConfig deployDirectory
INFO: Deploying web application directory Ex13-sess
Feb 22, 2016 12:12:43 PM org.apache.catalina.startup.HostConfig deployDirectory
INFO: Deploying web application directory Ex14-JSP
Feb 22, 2016 12:12:44 PM org.apache.catalina.startup.HostConfig deployDirectory
INFO: Deploying web application directory Ex15-RDI
Feb 22, 2016 12:12:44 PM org.apache.catalina.startup.HostConfig deployDirectory
INFO: Deploying web application directory Ex16-RDF
Feb 22, 2016 12:12:44 PM org.apache.catalina.startup.HostConfig deployDirectory
INFO: Deploying web application directory Ex17-ajax
Feb 22, 2016 12:12:44 PM org.apache.catalina.startup.HostConfig deployDirectory
INFO: Deploying web application directory Ex2
Feb 22, 2016 12:12:44 PM org.apache.catalina.startup.HostConfig deployDirectory
INFO: Deploying web application directory Ex3
Feb 22, 2016 12:12:44 PM org.apache.catalina.startup.HostConfig deployDirectory
INFO: Deploying web application directory Ex4
Feb 22, 2016 12:12:44 PM org.apache.catalina.startup.HostConfig deployDirectory
INFO: Deploying web application directory Ex4.1
Feb 22, 2016 12:12:44 PM org.apache.catalina.startup.HostConfig deployDirectory
INFO: Deploying web application directory Ex5-re-h
Feb 22, 2016 12:12:44 PM org.apache.catalina.startup.HostConfig deployDirectory
INFO: Deploying web application directory Ex6-re-s
Feb 22, 2016 12:12:44 PM org.apache.catalina.startup.HostConfig deployDirectory
INFO: Deploying web application directory Ex7-for
Feb 22, 2016 12:12:44 PM org.apache.catalina.startup.HostConfig deployDirectory
INFO: Deploying web application directory Ex8-inc
Feb 22, 2016 12:12:44 PM org.apache.catalina.startup.HostConfig deployDirectory
INFO: Deploying web application directory Ex9-config
Feb 22, 2016 12:12:44 PM org.apache.catalina.startup.HostConfig deployDirectory
INFO: Deploying web application directory Ex9-context
Feb 22, 2016 12:12:44 PM org.apache.catalina.startup.HostConfig deployDirectory
INFO: Deploying web application directory examples
Feb 22, 2016 12:12:44 PM org.apache.catalina.startup.HostConfig deployDirectory
INFO: Deploying web application directory includeDirective
Feb 22, 2016 12:12:44 PM org.apache.catalina.startup.HostConfig deployDirectory
INFO: Deploying web application directory JSPBasics
Feb 22, 2016 12:12:44 PM org.apache.catalina.startup.HostConfig deployDirectory
INFO: Deploying web application directory ROOT
Feb 22, 2016 12:12:44 PM org.apache.coyote.http11.Http11Protocol start
INFO: Starting Coyote HTTP/1.1 on http-8080
Feb 22, 2016 12:12:44 PM org.apache.jk.common.ChannelSocket init
INFO: JK: ajp13 listening on /0.0.0.0:8009
Feb 22, 2016 12:12:44 PM org.apache.jk.server.JkMain start
INFO: Jk running ID=0 time=0/17  config=null
Feb 22, 2016 12:12:44 PM org.apache.catalina.startup.Catalina start
INFO: Server startup in 1251 ms
Feb 22, 2016 12:15:32 PM org.apache.coyote.http11.Http11Protocol pause
INFO: Pausing Coyote HTTP/1.1 on http-8080
Feb 22, 2016 12:15:33 PM org.apache.catalina.core.StandardService stop
INFO: Stopping service Catalina
Feb 22, 2016 12:15:33 PM org.apache.coyote.http11.Http11Protocol destroy
INFO: Stopping Coyote HTTP/1.1 on http-8080
Feb 22, 2016 12:15:35 PM org.apache.catalina.core.AprLifecycleListener init
INFO: The APR based Apache Tomcat Native library which allows optimal performance in production environments was not found on the java.library.path: F:\Softwares\jdk1.5.0_04\bin;C:\Windows\Sun\Java\bin;C:\Windows\system32;C:\Windows;C:\Windows\system32;C:\Windows;C:\Windows\System32\Wbem;C:\Windows\System32\WindowsPowerShell\v1.0\;C:\Program Files\Intel\WiFi\bin\;C:\Program Files\Common Files\Intel\WirelessCommon\;C:\Program Files (x86)\Microsoft SQL Server\110\Tools\Binn\;C:\Program Files\Microsoft SQL Server\110\Tools\Binn\;C:\Program Files\Microsoft SQL Server\110\DTS\Binn\;C:\Program Files (x86)\Microsoft SQL Server\110\Tools\Binn\ManagementStudio\;C:\Program Files (x86)\Microsoft SQL Server\110\DTS\Binn\;F:\Softwares\jdk1.5.0_04\bin;.;;.
Feb 22, 2016 12:15:35 PM org.apache.coyote.http11.Http11Protocol init
INFO: Initializing Coyote HTTP/1.1 on http-8080
Feb 22, 2016 12:15:35 PM org.apache.catalina.startup.Catalina load
INFO: Initialization processed in 398 ms
Feb 22, 2016 12:15:35 PM org.apache.catalina.core.StandardService start
INFO: Starting service Catalina
Feb 22, 2016 12:15:35 PM org.apache.catalina.core.StandardEngine start
INFO: Starting Servlet Engine: Apache Tomcat/6.0.44
Feb 22, 2016 12:15:35 PM org.apache.catalina.startup.HostConfig deployDescriptor
INFO: Deploying configuration descriptor host-manager.xml
Feb 22, 2016 12:15:35 PM org.apache.catalina.startup.HostConfig deployDescriptor
INFO: Deploying configuration descriptor manager.xml
Feb 22, 2016 12:15:35 PM org.apache.catalina.startup.HostConfig deployDirectory
INFO: Deploying web application directory Aqsa
Feb 22, 2016 12:15:35 PM org.apache.catalina.startup.HostConfig deployDirectory
INFO: Deploying web application directory docs
Feb 22, 2016 12:15:35 PM org.apache.catalina.startup.HostConfig deployDirectory
INFO: Deploying web application directory Ex1
Feb 22, 2016 12:15:35 PM org.apache.catalina.startup.HostConfig deployDirectory
INFO: Deploying web application directory Ex10-url
Feb 22, 2016 12:15:35 PM org.apache.catalina.startup.HostConfig deployDirectory
INFO: Deploying web application directory Ex11-hidden
Feb 22, 2016 12:15:35 PM org.apache.catalina.startup.HostConfig deployDirectory
INFO: Deploying web application directory Ex11-hidden2
Feb 22, 2016 12:15:36 PM org.apache.catalina.startup.HostConfig deployDirectory
INFO: Deploying web application directory Ex12-cookie
Feb 22, 2016 12:15:36 PM org.apache.catalina.startup.HostConfig deployDirectory
INFO: Deploying web application directory Ex13-sess
Feb 22, 2016 12:15:36 PM org.apache.catalina.startup.HostConfig deployDirectory
INFO: Deploying web application directory Ex14-JSP
Feb 22, 2016 12:15:36 PM org.apache.catalina.startup.HostConfig deployDirectory
INFO: Deploying web application directory Ex15-RDI
Feb 22, 2016 12:15:36 PM org.apache.catalina.startup.HostConfig deployDirectory
INFO: Deploying web application directory Ex16-RDF
Feb 22, 2016 12:15:36 PM org.apache.catalina.startup.HostConfig deployDirectory
INFO: Deploying web application directory Ex17-ajax
Feb 22, 2016 12:15:36 PM org.apache.catalina.startup.HostConfig deployDirectory
INFO: Deploying web application directory Ex2
Feb 22, 2016 12:15:36 PM org.apache.catalina.startup.HostConfig deployDirectory
INFO: Deploying web application directory Ex3
Feb 22, 2016 12:15:36 PM org.apache.catalina.startup.HostConfig deployDirectory
INFO: Deploying web application directory Ex4
Feb 22, 2016 12:15:36 PM org.apache.catalina.startup.HostConfig deployDirectory
INFO: Deploying web application directory Ex4.1
Feb 22, 2016 12:15:36 PM org.apache.catalina.startup.HostConfig deployDirectory
INFO: Deploying web application directory Ex5-re-h
Feb 22, 2016 12:15:36 PM org.apache.catalina.startup.HostConfig deployDirectory
INFO: Deploying web application directory Ex6-re-s
Feb 22, 2016 12:15:36 PM org.apache.catalina.startup.HostConfig deployDirectory
INFO: Deploying web application directory Ex7-for
Feb 22, 2016 12:15:36 PM org.apache.catalina.startup.HostConfig deployDirectory
INFO: Deploying web application directory Ex8-inc
Feb 22, 2016 12:15:36 PM org.apache.catalina.startup.HostConfig deployDirectory
INFO: Deploying web application directory Ex9-config
Feb 22, 2016 12:15:36 PM org.apache.catalina.startup.HostConfig deployDirectory
INFO: Deploying web application directory Ex9-context
Feb 22, 2016 12:15:36 PM org.apache.catalina.startup.HostConfig deployDirectory
INFO: Deploying web application directory examples
Feb 22, 2016 12:15:36 PM org.apache.catalina.startup.HostConfig deployDirectory
INFO: Deploying web application directory includeDirective
Feb 22, 2016 12:15:36 PM org.apache.catalina.startup.HostConfig deployDirectory
INFO: Deploying web application directory JSPBasics
Feb 22, 2016 12:15:36 PM org.apache.catalina.startup.HostConfig deployDirectory
INFO: Deploying web application directory ROOT
Feb 22, 2016 12:15:36 PM org.apache.coyote.http11.Http11Protocol start
INFO: Starting Coyote HTTP/1.1 on http-8080
Feb 22, 2016 12:15:36 PM org.apache.jk.common.ChannelSocket init
INFO: JK: ajp13 listening on /0.0.0.0:8009
Feb 22, 2016 12:15:36 PM org.apache.jk.server.JkMain start
INFO: Jk running ID=0 time=0/16  config=null
Feb 22, 2016 12:15:36 PM org.apache.catalina.startup.Catalina start
INFO: Server startup in 1247 ms
Feb 22, 2016 12:16:18 PM org.apache.coyote.http11.Http11Protocol pause
INFO: Pausing Coyote HTTP/1.1 on http-8080
Feb 22, 2016 12:16:19 PM org.apache.catalina.core.StandardService stop
INFO: Stopping service Catalina
Feb 22, 2016 12:16:19 PM org.apache.coyote.http11.Http11Protocol destroy
INFO: Stopping Coyote HTTP/1.1 on http-8080
Feb 22, 2016 12:16:21 PM org.apache.catalina.core.AprLifecycleListener init
INFO: The APR based Apache Tomcat Native library which allows optimal performance in production environments was not found on the java.library.path: F:\Softwares\jdk1.5.0_04\bin;C:\Windows\Sun\Java\bin;C:\Windows\system32;C:\Windows;C:\Windows\system32;C:\Windows;C:\Windows\System32\Wbem;C:\Windows\System32\WindowsPowerShell\v1.0\;C:\Program Files\Intel\WiFi\bin\;C:\Program Files\Common Files\Intel\WirelessCommon\;C:\Program Files (x86)\Microsoft SQL Server\110\Tools\Binn\;C:\Program Files\Microsoft SQL Server\110\Tools\Binn\;C:\Program Files\Microsoft SQL Server\110\DTS\Binn\;C:\Program Files (x86)\Microsoft SQL Server\110\Tools\Binn\ManagementStudio\;C:\Program Files (x86)\Microsoft SQL Server\110\DTS\Binn\;F:\Softwares\jdk1.5.0_04\bin;.;;.
Feb 22, 2016 12:16:21 PM org.apache.coyote.http11.Http11Protocol init
INFO: Initializing Coyote HTTP/1.1 on http-8080
Feb 22, 2016 12:16:21 PM org.apache.catalina.startup.Catalina load
INFO: Initialization processed in 410 ms
Feb 22, 2016 12:16:21 PM org.apache.catalina.core.StandardService start
INFO: Starting service Catalina
Feb 22, 2016 12:16:21 PM org.apache.catalina.core.StandardEngine start
INFO: Starting Servlet Engine: Apache Tomcat/6.0.44
Feb 22, 2016 12:16:21 PM org.apache.catalina.startup.HostConfig deployDescriptor
INFO: Deploying configuration descriptor host-manager.xml
Feb 22, 2016 12:16:21 PM org.apache.catalina.startup.HostConfig deployDescriptor
INFO: Deploying configuration descriptor manager.xml
Feb 22, 2016 12:16:21 PM org.apache.catalina.startup.HostConfig deployDirectory
INFO: Deploying web application directory Aqsa
Feb 22, 2016 12:16:21 PM org.apache.catalina.startup.HostConfig deployDirectory
INFO: Deploying web application directory docs
Feb 22, 2016 12:16:21 PM org.apache.catalina.startup.HostConfig deployDirectory
INFO: Deploying web application directory Ex1
Feb 22, 2016 12:16:21 PM org.apache.catalina.startup.HostConfig deployDirectory
INFO: Deploying web application directory Ex10-url
Feb 22, 2016 12:16:21 PM org.apache.catalina.startup.HostConfig deployDirectory
INFO: Deploying web application directory Ex11-hidden
Feb 22, 2016 12:16:22 PM org.apache.catalina.startup.HostConfig deployDirectory
INFO: Deploying web application directory Ex11-hidden2
Feb 22, 2016 12:16:22 PM org.apache.catalina.startup.HostConfig deployDirectory
INFO: Deploying web application directory Ex12-cookie
Feb 22, 2016 12:16:22 PM org.apache.catalina.startup.HostConfig deployDirectory
INFO: Deploying web application directory Ex13-sess
Feb 22, 2016 12:16:22 PM org.apache.catalina.startup.HostConfig deployDirectory
INFO: Deploying web application directory Ex14-JSP
Feb 22, 2016 12:16:22 PM org.apache.catalina.startup.HostConfig deployDirectory
INFO: Deploying web application directory Ex15-RDI
Feb 22, 2016 12:16:22 PM org.apache.catalina.startup.HostConfig deployDirectory
INFO: Deploying web application directory Ex16-RDF
Feb 22, 2016 12:16:22 PM org.apache.catalina.startup.HostConfig deployDirectory
INFO: Deploying web application directory Ex17-ajax
Feb 22, 2016 12:16:22 PM org.apache.catalina.startup.HostConfig deployDirectory
INFO: Deploying web application directory Ex2
Feb 22, 2016 12:16:22 PM org.apache.catalina.startup.HostConfig deployDirectory
INFO: Deploying web application directory Ex3
Feb 22, 2016 12:16:22 PM org.apache.catalina.startup.HostConfig deployDirectory
INFO: Deploying web application directory Ex4
Feb 22, 2016 12:16:22 PM org.apache.catalina.startup.HostConfig deployDirectory
INFO: Deploying web application directory Ex4.1
Feb 22, 2016 12:16:22 PM org.apache.catalina.startup.HostConfig deployDirectory
INFO: Deploying web application directory Ex5-re-h
Feb 22, 2016 12:16:22 PM org.apache.catalina.startup.HostConfig deployDirectory
INFO: Deploying web application directory Ex6-re-s
Feb 22, 2016 12:16:22 PM org.apache.catalina.startup.HostConfig deployDirectory
INFO: Deploying web application directory Ex7-for
Feb 22, 2016 12:16:22 PM org.apache.catalina.startup.HostConfig deployDirectory
INFO: Deploying web application directory Ex8-inc
Feb 22, 2016 12:16:22 PM org.apache.catalina.startup.HostConfig deployDirectory
INFO: Deploying web application directory Ex9-config
Feb 22, 2016 12:16:22 PM org.apache.catalina.startup.HostConfig deployDirectory
INFO: Deploying web application directory Ex9-context
Feb 22, 2016 12:16:22 PM org.apache.catalina.startup.HostConfig deployDirectory
INFO: Deploying web application directory examples
Feb 22, 2016 12:16:22 PM org.apache.catalina.startup.HostConfig deployDirectory
INFO: Deploying web application directory includeDirective
Feb 22, 2016 12:16:22 PM org.apache.catalina.startup.HostConfig deployDirectory
INFO: Deploying web application directory JSPBasics
Feb 22, 2016 12:16:22 PM org.apache.catalina.startup.HostConfig deployDirectory
INFO: Deploying web application directory ROOT
Feb 22, 2016 12:16:22 PM org.apache.coyote.http11.Http11Protocol start
INFO: Starting Coyote HTTP/1.1 on http-8080
Feb 22, 2016 12:16:22 PM org.apache.jk.common.ChannelSocket init
INFO: JK: ajp13 listening on /0.0.0.0:8009
Feb 22, 2016 12:16:22 PM org.apache.jk.server.JkMain start
INFO: Jk running ID=0 time=0/16  config=null
Feb 22, 2016 12:16:22 PM org.apache.catalina.startup.Catalina start
INFO: Server startup in 1259 ms
Feb 22, 2016 12:18:09 PM org.apache.coyote.http11.Http11Protocol pause
INFO: Pausing Coyote HTTP/1.1 on http-8080
Feb 22, 2016 12:18:10 PM org.apache.catalina.core.StandardService stop
INFO: Stopping service Catalina
Feb 22, 2016 12:18:10 PM org.apache.coyote.http11.Http11Protocol destroy
INFO: Stopping Coyote HTTP/1.1 on http-8080
Feb 22, 2016 12:18:13 PM org.apache.catalina.core.AprLifecycleListener init
INFO: The APR based Apache Tomcat Native library which allows optimal performance in production environments was not found on the java.library.path: F:\Softwares\jdk1.5.0_04\bin;C:\Windows\Sun\Java\bin;C:\Windows\system32;C:\Windows;C:\Windows\system32;C:\Windows;C:\Windows\System32\Wbem;C:\Windows\System32\WindowsPowerShell\v1.0\;C:\Program Files\Intel\WiFi\bin\;C:\Program Files\Common Files\Intel\WirelessCommon\;C:\Program Files (x86)\Microsoft SQL Server\110\Tools\Binn\;C:\Program Files\Microsoft SQL Server\110\Tools\Binn\;C:\Program Files\Microsoft SQL Server\110\DTS\Binn\;C:\Program Files (x86)\Microsoft SQL Server\110\Tools\Binn\ManagementStudio\;C:\Program Files (x86)\Microsoft SQL Server\110\DTS\Binn\;F:\Softwares\jdk1.5.0_04\bin;.;;.
Feb 22, 2016 12:18:13 PM org.apache.coyote.http11.Http11Protocol init
INFO: Initializing Coyote HTTP/1.1 on http-8080
Feb 22, 2016 12:18:13 PM org.apache.catalina.startup.Catalina load
INFO: Initialization processed in 398 ms
Feb 22, 2016 12:18:13 PM org.apache.catalina.core.StandardService start
INFO: Starting service Catalina
Feb 22, 2016 12:18:13 PM org.apache.catalina.core.StandardEngine start
INFO: Starting Servlet Engine: Apache Tomcat/6.0.44
Feb 22, 2016 12:18:13 PM org.apache.catalina.startup.HostConfig deployDescriptor
INFO: Deploying configuration descriptor host-manager.xml
Feb 22, 2016 12:18:13 PM org.apache.catalina.startup.HostConfig deployDescriptor
INFO: Deploying configuration descriptor manager.xml
Feb 22, 2016 12:18:13 PM org.apache.catalina.startup.HostConfig deployDirectory
INFO: Deploying web application directory Aqsa
Feb 22, 2016 12:18:13 PM org.apache.catalina.startup.HostConfig deployDirectory
INFO: Deploying web application directory docs
Feb 22, 2016 12:18:13 PM org.apache.catalina.startup.HostConfig deployDirectory
INFO: Deploying web application directory Ex1
Feb 22, 2016 12:18:13 PM org.apache.catalina.startup.HostConfig deployDirectory
INFO: Deploying web application directory Ex10-url
Feb 22, 2016 12:18:13 PM org.apache.catalina.startup.HostConfig deployDirectory
INFO: Deploying web application directory Ex11-hidden
Feb 22, 2016 12:18:13 PM org.apache.catalina.startup.HostConfig deployDirectory
INFO: Deploying web application directory Ex11-hidden2
Feb 22, 2016 12:18:13 PM org.apache.catalina.startup.HostConfig deployDirectory
INFO: Deploying web application directory Ex12-cookie
Feb 22, 2016 12:18:13 PM org.apache.catalina.startup.HostConfig deployDirectory
INFO: Deploying web application directory Ex13-sess
Feb 22, 2016 12:18:13 PM org.apache.catalina.startup.HostConfig deployDirectory
INFO: Deploying web application directory Ex14-JSP
Feb 22, 2016 12:18:13 PM org.apache.catalina.startup.HostConfig deployDirectory
INFO: Deploying web application directory Ex15-RDI
Feb 22, 2016 12:18:13 PM org.apache.catalina.startup.HostConfig deployDirectory
INFO: Deploying web application directory Ex16-RDF
Feb 22, 2016 12:18:13 PM org.apache.catalina.startup.HostConfig deployDirectory
INFO: Deploying web application directory Ex17-ajax
Feb 22, 2016 12:18:13 PM org.apache.catalina.startup.HostConfig deployDirectory
INFO: Deploying web application directory Ex2
Feb 22, 2016 12:18:14 PM org.apache.catalina.startup.HostConfig deployDirectory
INFO: Deploying web application directory Ex3
Feb 22, 2016 12:18:14 PM org.apache.catalina.startup.HostConfig deployDirectory
INFO: Deploying web application directory Ex4
Feb 22, 2016 12:18:14 PM org.apache.catalina.startup.HostConfig deployDirectory
INFO: Deploying web application directory Ex4.1
Feb 22, 2016 12:18:14 PM org.apache.catalina.startup.HostConfig deployDirectory
INFO: Deploying web application directory Ex5-re-h
Feb 22, 2016 12:18:14 PM org.apache.catalina.startup.HostConfig deployDirectory
INFO: Deploying web application directory Ex6-re-s
Feb 22, 2016 12:18:14 PM org.apache.catalina.startup.HostConfig deployDirectory
INFO: Deploying web application directory Ex7-for
Feb 22, 2016 12:18:14 PM org.apache.catalina.startup.HostConfig deployDirectory
INFO: Deploying web application directory Ex8-inc
Feb 22, 2016 12:18:14 PM org.apache.catalina.startup.HostConfig deployDirectory
INFO: Deploying web application directory Ex9-config
Feb 22, 2016 12:18:14 PM org.apache.catalina.startup.HostConfig deployDirectory
INFO: Deploying web application directory Ex9-context
Feb 22, 2016 12:18:14 PM org.apache.catalina.startup.HostConfig deployDirectory
INFO: Deploying web application directory examples
Feb 22, 2016 12:18:14 PM org.apache.catalina.startup.HostConfig deployDirectory
INFO: Deploying web application directory includeDirective
Feb 22, 2016 12:18:14 PM org.apache.catalina.startup.HostConfig deployDirectory
INFO: Deploying web application directory JSPBasics
Feb 22, 2016 12:18:14 PM org.apache.catalina.startup.HostConfig deployDirectory
INFO: Deploying web application directory ROOT
Feb 22, 2016 12:18:14 PM org.apache.coyote.http11.Http11Protocol start
INFO: Starting Coyote HTTP/1.1 on http-8080
Feb 22, 2016 12:18:14 PM org.apache.jk.common.ChannelSocket init
INFO: JK: ajp13 listening on /0.0.0.0:8009
Feb 22, 2016 12:18:14 PM org.apache.jk.server.JkMain start
INFO: Jk running ID=0 time=0/18  config=null
Feb 22, 2016 12:18:14 PM org.apache.catalina.startup.Catalina start
INFO: Server startup in 1275 ms
Feb 22, 2016 12:19:10 PM org.apache.coyote.http11.Http11Protocol pause
INFO: Pausing Coyote HTTP/1.1 on http-8080
Feb 22, 2016 12:19:11 PM org.apache.catalina.core.StandardService stop
INFO: Stopping service Catalina
Feb 22, 2016 12:19:11 PM org.apache.coyote.http11.Http11Protocol destroy
INFO: Stopping Coyote HTTP/1.1 on http-8080
Feb 22, 2016 12:19:13 PM org.apache.catalina.core.AprLifecycleListener init
INFO: The APR based Apache Tomcat Native library which allows optimal performance in production environments was not found on the java.library.path: F:\Softwares\jdk1.5.0_04\bin;C:\Windows\Sun\Java\bin;C:\Windows\system32;C:\Windows;C:\Windows\system32;C:\Windows;C:\Windows\System32\Wbem;C:\Windows\System32\WindowsPowerShell\v1.0\;C:\Program Files\Intel\WiFi\bin\;C:\Program Files\Common Files\Intel\WirelessCommon\;C:\Program Files (x86)\Microsoft SQL Server\110\Tools\Binn\;C:\Program Files\Microsoft SQL Server\110\Tools\Binn\;C:\Program Files\Microsoft SQL Server\110\DTS\Binn\;C:\Program Files (x86)\Microsoft SQL Server\110\Tools\Binn\ManagementStudio\;C:\Program Files (x86)\Microsoft SQL Server\110\DTS\Binn\;F:\Softwares\jdk1.5.0_04\bin;.;;.
Feb 22, 2016 12:19:13 PM org.apache.coyote.http11.Http11Protocol init
INFO: Initializing Coyote HTTP/1.1 on http-8080
Feb 22, 2016 12:19:13 PM org.apache.catalina.startup.Catalina load
INFO: Initialization processed in 399 ms
Feb 22, 2016 12:19:13 PM org.apache.catalina.core.StandardService start
INFO: Starting service Catalina
Feb 22, 2016 12:19:13 PM org.apache.catalina.core.StandardEngine start
INFO: Starting Servlet Engine: Apache Tomcat/6.0.44
Feb 22, 2016 12:19:13 PM org.apache.catalina.startup.HostConfig deployDescriptor
INFO: Deploying configuration descriptor host-manager.xml
Feb 22, 2016 12:19:13 PM org.apache.catalina.startup.HostConfig deployDescriptor
INFO: Deploying configuration descriptor manager.xml
Feb 22, 2016 12:19:13 PM org.apache.catalina.startup.HostConfig deployDirectory
INFO: Deploying web application directory Aqsa
Feb 22, 2016 12:19:13 PM org.apache.catalina.startup.HostConfig deployDirectory
INFO: Deploying web application directory docs
Feb 22, 2016 12:19:13 PM org.apache.catalina.startup.HostConfig deployDirectory
INFO: Deploying web application directory Ex1
Feb 22, 2016 12:19:13 PM org.apache.catalina.startup.HostConfig deployDirectory
INFO: Deploying web application directory Ex10-url
Feb 22, 2016 12:19:13 PM org.apache.catalina.startup.HostConfig deployDirectory
INFO: Deploying web application directory Ex11-hidden
Feb 22, 2016 12:19:14 PM org.apache.catalina.startup.HostConfig deployDirectory
INFO: Deploying web application directory Ex11-hidden2
Feb 22, 2016 12:19:14 PM org.apache.catalina.startup.HostConfig deployDirectory
INFO: Deploying web application directory Ex12-cookie
Feb 22, 2016 12:19:14 PM org.apache.catalina.startup.HostConfig deployDirectory
INFO: Deploying web application directory Ex13-sess
Feb 22, 2016 12:19:14 PM org.apache.catalina.startup.HostConfig deployDirectory
INFO: Deploying web application directory Ex14-JSP
Feb 22, 2016 12:19:14 PM org.apache.catalina.startup.HostConfig deployDirectory
INFO: Deploying web application directory Ex15-RDI
Feb 22, 2016 12:19:14 PM org.apache.catalina.startup.HostConfig deployDirectory
INFO: Deploying web application directory Ex16-RDF
Feb 22, 2016 12:19:14 PM org.apache.catalina.startup.HostConfig deployDirectory
INFO: Deploying web application directory Ex17-ajax
Feb 22, 2016 12:19:14 PM org.apache.catalina.startup.HostConfig deployDirectory
INFO: Deploying web application directory Ex2
Feb 22, 2016 12:19:14 PM org.apache.catalina.startup.HostConfig deployDirectory
INFO: Deploying web application directory Ex3
Feb 22, 2016 12:19:14 PM org.apache.catalina.startup.HostConfig deployDirectory
INFO: Deploying web application directory Ex4
Feb 22, 2016 12:19:14 PM org.apache.catalina.startup.HostConfig deployDirectory
INFO: Deploying web application directory Ex4.1
Feb 22, 2016 12:19:14 PM org.apache.catalina.startup.HostConfig deployDirectory
INFO: Deploying web application directory Ex5-re-h
Feb 22, 2016 12:19:14 PM org.apache.catalina.startup.HostConfig deployDirectory
INFO: Deploying web application directory Ex6-re-s
Feb 22, 2016 12:19:14 PM org.apache.catalina.startup.HostConfig deployDirectory
INFO: Deploying web application directory Ex7-for
Feb 22, 2016 12:19:14 PM org.apache.catalina.startup.HostConfig deployDirectory
INFO: Deploying web application directory Ex8-inc
Feb 22, 2016 12:19:14 PM org.apache.catalina.startup.HostConfig deployDirectory
INFO: Deploying web application directory Ex9-config
Feb 22, 2016 12:19:14 PM org.apache.catalina.startup.HostConfig deployDirectory
INFO: Deploying web application directory Ex9-context
Feb 22, 2016 12:19:14 PM org.apache.catalina.startup.HostConfig deployDirectory
INFO: Deploying web application directory examples
Feb 22, 2016 12:19:14 PM org.apache.catalina.startup.HostConfig deployDirectory
INFO: Deploying web application directory includeDirective
Feb 22, 2016 12:19:14 PM org.apache.catalina.startup.HostConfig deployDirectory
INFO: Deploying web application directory JSPBasics
Feb 22, 2016 12:19:14 PM org.apache.catalina.startup.HostConfig deployDirectory
INFO: Deploying web application directory ROOT
Feb 22, 2016 12:19:14 PM org.apache.coyote.http11.Http11Protocol start
INFO: Starting Coyote HTTP/1.1 on http-8080
Feb 22, 2016 12:19:14 PM org.apache.jk.common.ChannelSocket init
INFO: JK: ajp13 listening on /0.0.0.0:8009
Feb 22, 2016 12:19:14 PM org.apache.jk.server.JkMain start
INFO: Jk running ID=0 time=0/16  config=null
Feb 22, 2016 12:19:14 PM org.apache.catalina.startup.Catalina start
INFO: Server startup in 1304 ms
Feb 22, 2016 12:26:20 PM org.apache.coyote.http11.Http11Protocol pause
INFO: Pausing Coyote HTTP/1.1 on http-8080
Feb 22, 2016 12:26:21 PM org.apache.catalina.core.StandardService stop
INFO: Stopping service Catalina
Feb 22, 2016 12:26:21 PM org.apache.coyote.http11.Http11Protocol destroy
INFO: Stopping Coyote HTTP/1.1 on http-8080
