Dec 1, 2015 5:38:08 PM org.apache.catalina.core.AprLifecycleListener init
INFO: The APR based Apache Tomcat Native library which allows optimal performance in production environments was not found on the java.library.path: E:\Softwares\jdk1.5.0_04\bin;C:\Windows\Sun\Java\bin;C:\Windows\system32;C:\Windows;C:\Program Files (x86)\Microsoft ASP.NET\ASP.NET Web Pages\v1.0\;C:\Program Files\Microsoft SQL Server\110\Tools\Binn\;C:\Program Files (x86)\Microsoft SQL Server\110\Tools\Binn\ManagementStudio\;C:\Program Files (x86)\Microsoft SQL Server\110\Tools\Binn\;C:\Program Files (x86)\Microsoft SQL Server\110\DTS\Binn\;C:\Program Files\Microsoft SQL Server\110\DTS\Binn\;C:\Program Files (x86)\Windows Kits\8.1\Windows Performance Toolkit\;C:\Program Files\Microsoft\Web Platform Installer\;C:\Program Files (x86)\Microsoft SDKs\Azure\CLI\wbin;E:\Softwares\jre1.7.0_79-windows\jre1.7.0_79-windows\java-windows\bin;E:\Softwares\jdk1.5.0_04\bin;.;;.
Dec 1, 2015 5:38:08 PM org.apache.coyote.http11.Http11Protocol init
INFO: Initializing Coyote HTTP/1.1 on http-8080
Dec 1, 2015 5:38:08 PM org.apache.catalina.startup.Catalina load
INFO: Initialization processed in 1394 ms
Dec 1, 2015 5:38:09 PM org.apache.catalina.core.StandardService start
INFO: Starting service Catalina
Dec 1, 2015 5:38:09 PM org.apache.catalina.core.StandardEngine start
INFO: Starting Servlet Engine: Apache Tomcat/6.0.44
Dec 1, 2015 5:38:09 PM org.apache.catalina.startup.HostConfig deployDescriptor
INFO: Deploying configuration descriptor host-manager.xml
Dec 1, 2015 5:38:09 PM org.apache.catalina.startup.HostConfig deployDescriptor
INFO: Deploying configuration descriptor manager.xml
Dec 1, 2015 5:38:09 PM org.apache.catalina.startup.HostConfig deployDirectory
INFO: Deploying web application directory ajax
Dec 1, 2015 5:38:09 PM org.apache.catalina.startup.HostConfig deployDirectory
INFO: Deploying web application directory Cookies
Dec 1, 2015 5:38:10 PM org.apache.catalina.startup.HostConfig deployDirectory
INFO: Deploying web application directory docs
Dec 1, 2015 5:38:10 PM org.apache.catalina.startup.HostConfig deployDirectory
INFO: Deploying web application directory Ex1
Dec 1, 2015 5:38:10 PM org.apache.catalina.startup.HostConfig deployDirectory
INFO: Deploying web application directory Ex2
Dec 1, 2015 5:38:10 PM org.apache.catalina.startup.HostConfig deployDirectory
INFO: Deploying web application directory Ex3
Dec 1, 2015 5:38:10 PM org.apache.catalina.startup.HostConfig deployDirectory
INFO: Deploying web application directory Ex4
Dec 1, 2015 5:38:10 PM org.apache.catalina.startup.HostConfig deployDirectory
INFO: Deploying web application directory Ex4.1
Dec 1, 2015 5:38:10 PM org.apache.catalina.startup.HostConfig deployDirectory
INFO: Deploying web application directory Ex5
Dec 1, 2015 5:38:10 PM org.apache.catalina.startup.HostConfig deployDirectory
INFO: Deploying web application directory Ex6
Dec 1, 2015 5:38:10 PM org.apache.catalina.startup.HostConfig deployDirectory
INFO: Deploying web application directory Ex7
Dec 1, 2015 5:38:10 PM org.apache.catalina.startup.HostConfig deployDirectory
INFO: Deploying web application directory Ex8
Dec 1, 2015 5:38:11 PM org.apache.catalina.startup.HostConfig deployDirectory
INFO: Deploying web application directory examples
Dec 1, 2015 5:38:11 PM org.apache.catalina.startup.HostConfig deployDirectory
INFO: Deploying web application directory includeDirective
Dec 1, 2015 5:38:11 PM org.apache.catalina.startup.HostConfig deployDirectory
INFO: Deploying web application directory JSPBasics
Dec 1, 2015 5:38:11 PM org.apache.catalina.startup.HostConfig deployDirectory
INFO: Deploying web application directory ROOT
Dec 1, 2015 5:38:11 PM org.apache.catalina.startup.HostConfig deployDirectory
INFO: Deploying web application directory sess
Dec 1, 2015 5:38:11 PM org.apache.coyote.http11.Http11Protocol start
INFO: Starting Coyote HTTP/1.1 on http-8080
Dec 1, 2015 5:38:11 PM org.apache.jk.common.ChannelSocket init
INFO: JK: ajp13 listening on /0.0.0.0:8009
Dec 1, 2015 5:38:11 PM org.apache.jk.server.JkMain start
INFO: Jk running ID=0 time=0/45  config=null
Dec 1, 2015 5:38:11 PM org.apache.catalina.startup.Catalina start
INFO: Server startup in 3012 ms
Dec 1, 2015 5:40:18 PM org.apache.coyote.http11.Http11Protocol pause
INFO: Pausing Coyote HTTP/1.1 on http-8080
Dec 1, 2015 5:40:19 PM org.apache.catalina.core.StandardService stop
INFO: Stopping service Catalina
Dec 1, 2015 5:40:20 PM org.apache.coyote.http11.Http11Protocol destroy
INFO: Stopping Coyote HTTP/1.1 on http-8080
Dec 1, 2015 5:40:23 PM org.apache.catalina.core.AprLifecycleListener init
INFO: The APR based Apache Tomcat Native library which allows optimal performance in production environments was not found on the java.library.path: E:\Softwares\jdk1.5.0_04\bin;C:\Windows\Sun\Java\bin;C:\Windows\system32;C:\Windows;C:\Program Files (x86)\Microsoft ASP.NET\ASP.NET Web Pages\v1.0\;C:\Program Files\Microsoft SQL Server\110\Tools\Binn\;C:\Program Files (x86)\Microsoft SQL Server\110\Tools\Binn\ManagementStudio\;C:\Program Files (x86)\Microsoft SQL Server\110\Tools\Binn\;C:\Program Files (x86)\Microsoft SQL Server\110\DTS\Binn\;C:\Program Files\Microsoft SQL Server\110\DTS\Binn\;C:\Program Files (x86)\Windows Kits\8.1\Windows Performance Toolkit\;C:\Program Files\Microsoft\Web Platform Installer\;C:\Program Files (x86)\Microsoft SDKs\Azure\CLI\wbin;E:\Softwares\jre1.7.0_79-windows\jre1.7.0_79-windows\java-windows\bin;E:\Softwares\jdk1.5.0_04\bin;.;;.
Dec 1, 2015 5:40:23 PM org.apache.coyote.http11.Http11Protocol init
INFO: Initializing Coyote HTTP/1.1 on http-8080
Dec 1, 2015 5:40:23 PM org.apache.catalina.startup.Catalina load
INFO: Initialization processed in 900 ms
Dec 1, 2015 5:40:23 PM org.apache.catalina.core.StandardService start
INFO: Starting service Catalina
Dec 1, 2015 5:40:23 PM org.apache.catalina.core.StandardEngine start
INFO: Starting Servlet Engine: Apache Tomcat/6.0.44
Dec 1, 2015 5:40:23 PM org.apache.catalina.startup.HostConfig deployDescriptor
INFO: Deploying configuration descriptor host-manager.xml
Dec 1, 2015 5:40:24 PM org.apache.catalina.startup.HostConfig deployDescriptor
INFO: Deploying configuration descriptor manager.xml
Dec 1, 2015 5:40:24 PM org.apache.catalina.startup.HostConfig deployDirectory
INFO: Deploying web application directory ajax
Dec 1, 2015 5:40:24 PM org.apache.catalina.startup.HostConfig deployDirectory
INFO: Deploying web application directory Cookies
Dec 1, 2015 5:40:24 PM org.apache.catalina.startup.HostConfig deployDirectory
INFO: Deploying web application directory docs
Dec 1, 2015 5:40:24 PM org.apache.catalina.startup.HostConfig deployDirectory
INFO: Deploying web application directory Ex1
Dec 1, 2015 5:40:24 PM org.apache.catalina.startup.HostConfig deployDirectory
INFO: Deploying web application directory Ex2
Dec 1, 2015 5:40:24 PM org.apache.catalina.startup.HostConfig deployDirectory
INFO: Deploying web application directory Ex3
Dec 1, 2015 5:40:24 PM org.apache.catalina.startup.HostConfig deployDirectory
INFO: Deploying web application directory Ex4
Dec 1, 2015 5:40:25 PM org.apache.catalina.startup.HostConfig deployDirectory
INFO: Deploying web application directory Ex4.1
Dec 1, 2015 5:40:25 PM org.apache.catalina.startup.HostConfig deployDirectory
INFO: Deploying web application directory Ex5
Dec 1, 2015 5:40:25 PM org.apache.catalina.startup.HostConfig deployDirectory
INFO: Deploying web application directory Ex6
Dec 1, 2015 5:40:25 PM org.apache.catalina.startup.HostConfig deployDirectory
INFO: Deploying web application directory Ex7
Dec 1, 2015 5:40:25 PM org.apache.catalina.startup.HostConfig deployDirectory
INFO: Deploying web application directory Ex8
Dec 1, 2015 5:40:25 PM org.apache.catalina.startup.HostConfig deployDirectory
INFO: Deploying web application directory examples
Dec 1, 2015 5:40:25 PM org.apache.catalina.startup.HostConfig deployDirectory
INFO: Deploying web application directory includeDirective
Dec 1, 2015 5:40:25 PM org.apache.catalina.startup.HostConfig deployDirectory
INFO: Deploying web application directory JSPBasics
Dec 1, 2015 5:40:25 PM org.apache.catalina.startup.HostConfig deployDirectory
INFO: Deploying web application directory ROOT
Dec 1, 2015 5:40:25 PM org.apache.catalina.startup.HostConfig deployDirectory
INFO: Deploying web application directory sess
Dec 1, 2015 5:40:25 PM org.apache.coyote.http11.Http11Protocol start
INFO: Starting Coyote HTTP/1.1 on http-8080
Dec 1, 2015 5:40:26 PM org.apache.jk.common.ChannelSocket init
INFO: JK: ajp13 listening on /0.0.0.0:8009
Dec 1, 2015 5:40:26 PM org.apache.jk.server.JkMain start
INFO: Jk running ID=0 time=0/31  config=null
Dec 1, 2015 5:40:26 PM org.apache.catalina.startup.Catalina start
INFO: Server startup in 2652 ms
Dec 1, 2015 5:41:21 PM org.apache.coyote.http11.Http11Protocol pause
INFO: Pausing Coyote HTTP/1.1 on http-8080
Dec 1, 2015 5:41:22 PM org.apache.catalina.core.StandardService stop
INFO: Stopping service Catalina
Dec 1, 2015 5:41:22 PM org.apache.coyote.http11.Http11Protocol destroy
INFO: Stopping Coyote HTTP/1.1 on http-8080
Dec 1, 2015 5:41:37 PM org.apache.catalina.core.AprLifecycleListener init
INFO: The APR based Apache Tomcat Native library which allows optimal performance in production environments was not found on the java.library.path: E:\Softwares\jdk1.5.0_04\bin;C:\Windows\Sun\Java\bin;C:\Windows\system32;C:\Windows;C:\Program Files (x86)\Microsoft ASP.NET\ASP.NET Web Pages\v1.0\;C:\Program Files\Microsoft SQL Server\110\Tools\Binn\;C:\Program Files (x86)\Microsoft SQL Server\110\Tools\Binn\ManagementStudio\;C:\Program Files (x86)\Microsoft SQL Server\110\Tools\Binn\;C:\Program Files (x86)\Microsoft SQL Server\110\DTS\Binn\;C:\Program Files\Microsoft SQL Server\110\DTS\Binn\;C:\Program Files (x86)\Windows Kits\8.1\Windows Performance Toolkit\;C:\Program Files\Microsoft\Web Platform Installer\;C:\Program Files (x86)\Microsoft SDKs\Azure\CLI\wbin;E:\Softwares\jre1.7.0_79-windows\jre1.7.0_79-windows\java-windows\bin;E:\Softwares\jdk1.5.0_04\bin;.;;.
Dec 1, 2015 5:41:37 PM org.apache.coyote.http11.Http11Protocol init
INFO: Initializing Coyote HTTP/1.1 on http-8080
Dec 1, 2015 5:41:37 PM org.apache.catalina.startup.Catalina load
INFO: Initialization processed in 885 ms
Dec 1, 2015 5:41:37 PM org.apache.catalina.core.StandardService start
INFO: Starting service Catalina
Dec 1, 2015 5:41:37 PM org.apache.catalina.core.StandardEngine start
INFO: Starting Servlet Engine: Apache Tomcat/6.0.44
Dec 1, 2015 5:41:37 PM org.apache.catalina.startup.HostConfig deployDescriptor
INFO: Deploying configuration descriptor host-manager.xml
Dec 1, 2015 5:41:37 PM org.apache.catalina.startup.HostConfig deployDescriptor
INFO: Deploying configuration descriptor manager.xml
Dec 1, 2015 5:41:38 PM org.apache.catalina.startup.HostConfig deployDirectory
INFO: Deploying web application directory ajax
Dec 1, 2015 5:41:38 PM org.apache.catalina.startup.HostConfig deployDirectory
INFO: Deploying web application directory Cookies
Dec 1, 2015 5:41:38 PM org.apache.catalina.startup.HostConfig deployDirectory
INFO: Deploying web application directory docs
Dec 1, 2015 5:41:38 PM org.apache.catalina.startup.HostConfig deployDirectory
INFO: Deploying web application directory Ex1
Dec 1, 2015 5:41:38 PM org.apache.catalina.startup.HostConfig deployDirectory
INFO: Deploying web application directory Ex2
Dec 1, 2015 5:41:38 PM org.apache.catalina.startup.HostConfig deployDirectory
INFO: Deploying web application directory Ex3
Dec 1, 2015 5:41:38 PM org.apache.catalina.startup.HostConfig deployDirectory
INFO: Deploying web application directory Ex4
Dec 1, 2015 5:41:38 PM org.apache.catalina.startup.HostConfig deployDirectory
INFO: Deploying web application directory Ex4.1
Dec 1, 2015 5:41:38 PM org.apache.catalina.startup.HostConfig deployDirectory
INFO: Deploying web application directory Ex5
Dec 1, 2015 5:41:38 PM org.apache.catalina.startup.HostConfig deployDirectory
INFO: Deploying web application directory Ex6
Dec 1, 2015 5:41:39 PM org.apache.catalina.startup.HostConfig deployDirectory
INFO: Deploying web application directory Ex7
Dec 1, 2015 5:41:39 PM org.apache.catalina.startup.HostConfig deployDirectory
INFO: Deploying web application directory Ex8
Dec 1, 2015 5:41:39 PM org.apache.catalina.startup.HostConfig deployDirectory
INFO: Deploying web application directory examples
Dec 1, 2015 5:41:39 PM org.apache.catalina.startup.HostConfig deployDirectory
INFO: Deploying web application directory includeDirective
Dec 1, 2015 5:41:39 PM org.apache.catalina.startup.HostConfig deployDirectory
INFO: Deploying web application directory JSPBasics
Dec 1, 2015 5:41:39 PM org.apache.catalina.startup.HostConfig deployDirectory
INFO: Deploying web application directory ROOT
Dec 1, 2015 5:41:39 PM org.apache.catalina.startup.HostConfig deployDirectory
INFO: Deploying web application directory sess
Dec 1, 2015 5:41:39 PM org.apache.coyote.http11.Http11Protocol start
INFO: Starting Coyote HTTP/1.1 on http-8080
Dec 1, 2015 5:41:40 PM org.apache.jk.common.ChannelSocket init
INFO: JK: ajp13 listening on /0.0.0.0:8009
Dec 1, 2015 5:41:40 PM org.apache.jk.server.JkMain start
INFO: Jk running ID=0 time=0/46  config=null
Dec 1, 2015 5:41:40 PM org.apache.catalina.startup.Catalina start
INFO: Server startup in 2663 ms
Dec 1, 2015 5:42:37 PM org.apache.coyote.http11.Http11Protocol pause
INFO: Pausing Coyote HTTP/1.1 on http-8080
Dec 1, 2015 5:42:38 PM org.apache.catalina.core.StandardService stop
INFO: Stopping service Catalina
Dec 1, 2015 5:42:38 PM org.apache.coyote.http11.Http11Protocol destroy
INFO: Stopping Coyote HTTP/1.1 on http-8080
Dec 1, 2015 5:42:42 PM org.apache.catalina.core.AprLifecycleListener init
INFO: The APR based Apache Tomcat Native library which allows optimal performance in production environments was not found on the java.library.path: E:\Softwares\jdk1.5.0_04\bin;C:\Windows\Sun\Java\bin;C:\Windows\system32;C:\Windows;C:\Program Files (x86)\Microsoft ASP.NET\ASP.NET Web Pages\v1.0\;C:\Program Files\Microsoft SQL Server\110\Tools\Binn\;C:\Program Files (x86)\Microsoft SQL Server\110\Tools\Binn\ManagementStudio\;C:\Program Files (x86)\Microsoft SQL Server\110\Tools\Binn\;C:\Program Files (x86)\Microsoft SQL Server\110\DTS\Binn\;C:\Program Files\Microsoft SQL Server\110\DTS\Binn\;C:\Program Files (x86)\Windows Kits\8.1\Windows Performance Toolkit\;C:\Program Files\Microsoft\Web Platform Installer\;C:\Program Files (x86)\Microsoft SDKs\Azure\CLI\wbin;E:\Softwares\jre1.7.0_79-windows\jre1.7.0_79-windows\java-windows\bin;E:\Softwares\jdk1.5.0_04\bin;.;;.
Dec 1, 2015 5:42:43 PM org.apache.coyote.http11.Http11Protocol init
INFO: Initializing Coyote HTTP/1.1 on http-8080
Dec 1, 2015 5:42:43 PM org.apache.catalina.startup.Catalina load
INFO: Initialization processed in 1012 ms
Dec 1, 2015 5:42:43 PM org.apache.catalina.core.StandardService start
INFO: Starting service Catalina
Dec 1, 2015 5:42:43 PM org.apache.catalina.core.StandardEngine start
INFO: Starting Servlet Engine: Apache Tomcat/6.0.44
Dec 1, 2015 5:42:43 PM org.apache.catalina.startup.HostConfig deployDescriptor
INFO: Deploying configuration descriptor host-manager.xml
Dec 1, 2015 5:42:43 PM org.apache.catalina.startup.HostConfig deployDescriptor
INFO: Deploying configuration descriptor manager.xml
Dec 1, 2015 5:42:43 PM org.apache.catalina.startup.HostConfig deployDirectory
INFO: Deploying web application directory ajax
Dec 1, 2015 5:42:43 PM org.apache.catalina.startup.HostConfig deployDirectory
INFO: Deploying web application directory Cookies
Dec 1, 2015 5:42:44 PM org.apache.catalina.startup.HostConfig deployDirectory
INFO: Deploying web application directory docs
Dec 1, 2015 5:42:44 PM org.apache.catalina.startup.HostConfig deployDirectory
INFO: Deploying web application directory Ex1
Dec 1, 2015 5:42:44 PM org.apache.catalina.startup.HostConfig deployDirectory
INFO: Deploying web application directory Ex2
Dec 1, 2015 5:42:44 PM org.apache.catalina.startup.HostConfig deployDirectory
INFO: Deploying web application directory Ex3
Dec 1, 2015 5:42:44 PM org.apache.catalina.startup.HostConfig deployDirectory
INFO: Deploying web application directory Ex4
Dec 1, 2015 5:42:44 PM org.apache.catalina.startup.HostConfig deployDirectory
INFO: Deploying web application directory Ex4.1
Dec 1, 2015 5:42:44 PM org.apache.catalina.startup.HostConfig deployDirectory
INFO: Deploying web application directory Ex5
Dec 1, 2015 5:42:44 PM org.apache.catalina.startup.HostConfig deployDirectory
INFO: Deploying web application directory Ex6
Dec 1, 2015 5:42:44 PM org.apache.catalina.startup.HostConfig deployDirectory
INFO: Deploying web application directory Ex7
Dec 1, 2015 5:42:44 PM org.apache.catalina.startup.HostConfig deployDirectory
INFO: Deploying web application directory Ex8
Dec 1, 2015 5:42:44 PM org.apache.catalina.startup.HostConfig deployDirectory
INFO: Deploying web application directory examples
Dec 1, 2015 5:42:44 PM org.apache.catalina.startup.HostConfig deployDirectory
INFO: Deploying web application directory includeDirective
Dec 1, 2015 5:42:44 PM org.apache.catalina.startup.HostConfig deployDirectory
INFO: Deploying web application directory JSPBasics
Dec 1, 2015 5:42:44 PM org.apache.catalina.startup.HostConfig deployDirectory
INFO: Deploying web application directory ROOT
Dec 1, 2015 5:42:45 PM org.apache.catalina.startup.HostConfig deployDirectory
INFO: Deploying web application directory sess
Dec 1, 2015 5:42:45 PM org.apache.coyote.http11.Http11Protocol start
INFO: Starting Coyote HTTP/1.1 on http-8080
Dec 1, 2015 5:42:45 PM org.apache.jk.common.ChannelSocket init
INFO: JK: ajp13 listening on /0.0.0.0:8009
Dec 1, 2015 5:42:45 PM org.apache.jk.server.JkMain start
INFO: Jk running ID=0 time=0/31  config=null
Dec 1, 2015 5:42:45 PM org.apache.catalina.startup.Catalina start
INFO: Server startup in 2151 ms
Dec 1, 2015 5:44:12 PM org.apache.coyote.http11.Http11Protocol pause
INFO: Pausing Coyote HTTP/1.1 on http-8080
Dec 1, 2015 5:44:13 PM org.apache.catalina.core.StandardService stop
INFO: Stopping service Catalina
Dec 1, 2015 5:44:14 PM org.apache.coyote.http11.Http11Protocol destroy
INFO: Stopping Coyote HTTP/1.1 on http-8080
Dec 1, 2015 5:44:18 PM org.apache.catalina.core.AprLifecycleListener init
INFO: The APR based Apache Tomcat Native library which allows optimal performance in production environments was not found on the java.library.path: E:\Softwares\jdk1.5.0_04\bin;C:\Windows\Sun\Java\bin;C:\Windows\system32;C:\Windows;C:\Program Files (x86)\Microsoft ASP.NET\ASP.NET Web Pages\v1.0\;C:\Program Files\Microsoft SQL Server\110\Tools\Binn\;C:\Program Files (x86)\Microsoft SQL Server\110\Tools\Binn\ManagementStudio\;C:\Program Files (x86)\Microsoft SQL Server\110\Tools\Binn\;C:\Program Files (x86)\Microsoft SQL Server\110\DTS\Binn\;C:\Program Files\Microsoft SQL Server\110\DTS\Binn\;C:\Program Files (x86)\Windows Kits\8.1\Windows Performance Toolkit\;C:\Program Files\Microsoft\Web Platform Installer\;C:\Program Files (x86)\Microsoft SDKs\Azure\CLI\wbin;E:\Softwares\jre1.7.0_79-windows\jre1.7.0_79-windows\java-windows\bin;E:\Softwares\jdk1.5.0_04\bin;.;;.
Dec 1, 2015 5:44:19 PM org.apache.coyote.http11.Http11Protocol init
INFO: Initializing Coyote HTTP/1.1 on http-8080
Dec 1, 2015 5:44:19 PM org.apache.catalina.startup.Catalina load
INFO: Initialization processed in 1026 ms
Dec 1, 2015 5:44:19 PM org.apache.catalina.core.StandardService start
INFO: Starting service Catalina
Dec 1, 2015 5:44:19 PM org.apache.catalina.core.StandardEngine start
INFO: Starting Servlet Engine: Apache Tomcat/6.0.44
Dec 1, 2015 5:44:19 PM org.apache.catalina.startup.HostConfig deployDescriptor
INFO: Deploying configuration descriptor host-manager.xml
Dec 1, 2015 5:44:20 PM org.apache.catalina.startup.HostConfig deployDescriptor
INFO: Deploying configuration descriptor manager.xml
Dec 1, 2015 5:44:20 PM org.apache.catalina.startup.HostConfig deployDirectory
INFO: Deploying web application directory ajax
Dec 1, 2015 5:44:20 PM org.apache.catalina.startup.HostConfig deployDirectory
INFO: Deploying web application directory Cookies
Dec 1, 2015 5:44:20 PM org.apache.catalina.startup.HostConfig deployDirectory
INFO: Deploying web application directory docs
Dec 1, 2015 5:44:20 PM org.apache.catalina.startup.HostConfig deployDirectory
INFO: Deploying web application directory Ex1
Dec 1, 2015 5:44:20 PM org.apache.catalina.startup.HostConfig deployDirectory
INFO: Deploying web application directory Ex2
Dec 1, 2015 5:44:20 PM org.apache.catalina.startup.HostConfig deployDirectory
INFO: Deploying web application directory Ex3
Dec 1, 2015 5:44:20 PM org.apache.catalina.startup.HostConfig deployDirectory
INFO: Deploying web application directory Ex4
Dec 1, 2015 5:44:20 PM org.apache.catalina.startup.HostConfig deployDirectory
INFO: Deploying web application directory Ex4.1
Dec 1, 2015 5:44:20 PM org.apache.catalina.startup.HostConfig deployDirectory
INFO: Deploying web application directory Ex5
Dec 1, 2015 5:44:20 PM org.apache.catalina.startup.HostConfig deployDirectory
INFO: Deploying web application directory Ex6
Dec 1, 2015 5:44:20 PM org.apache.catalina.startup.HostConfig deployDirectory
INFO: Deploying web application directory Ex7
Dec 1, 2015 5:44:20 PM org.apache.catalina.startup.HostConfig deployDirectory
INFO: Deploying web application directory Ex8
Dec 1, 2015 5:44:21 PM org.apache.catalina.startup.HostConfig deployDirectory
INFO: Deploying web application directory examples
Dec 1, 2015 5:44:21 PM org.apache.catalina.startup.HostConfig deployDirectory
INFO: Deploying web application directory includeDirective
Dec 1, 2015 5:44:21 PM org.apache.catalina.startup.HostConfig deployDirectory
INFO: Deploying web application directory JSPBasics
Dec 1, 2015 5:44:21 PM org.apache.catalina.startup.HostConfig deployDirectory
INFO: Deploying web application directory ROOT
Dec 1, 2015 5:44:21 PM org.apache.catalina.startup.HostConfig deployDirectory
INFO: Deploying web application directory sess
Dec 1, 2015 5:44:21 PM org.apache.coyote.http11.Http11Protocol start
INFO: Starting Coyote HTTP/1.1 on http-8080
Dec 1, 2015 5:44:21 PM org.apache.jk.common.ChannelSocket init
INFO: JK: ajp13 listening on /0.0.0.0:8009
Dec 1, 2015 5:44:21 PM org.apache.jk.server.JkMain start
INFO: Jk running ID=0 time=0/31  config=null
Dec 1, 2015 5:44:21 PM org.apache.catalina.startup.Catalina start
INFO: Server startup in 2289 ms
Dec 1, 2015 5:58:57 PM org.apache.coyote.http11.Http11Protocol pause
INFO: Pausing Coyote HTTP/1.1 on http-8080
Dec 1, 2015 5:58:58 PM org.apache.catalina.core.StandardService stop
INFO: Stopping service Catalina
Dec 1, 2015 5:58:58 PM org.apache.coyote.http11.Http11Protocol destroy
INFO: Stopping Coyote HTTP/1.1 on http-8080
Dec 1, 2015 5:59:03 PM org.apache.catalina.core.AprLifecycleListener init
INFO: The APR based Apache Tomcat Native library which allows optimal performance in production environments was not found on the java.library.path: E:\Softwares\jdk1.5.0_04\bin;C:\Windows\Sun\Java\bin;C:\Windows\system32;C:\Windows;C:\Program Files (x86)\Microsoft ASP.NET\ASP.NET Web Pages\v1.0\;C:\Program Files\Microsoft SQL Server\110\Tools\Binn\;C:\Program Files (x86)\Microsoft SQL Server\110\Tools\Binn\ManagementStudio\;C:\Program Files (x86)\Microsoft SQL Server\110\Tools\Binn\;C:\Program Files (x86)\Microsoft SQL Server\110\DTS\Binn\;C:\Program Files\Microsoft SQL Server\110\DTS\Binn\;C:\Program Files (x86)\Windows Kits\8.1\Windows Performance Toolkit\;C:\Program Files\Microsoft\Web Platform Installer\;C:\Program Files (x86)\Microsoft SDKs\Azure\CLI\wbin;E:\Softwares\jdk1.5.0_04\bin;.;;.
Dec 1, 2015 5:59:03 PM org.apache.coyote.http11.Http11Protocol init
INFO: Initializing Coyote HTTP/1.1 on http-8080
Dec 1, 2015 5:59:03 PM org.apache.catalina.startup.Catalina load
INFO: Initialization processed in 906 ms
Dec 1, 2015 5:59:03 PM org.apache.catalina.core.StandardService start
INFO: Starting service Catalina
Dec 1, 2015 5:59:03 PM org.apache.catalina.core.StandardEngine start
INFO: Starting Servlet Engine: Apache Tomcat/6.0.44
Dec 1, 2015 5:59:03 PM org.apache.catalina.startup.HostConfig deployDescriptor
INFO: Deploying configuration descriptor host-manager.xml
Dec 1, 2015 5:59:04 PM org.apache.catalina.startup.HostConfig deployDescriptor
INFO: Deploying configuration descriptor manager.xml
Dec 1, 2015 5:59:04 PM org.apache.catalina.startup.HostConfig deployDirectory
INFO: Deploying web application directory ajax
Dec 1, 2015 5:59:04 PM org.apache.catalina.startup.HostConfig deployDirectory
INFO: Deploying web application directory Cookies
Dec 1, 2015 5:59:04 PM org.apache.catalina.startup.HostConfig deployDirectory
INFO: Deploying web application directory docs
Dec 1, 2015 5:59:04 PM org.apache.catalina.startup.HostConfig deployDirectory
INFO: Deploying web application directory Ex1
Dec 1, 2015 5:59:04 PM org.apache.catalina.startup.HostConfig deployDirectory
INFO: Deploying web application directory Ex2
Dec 1, 2015 5:59:04 PM org.apache.catalina.startup.HostConfig deployDirectory
INFO: Deploying web application directory Ex3
Dec 1, 2015 5:59:04 PM org.apache.catalina.startup.HostConfig deployDirectory
INFO: Deploying web application directory Ex4
Dec 1, 2015 5:59:04 PM org.apache.catalina.startup.HostConfig deployDirectory
INFO: Deploying web application directory Ex4.1
Dec 1, 2015 5:59:04 PM org.apache.catalina.startup.HostConfig deployDirectory
INFO: Deploying web application directory Ex5
Dec 1, 2015 5:59:04 PM org.apache.catalina.startup.HostConfig deployDirectory
INFO: Deploying web application directory Ex6
Dec 1, 2015 5:59:04 PM org.apache.catalina.startup.HostConfig deployDirectory
INFO: Deploying web application directory Ex7
Dec 1, 2015 5:59:04 PM org.apache.catalina.startup.HostConfig deployDirectory
INFO: Deploying web application directory Ex8
Dec 1, 2015 5:59:04 PM org.apache.catalina.startup.HostConfig deployDirectory
INFO: Deploying web application directory examples
Dec 1, 2015 5:59:05 PM org.apache.catalina.startup.HostConfig deployDirectory
INFO: Deploying web application directory includeDirective
Dec 1, 2015 5:59:05 PM org.apache.catalina.startup.HostConfig deployDirectory
INFO: Deploying web application directory JSPBasics
Dec 1, 2015 5:59:05 PM org.apache.catalina.startup.HostConfig deployDirectory
INFO: Deploying web application directory ROOT
Dec 1, 2015 5:59:05 PM org.apache.catalina.startup.HostConfig deployDirectory
INFO: Deploying web application directory sess
Dec 1, 2015 5:59:05 PM org.apache.coyote.http11.Http11Protocol start
INFO: Starting Coyote HTTP/1.1 on http-8080
Dec 1, 2015 5:59:05 PM org.apache.jk.common.ChannelSocket init
INFO: JK: ajp13 listening on /0.0.0.0:8009
Dec 1, 2015 5:59:05 PM org.apache.jk.server.JkMain start
INFO: Jk running ID=0 time=0/31  config=null
Dec 1, 2015 5:59:05 PM org.apache.catalina.startup.Catalina start
INFO: Server startup in 1921 ms
Dec 1, 2015 6:06:16 PM org.apache.coyote.http11.Http11Protocol pause
INFO: Pausing Coyote HTTP/1.1 on http-8080
Dec 1, 2015 6:06:17 PM org.apache.catalina.core.StandardService stop
INFO: Stopping service Catalina
Dec 1, 2015 6:06:17 PM org.apache.coyote.http11.Http11Protocol destroy
INFO: Stopping Coyote HTTP/1.1 on http-8080
Dec 1, 2015 6:06:26 PM org.apache.catalina.core.AprLifecycleListener init
INFO: The APR based Apache Tomcat Native library which allows optimal performance in production environments was not found on the java.library.path: E:\Softwares\jdk1.5.0_04\bin;C:\Windows\Sun\Java\bin;C:\Windows\system32;C:\Windows;C:\Program Files (x86)\Microsoft ASP.NET\ASP.NET Web Pages\v1.0\;C:\Program Files\Microsoft SQL Server\110\Tools\Binn\;C:\Program Files (x86)\Microsoft SQL Server\110\Tools\Binn\ManagementStudio\;C:\Program Files (x86)\Microsoft SQL Server\110\Tools\Binn\;C:\Program Files (x86)\Microsoft SQL Server\110\DTS\Binn\;C:\Program Files\Microsoft SQL Server\110\DTS\Binn\;C:\Program Files (x86)\Windows Kits\8.1\Windows Performance Toolkit\;C:\Program Files\Microsoft\Web Platform Installer\;C:\Program Files (x86)\Microsoft SDKs\Azure\CLI\wbin;E:\Softwares\jdk1.5.0_04\bin;.;;.
Dec 1, 2015 6:06:27 PM org.apache.coyote.http11.Http11Protocol init
INFO: Initializing Coyote HTTP/1.1 on http-8080
Dec 1, 2015 6:06:27 PM org.apache.catalina.startup.Catalina load
INFO: Initialization processed in 954 ms
Dec 1, 2015 6:06:27 PM org.apache.catalina.core.StandardService start
INFO: Starting service Catalina
Dec 1, 2015 6:06:27 PM org.apache.catalina.core.StandardEngine start
INFO: Starting Servlet Engine: Apache Tomcat/6.0.44
Dec 1, 2015 6:06:27 PM org.apache.catalina.startup.HostConfig deployDescriptor
INFO: Deploying configuration descriptor host-manager.xml
Dec 1, 2015 6:06:27 PM org.apache.catalina.startup.HostConfig deployDescriptor
INFO: Deploying configuration descriptor manager.xml
Dec 1, 2015 6:06:27 PM org.apache.catalina.startup.HostConfig deployDirectory
INFO: Deploying web application directory ajax
Dec 1, 2015 6:06:27 PM org.apache.catalina.startup.HostConfig deployDirectory
INFO: Deploying web application directory Cookies
Dec 1, 2015 6:06:27 PM org.apache.catalina.startup.HostConfig deployDirectory
INFO: Deploying web application directory docs
Dec 1, 2015 6:06:28 PM org.apache.catalina.startup.HostConfig deployDirectory
INFO: Deploying web application directory Ex1
Dec 1, 2015 6:06:28 PM org.apache.catalina.startup.HostConfig deployDirectory
INFO: Deploying web application directory Ex2
Dec 1, 2015 6:06:28 PM org.apache.catalina.startup.HostConfig deployDirectory
INFO: Deploying web application directory Ex3
Dec 1, 2015 6:06:28 PM org.apache.catalina.startup.HostConfig deployDirectory
INFO: Deploying web application directory Ex4
Dec 1, 2015 6:06:28 PM org.apache.catalina.startup.HostConfig deployDirectory
INFO: Deploying web application directory Ex4.1
Dec 1, 2015 6:06:28 PM org.apache.catalina.startup.HostConfig deployDirectory
INFO: Deploying web application directory Ex5
Dec 1, 2015 6:06:28 PM org.apache.catalina.startup.HostConfig deployDirectory
INFO: Deploying web application directory Ex6
Dec 1, 2015 6:06:28 PM org.apache.catalina.startup.HostConfig deployDirectory
INFO: Deploying web application directory Ex7
Dec 1, 2015 6:06:28 PM org.apache.catalina.startup.HostConfig deployDirectory
INFO: Deploying web application directory Ex8
Dec 1, 2015 6:06:28 PM org.apache.catalina.startup.HostConfig deployDirectory
INFO: Deploying web application directory examples
Dec 1, 2015 6:06:29 PM org.apache.catalina.startup.HostConfig deployDirectory
INFO: Deploying web application directory includeDirective
Dec 1, 2015 6:06:29 PM org.apache.catalina.startup.HostConfig deployDirectory
INFO: Deploying web application directory JSPBasics
Dec 1, 2015 6:06:29 PM org.apache.catalina.startup.HostConfig deployDirectory
INFO: Deploying web application directory ROOT
Dec 1, 2015 6:06:29 PM org.apache.catalina.startup.HostConfig deployDirectory
INFO: Deploying web application directory sess
Dec 1, 2015 6:06:29 PM org.apache.coyote.http11.Http11Protocol start
INFO: Starting Coyote HTTP/1.1 on http-8080
Dec 1, 2015 6:06:29 PM org.apache.jk.common.ChannelSocket init
INFO: JK: ajp13 listening on /0.0.0.0:8009
Dec 1, 2015 6:06:29 PM org.apache.jk.server.JkMain start
INFO: Jk running ID=0 time=0/48  config=null
Dec 1, 2015 6:06:29 PM org.apache.catalina.startup.Catalina start
INFO: Server startup in 2449 ms
Dec 1, 2015 6:07:40 PM org.apache.coyote.http11.Http11Protocol pause
INFO: Pausing Coyote HTTP/1.1 on http-8080
Dec 1, 2015 6:07:41 PM org.apache.catalina.core.StandardService stop
INFO: Stopping service Catalina
Dec 1, 2015 6:07:41 PM org.apache.coyote.http11.Http11Protocol destroy
INFO: Stopping Coyote HTTP/1.1 on http-8080
Dec 1, 2015 6:07:46 PM org.apache.catalina.core.AprLifecycleListener init
INFO: The APR based Apache Tomcat Native library which allows optimal performance in production environments was not found on the java.library.path: E:\Softwares\jdk1.5.0_04\bin;C:\Windows\Sun\Java\bin;C:\Windows\system32;C:\Windows;C:\Program Files (x86)\Microsoft ASP.NET\ASP.NET Web Pages\v1.0\;C:\Program Files\Microsoft SQL Server\110\Tools\Binn\;C:\Program Files (x86)\Microsoft SQL Server\110\Tools\Binn\ManagementStudio\;C:\Program Files (x86)\Microsoft SQL Server\110\Tools\Binn\;C:\Program Files (x86)\Microsoft SQL Server\110\DTS\Binn\;C:\Program Files\Microsoft SQL Server\110\DTS\Binn\;C:\Program Files (x86)\Windows Kits\8.1\Windows Performance Toolkit\;C:\Program Files\Microsoft\Web Platform Installer\;C:\Program Files (x86)\Microsoft SDKs\Azure\CLI\wbin;E:\Softwares\jdk1.5.0_04\bin;.;;.
Dec 1, 2015 6:07:47 PM org.apache.coyote.http11.Http11Protocol init
INFO: Initializing Coyote HTTP/1.1 on http-8080
Dec 1, 2015 6:07:47 PM org.apache.catalina.startup.Catalina load
INFO: Initialization processed in 1016 ms
Dec 1, 2015 6:07:47 PM org.apache.catalina.core.StandardService start
INFO: Starting service Catalina
Dec 1, 2015 6:07:47 PM org.apache.catalina.core.StandardEngine start
INFO: Starting Servlet Engine: Apache Tomcat/6.0.44
Dec 1, 2015 6:07:47 PM org.apache.catalina.startup.HostConfig deployDescriptor
INFO: Deploying configuration descriptor host-manager.xml
Dec 1, 2015 6:07:47 PM org.apache.catalina.startup.HostConfig deployDescriptor
INFO: Deploying configuration descriptor manager.xml
Dec 1, 2015 6:07:48 PM org.apache.catalina.startup.HostConfig deployDirectory
INFO: Deploying web application directory ajax
Dec 1, 2015 6:07:48 PM org.apache.catalina.startup.HostConfig deployDirectory
INFO: Deploying web application directory Cookies
Dec 1, 2015 6:07:48 PM org.apache.catalina.startup.HostConfig deployDirectory
INFO: Deploying web application directory docs
Dec 1, 2015 6:07:48 PM org.apache.catalina.startup.HostConfig deployDirectory
INFO: Deploying web application directory Ex1
Dec 1, 2015 6:07:48 PM org.apache.catalina.startup.HostConfig deployDirectory
INFO: Deploying web application directory Ex2
Dec 1, 2015 6:07:48 PM org.apache.catalina.startup.HostConfig deployDirectory
INFO: Deploying web application directory Ex3
Dec 1, 2015 6:07:48 PM org.apache.catalina.startup.HostConfig deployDirectory
INFO: Deploying web application directory Ex4
Dec 1, 2015 6:07:48 PM org.apache.catalina.startup.HostConfig deployDirectory
INFO: Deploying web application directory Ex4.1
Dec 1, 2015 6:07:48 PM org.apache.catalina.startup.HostConfig deployDirectory
INFO: Deploying web application directory Ex5
Dec 1, 2015 6:07:48 PM org.apache.catalina.startup.HostConfig deployDirectory
INFO: Deploying web application directory Ex6
Dec 1, 2015 6:07:48 PM org.apache.catalina.startup.HostConfig deployDirectory
INFO: Deploying web application directory Ex7
Dec 1, 2015 6:07:48 PM org.apache.catalina.startup.HostConfig deployDirectory
INFO: Deploying web application directory Ex8
Dec 1, 2015 6:07:48 PM org.apache.catalina.startup.HostConfig deployDirectory
INFO: Deploying web application directory examples
Dec 1, 2015 6:07:49 PM org.apache.catalina.startup.HostConfig deployDirectory
INFO: Deploying web application directory includeDirective
Dec 1, 2015 6:07:49 PM org.apache.catalina.startup.HostConfig deployDirectory
INFO: Deploying web application directory JSPBasics
Dec 1, 2015 6:07:49 PM org.apache.catalina.startup.HostConfig deployDirectory
INFO: Deploying web application directory ROOT
Dec 1, 2015 6:07:49 PM org.apache.catalina.startup.HostConfig deployDirectory
INFO: Deploying web application directory sess
Dec 1, 2015 6:07:49 PM org.apache.coyote.http11.Http11Protocol start
INFO: Starting Coyote HTTP/1.1 on http-8080
Dec 1, 2015 6:07:49 PM org.apache.jk.common.ChannelSocket init
INFO: JK: ajp13 listening on /0.0.0.0:8009
Dec 1, 2015 6:07:49 PM org.apache.jk.server.JkMain start
INFO: Jk running ID=0 time=0/16  config=null
Dec 1, 2015 6:07:49 PM org.apache.catalina.startup.Catalina start
INFO: Server startup in 2084 ms
Dec 1, 2015 6:10:37 PM org.apache.coyote.http11.Http11Protocol pause
INFO: Pausing Coyote HTTP/1.1 on http-8080
Dec 1, 2015 6:10:38 PM org.apache.catalina.core.StandardService stop
INFO: Stopping service Catalina
Dec 1, 2015 6:10:38 PM org.apache.catalina.loader.WebappClassLoader clearReferencesJdbc
SEVERE: The web application [/Ex4.1] registered the JDBC driver [com.microsoft.sqlserver.jdbc.SQLServerDriver] but failed to unregister it when the web application was stopped. To prevent a memory leak, the JDBC Driver has been forcibly unregistered.
Dec 1, 2015 6:10:38 PM org.apache.catalina.loader.WebappClassLoader checkThreadLocalMapForLeaks
SEVERE: The web application [/Ex4.1] created a ThreadLocal with key of type [com.microsoft.sqlserver.jdbc.ActivityCorrelator$1] (value [com.microsoft.sqlserver.jdbc.ActivityCorrelator$1@1af028b]) and a value of type [com.microsoft.sqlserver.jdbc.ActivityId] (value [32f29a86-2ac3-48b7-a3e4-1c883f6ac31d-1]) but failed to remove it when the web application was stopped. This is very likely to create a memory leak.
Dec 1, 2015 6:10:38 PM org.apache.coyote.http11.Http11Protocol destroy
INFO: Stopping Coyote HTTP/1.1 on http-8080
Dec 1, 2015 6:10:42 PM org.apache.catalina.core.AprLifecycleListener init
INFO: The APR based Apache Tomcat Native library which allows optimal performance in production environments was not found on the java.library.path: E:\Softwares\jdk1.5.0_04\bin;C:\Windows\Sun\Java\bin;C:\Windows\system32;C:\Windows;C:\Program Files (x86)\Microsoft ASP.NET\ASP.NET Web Pages\v1.0\;C:\Program Files\Microsoft SQL Server\110\Tools\Binn\;C:\Program Files (x86)\Microsoft SQL Server\110\Tools\Binn\ManagementStudio\;C:\Program Files (x86)\Microsoft SQL Server\110\Tools\Binn\;C:\Program Files (x86)\Microsoft SQL Server\110\DTS\Binn\;C:\Program Files\Microsoft SQL Server\110\DTS\Binn\;C:\Program Files (x86)\Windows Kits\8.1\Windows Performance Toolkit\;C:\Program Files\Microsoft\Web Platform Installer\;C:\Program Files (x86)\Microsoft SDKs\Azure\CLI\wbin;E:\Softwares\jdk1.5.0_04\bin;.;;.
Dec 1, 2015 6:10:42 PM org.apache.coyote.http11.Http11Protocol init
INFO: Initializing Coyote HTTP/1.1 on http-8080
Dec 1, 2015 6:10:42 PM org.apache.catalina.startup.Catalina load
INFO: Initialization processed in 909 ms
Dec 1, 2015 6:10:42 PM org.apache.catalina.core.StandardService start
INFO: Starting service Catalina
Dec 1, 2015 6:10:42 PM org.apache.catalina.core.StandardEngine start
INFO: Starting Servlet Engine: Apache Tomcat/6.0.44
Dec 1, 2015 6:10:42 PM org.apache.catalina.startup.HostConfig deployDescriptor
INFO: Deploying configuration descriptor host-manager.xml
Dec 1, 2015 6:10:43 PM org.apache.catalina.startup.HostConfig deployDescriptor
INFO: Deploying configuration descriptor manager.xml
Dec 1, 2015 6:10:43 PM org.apache.catalina.startup.HostConfig deployDirectory
INFO: Deploying web application directory ajax
Dec 1, 2015 6:10:43 PM org.apache.catalina.startup.HostConfig deployDirectory
INFO: Deploying web application directory Cookies
Dec 1, 2015 6:10:43 PM org.apache.catalina.startup.HostConfig deployDirectory
INFO: Deploying web application directory docs
Dec 1, 2015 6:10:43 PM org.apache.catalina.startup.HostConfig deployDirectory
INFO: Deploying web application directory Ex1
Dec 1, 2015 6:10:43 PM org.apache.catalina.startup.HostConfig deployDirectory
INFO: Deploying web application directory Ex2
Dec 1, 2015 6:10:43 PM org.apache.catalina.startup.HostConfig deployDirectory
INFO: Deploying web application directory Ex3
Dec 1, 2015 6:10:43 PM org.apache.catalina.startup.HostConfig deployDirectory
INFO: Deploying web application directory Ex4
Dec 1, 2015 6:10:43 PM org.apache.catalina.startup.HostConfig deployDirectory
INFO: Deploying web application directory Ex4.1
Dec 1, 2015 6:10:43 PM org.apache.catalina.startup.HostConfig deployDirectory
INFO: Deploying web application directory Ex5
Dec 1, 2015 6:10:43 PM org.apache.catalina.startup.HostConfig deployDirectory
INFO: Deploying web application directory Ex6
Dec 1, 2015 6:10:43 PM org.apache.catalina.startup.HostConfig deployDirectory
INFO: Deploying web application directory Ex7
Dec 1, 2015 6:10:43 PM org.apache.catalina.startup.HostConfig deployDirectory
INFO: Deploying web application directory Ex8
Dec 1, 2015 6:10:44 PM org.apache.catalina.startup.HostConfig deployDirectory
INFO: Deploying web application directory examples
Dec 1, 2015 6:10:44 PM org.apache.catalina.startup.HostConfig deployDirectory
INFO: Deploying web application directory includeDirective
Dec 1, 2015 6:10:44 PM org.apache.catalina.startup.HostConfig deployDirectory
INFO: Deploying web application directory JSPBasics
Dec 1, 2015 6:10:44 PM org.apache.catalina.startup.HostConfig deployDirectory
INFO: Deploying web application directory ROOT
Dec 1, 2015 6:10:44 PM org.apache.catalina.startup.HostConfig deployDirectory
INFO: Deploying web application directory sess
Dec 1, 2015 6:10:44 PM org.apache.coyote.http11.Http11Protocol start
INFO: Starting Coyote HTTP/1.1 on http-8080
Dec 1, 2015 6:10:44 PM org.apache.jk.common.ChannelSocket init
INFO: JK: ajp13 listening on /0.0.0.0:8009
Dec 1, 2015 6:10:44 PM org.apache.jk.server.JkMain start
INFO: Jk running ID=0 time=0/31  config=null
Dec 1, 2015 6:10:44 PM org.apache.catalina.startup.Catalina start
INFO: Server startup in 2081 ms
Dec 1, 2015 6:13:24 PM org.apache.coyote.http11.Http11Protocol pause
INFO: Pausing Coyote HTTP/1.1 on http-8080
Dec 1, 2015 6:13:25 PM org.apache.catalina.core.StandardService stop
INFO: Stopping service Catalina
Dec 1, 2015 6:13:25 PM org.apache.catalina.loader.WebappClassLoader clearReferencesJdbc
SEVERE: The web application [/Ex4.1] registered the JDBC driver [com.microsoft.sqlserver.jdbc.SQLServerDriver] but failed to unregister it when the web application was stopped. To prevent a memory leak, the JDBC Driver has been forcibly unregistered.
Dec 1, 2015 6:13:25 PM org.apache.catalina.loader.WebappClassLoader checkThreadLocalMapForLeaks
SEVERE: The web application [/Ex4.1] created a ThreadLocal with key of type [com.microsoft.sqlserver.jdbc.ActivityCorrelator$1] (value [com.microsoft.sqlserver.jdbc.ActivityCorrelator$1@17d29da]) and a value of type [com.microsoft.sqlserver.jdbc.ActivityId] (value [22843a52-5fe0-4f49-bd71-8987d4889342-1]) but failed to remove it when the web application was stopped. This is very likely to create a memory leak.
Dec 1, 2015 6:13:25 PM org.apache.coyote.http11.Http11Protocol destroy
INFO: Stopping Coyote HTTP/1.1 on http-8080
Dec 1, 2015 6:13:28 PM org.apache.catalina.core.AprLifecycleListener init
INFO: The APR based Apache Tomcat Native library which allows optimal performance in production environments was not found on the java.library.path: E:\Softwares\jdk1.5.0_04\bin;C:\Windows\Sun\Java\bin;C:\Windows\system32;C:\Windows;C:\Program Files (x86)\Microsoft ASP.NET\ASP.NET Web Pages\v1.0\;C:\Program Files\Microsoft SQL Server\110\Tools\Binn\;C:\Program Files (x86)\Microsoft SQL Server\110\Tools\Binn\ManagementStudio\;C:\Program Files (x86)\Microsoft SQL Server\110\Tools\Binn\;C:\Program Files (x86)\Microsoft SQL Server\110\DTS\Binn\;C:\Program Files\Microsoft SQL Server\110\DTS\Binn\;C:\Program Files (x86)\Windows Kits\8.1\Windows Performance Toolkit\;C:\Program Files\Microsoft\Web Platform Installer\;C:\Program Files (x86)\Microsoft SDKs\Azure\CLI\wbin;E:\Softwares\jdk1.5.0_04\bin;.;;.
Dec 1, 2015 6:13:29 PM org.apache.coyote.http11.Http11Protocol init
INFO: Initializing Coyote HTTP/1.1 on http-8080
Dec 1, 2015 6:13:29 PM org.apache.catalina.startup.Catalina load
INFO: Initialization processed in 1118 ms
Dec 1, 2015 6:13:29 PM org.apache.catalina.core.StandardService start
INFO: Starting service Catalina
Dec 1, 2015 6:13:29 PM org.apache.catalina.core.StandardEngine start
INFO: Starting Servlet Engine: Apache Tomcat/6.0.44
Dec 1, 2015 6:13:29 PM org.apache.catalina.startup.HostConfig deployDescriptor
INFO: Deploying configuration descriptor host-manager.xml
Dec 1, 2015 6:13:29 PM org.apache.catalina.startup.HostConfig deployDescriptor
INFO: Deploying configuration descriptor manager.xml
Dec 1, 2015 6:13:29 PM org.apache.catalina.startup.HostConfig deployDirectory
INFO: Deploying web application directory ajax
Dec 1, 2015 6:13:30 PM org.apache.catalina.startup.HostConfig deployDirectory
INFO: Deploying web application directory Cookies
Dec 1, 2015 6:13:30 PM org.apache.catalina.startup.HostConfig deployDirectory
INFO: Deploying web application directory docs
Dec 1, 2015 6:13:30 PM org.apache.catalina.startup.HostConfig deployDirectory
INFO: Deploying web application directory Ex1
Dec 1, 2015 6:13:30 PM org.apache.catalina.startup.HostConfig deployDirectory
INFO: Deploying web application directory Ex2
Dec 1, 2015 6:13:30 PM org.apache.catalina.startup.HostConfig deployDirectory
INFO: Deploying web application directory Ex3
Dec 1, 2015 6:13:30 PM org.apache.catalina.startup.HostConfig deployDirectory
INFO: Deploying web application directory Ex4
Dec 1, 2015 6:13:30 PM org.apache.catalina.startup.HostConfig deployDirectory
INFO: Deploying web application directory Ex4.1
Dec 1, 2015 6:13:30 PM org.apache.catalina.startup.HostConfig deployDirectory
INFO: Deploying web application directory Ex5
Dec 1, 2015 6:13:30 PM org.apache.catalina.startup.HostConfig deployDirectory
INFO: Deploying web application directory Ex6
Dec 1, 2015 6:13:30 PM org.apache.catalina.startup.HostConfig deployDirectory
INFO: Deploying web application directory Ex7
Dec 1, 2015 6:13:30 PM org.apache.catalina.startup.HostConfig deployDirectory
INFO: Deploying web application directory Ex8
Dec 1, 2015 6:13:30 PM org.apache.catalina.startup.HostConfig deployDirectory
INFO: Deploying web application directory examples
Dec 1, 2015 6:13:31 PM org.apache.catalina.startup.HostConfig deployDirectory
INFO: Deploying web application directory includeDirective
Dec 1, 2015 6:13:31 PM org.apache.catalina.startup.HostConfig deployDirectory
INFO: Deploying web application directory JSPBasics
Dec 1, 2015 6:13:31 PM org.apache.catalina.startup.HostConfig deployDirectory
INFO: Deploying web application directory ROOT
Dec 1, 2015 6:13:31 PM org.apache.catalina.startup.HostConfig deployDirectory
INFO: Deploying web application directory sess
Dec 1, 2015 6:13:31 PM org.apache.coyote.http11.Http11Protocol start
INFO: Starting Coyote HTTP/1.1 on http-8080
Dec 1, 2015 6:13:31 PM org.apache.jk.common.ChannelSocket init
INFO: JK: ajp13 listening on /0.0.0.0:8009
Dec 1, 2015 6:13:31 PM org.apache.jk.server.JkMain start
INFO: Jk running ID=0 time=0/47  config=null
Dec 1, 2015 6:13:31 PM org.apache.catalina.startup.Catalina start
INFO: Server startup in 2441 ms
Dec 1, 2015 6:15:49 PM org.apache.coyote.http11.Http11Protocol pause
INFO: Pausing Coyote HTTP/1.1 on http-8080
Dec 1, 2015 6:15:50 PM org.apache.catalina.core.StandardService stop
INFO: Stopping service Catalina
Dec 1, 2015 6:15:50 PM org.apache.catalina.loader.WebappClassLoader clearReferencesJdbc
SEVERE: The web application [/Ex4.1] registered the JDBC driver [com.microsoft.sqlserver.jdbc.SQLServerDriver] but failed to unregister it when the web application was stopped. To prevent a memory leak, the JDBC Driver has been forcibly unregistered.
Dec 1, 2015 6:15:50 PM org.apache.catalina.loader.WebappClassLoader checkThreadLocalMapForLeaks
SEVERE: The web application [/Ex4.1] created a ThreadLocal with key of type [com.microsoft.sqlserver.jdbc.ActivityCorrelator$1] (value [com.microsoft.sqlserver.jdbc.ActivityCorrelator$1@16dce5c]) and a value of type [com.microsoft.sqlserver.jdbc.ActivityId] (value [c516e47a-6520-4ad3-bc34-45dae7de394c-2]) but failed to remove it when the web application was stopped. This is very likely to create a memory leak.
Dec 1, 2015 6:15:50 PM org.apache.coyote.http11.Http11Protocol destroy
INFO: Stopping Coyote HTTP/1.1 on http-8080
Dec 1, 2015 6:15:53 PM org.apache.catalina.core.AprLifecycleListener init
INFO: The APR based Apache Tomcat Native library which allows optimal performance in production environments was not found on the java.library.path: E:\Softwares\jdk1.5.0_04\bin;C:\Windows\Sun\Java\bin;C:\Windows\system32;C:\Windows;C:\Program Files (x86)\Microsoft ASP.NET\ASP.NET Web Pages\v1.0\;C:\Program Files\Microsoft SQL Server\110\Tools\Binn\;C:\Program Files (x86)\Microsoft SQL Server\110\Tools\Binn\ManagementStudio\;C:\Program Files (x86)\Microsoft SQL Server\110\Tools\Binn\;C:\Program Files (x86)\Microsoft SQL Server\110\DTS\Binn\;C:\Program Files\Microsoft SQL Server\110\DTS\Binn\;C:\Program Files (x86)\Windows Kits\8.1\Windows Performance Toolkit\;C:\Program Files\Microsoft\Web Platform Installer\;C:\Program Files (x86)\Microsoft SDKs\Azure\CLI\wbin;E:\Softwares\jdk1.5.0_04\bin;.;;.
Dec 1, 2015 6:15:53 PM org.apache.coyote.http11.Http11Protocol init
INFO: Initializing Coyote HTTP/1.1 on http-8080
Dec 1, 2015 6:15:53 PM org.apache.catalina.startup.Catalina load
INFO: Initialization processed in 766 ms
Dec 1, 2015 6:15:53 PM org.apache.catalina.core.StandardService start
INFO: Starting service Catalina
Dec 1, 2015 6:15:53 PM org.apache.catalina.core.StandardEngine start
INFO: Starting Servlet Engine: Apache Tomcat/6.0.44
Dec 1, 2015 6:15:53 PM org.apache.catalina.startup.HostConfig deployDescriptor
INFO: Deploying configuration descriptor host-manager.xml
Dec 1, 2015 6:15:53 PM org.apache.catalina.startup.HostConfig deployDescriptor
INFO: Deploying configuration descriptor manager.xml
Dec 1, 2015 6:15:54 PM org.apache.catalina.startup.HostConfig deployDirectory
INFO: Deploying web application directory ajax
Dec 1, 2015 6:15:54 PM org.apache.catalina.startup.HostConfig deployDirectory
INFO: Deploying web application directory Cookies
Dec 1, 2015 6:15:54 PM org.apache.catalina.startup.HostConfig deployDirectory
INFO: Deploying web application directory docs
Dec 1, 2015 6:15:54 PM org.apache.catalina.startup.HostConfig deployDirectory
INFO: Deploying web application directory Ex1
Dec 1, 2015 6:15:54 PM org.apache.catalina.startup.HostConfig deployDirectory
INFO: Deploying web application directory Ex2
Dec 1, 2015 6:15:54 PM org.apache.catalina.startup.HostConfig deployDirectory
INFO: Deploying web application directory Ex3
Dec 1, 2015 6:15:54 PM org.apache.catalina.startup.HostConfig deployDirectory
INFO: Deploying web application directory Ex4
Dec 1, 2015 6:15:54 PM org.apache.catalina.startup.HostConfig deployDirectory
INFO: Deploying web application directory Ex4.1
Dec 1, 2015 6:15:54 PM org.apache.catalina.startup.HostConfig deployDirectory
INFO: Deploying web application directory Ex5
Dec 1, 2015 6:15:54 PM org.apache.catalina.startup.HostConfig deployDirectory
INFO: Deploying web application directory Ex6
Dec 1, 2015 6:15:54 PM org.apache.catalina.startup.HostConfig deployDirectory
INFO: Deploying web application directory Ex7
Dec 1, 2015 6:15:54 PM org.apache.catalina.startup.HostConfig deployDirectory
INFO: Deploying web application directory Ex8
Dec 1, 2015 6:15:54 PM org.apache.catalina.startup.HostConfig deployDirectory
INFO: Deploying web application directory examples
Dec 1, 2015 6:15:54 PM org.apache.catalina.startup.HostConfig deployDirectory
INFO: Deploying web application directory includeDirective
Dec 1, 2015 6:15:54 PM org.apache.catalina.startup.HostConfig deployDirectory
INFO: Deploying web application directory JSPBasics
Dec 1, 2015 6:15:54 PM org.apache.catalina.startup.HostConfig deployDirectory
INFO: Deploying web application directory ROOT
Dec 1, 2015 6:15:54 PM org.apache.catalina.startup.HostConfig deployDirectory
INFO: Deploying web application directory sess
Dec 1, 2015 6:15:55 PM org.apache.coyote.http11.Http11Protocol start
INFO: Starting Coyote HTTP/1.1 on http-8080
Dec 1, 2015 6:15:55 PM org.apache.jk.common.ChannelSocket init
INFO: JK: ajp13 listening on /0.0.0.0:8009
Dec 1, 2015 6:15:55 PM org.apache.jk.server.JkMain start
INFO: Jk running ID=0 time=0/16  config=null
Dec 1, 2015 6:15:55 PM org.apache.catalina.startup.Catalina start
INFO: Server startup in 1646 ms
Dec 1, 2015 6:18:16 PM org.apache.coyote.http11.Http11Protocol pause
INFO: Pausing Coyote HTTP/1.1 on http-8080
Dec 1, 2015 6:18:17 PM org.apache.catalina.core.StandardService stop
INFO: Stopping service Catalina
Dec 1, 2015 6:18:17 PM org.apache.catalina.loader.WebappClassLoader clearReferencesJdbc
SEVERE: The web application [/Ex4.1] registered the JDBC driver [com.microsoft.sqlserver.jdbc.SQLServerDriver] but failed to unregister it when the web application was stopped. To prevent a memory leak, the JDBC Driver has been forcibly unregistered.
Dec 1, 2015 6:18:17 PM org.apache.catalina.loader.WebappClassLoader checkThreadLocalMapForLeaks
SEVERE: The web application [/Ex4.1] created a ThreadLocal with key of type [com.microsoft.sqlserver.jdbc.ActivityCorrelator$1] (value [com.microsoft.sqlserver.jdbc.ActivityCorrelator$1@15b3f3c]) and a value of type [com.microsoft.sqlserver.jdbc.ActivityId] (value [c1e56d3f-2c74-4f48-964a-9190d08d506e-1]) but failed to remove it when the web application was stopped. This is very likely to create a memory leak.
Dec 1, 2015 6:18:17 PM org.apache.coyote.http11.Http11Protocol destroy
INFO: Stopping Coyote HTTP/1.1 on http-8080
Dec 1, 2015 6:18:21 PM org.apache.catalina.core.AprLifecycleListener init
INFO: The APR based Apache Tomcat Native library which allows optimal performance in production environments was not found on the java.library.path: E:\Softwares\jdk1.5.0_04\bin;C:\Windows\Sun\Java\bin;C:\Windows\system32;C:\Windows;C:\Program Files (x86)\Microsoft ASP.NET\ASP.NET Web Pages\v1.0\;C:\Program Files\Microsoft SQL Server\110\Tools\Binn\;C:\Program Files (x86)\Microsoft SQL Server\110\Tools\Binn\ManagementStudio\;C:\Program Files (x86)\Microsoft SQL Server\110\Tools\Binn\;C:\Program Files (x86)\Microsoft SQL Server\110\DTS\Binn\;C:\Program Files\Microsoft SQL Server\110\DTS\Binn\;C:\Program Files (x86)\Windows Kits\8.1\Windows Performance Toolkit\;C:\Program Files\Microsoft\Web Platform Installer\;C:\Program Files (x86)\Microsoft SDKs\Azure\CLI\wbin;E:\Softwares\jdk1.5.0_04\bin;.;;.
Dec 1, 2015 6:18:21 PM org.apache.coyote.http11.Http11Protocol init
INFO: Initializing Coyote HTTP/1.1 on http-8080
Dec 1, 2015 6:18:21 PM org.apache.catalina.startup.Catalina load
INFO: Initialization processed in 873 ms
Dec 1, 2015 6:18:21 PM org.apache.catalina.core.StandardService start
INFO: Starting service Catalina
Dec 1, 2015 6:18:21 PM org.apache.catalina.core.StandardEngine start
INFO: Starting Servlet Engine: Apache Tomcat/6.0.44
Dec 1, 2015 6:18:21 PM org.apache.catalina.startup.HostConfig deployDescriptor
INFO: Deploying configuration descriptor host-manager.xml
Dec 1, 2015 6:18:22 PM org.apache.catalina.startup.HostConfig deployDescriptor
INFO: Deploying configuration descriptor manager.xml
Dec 1, 2015 6:18:22 PM org.apache.catalina.startup.HostConfig deployDirectory
INFO: Deploying web application directory ajax
Dec 1, 2015 6:18:22 PM org.apache.catalina.startup.HostConfig deployDirectory
INFO: Deploying web application directory Cookies
Dec 1, 2015 6:18:22 PM org.apache.catalina.startup.HostConfig deployDirectory
INFO: Deploying web application directory docs
Dec 1, 2015 6:18:22 PM org.apache.catalina.startup.HostConfig deployDirectory
INFO: Deploying web application directory Ex1
Dec 1, 2015 6:18:22 PM org.apache.catalina.startup.HostConfig deployDirectory
INFO: Deploying web application directory Ex2
Dec 1, 2015 6:18:22 PM org.apache.catalina.startup.HostConfig deployDirectory
INFO: Deploying web application directory Ex3
Dec 1, 2015 6:18:23 PM org.apache.catalina.startup.HostConfig deployDirectory
INFO: Deploying web application directory Ex4
Dec 1, 2015 6:18:23 PM org.apache.catalina.startup.HostConfig deployDirectory
INFO: Deploying web application directory Ex4.1
Dec 1, 2015 6:18:23 PM org.apache.catalina.startup.HostConfig deployDirectory
INFO: Deploying web application directory Ex5
Dec 1, 2015 6:18:23 PM org.apache.catalina.startup.HostConfig deployDirectory
INFO: Deploying web application directory Ex6
Dec 1, 2015 6:18:23 PM org.apache.catalina.startup.HostConfig deployDirectory
INFO: Deploying web application directory Ex7
Dec 1, 2015 6:18:23 PM org.apache.catalina.startup.HostConfig deployDirectory
INFO: Deploying web application directory Ex8
Dec 1, 2015 6:18:23 PM org.apache.catalina.startup.HostConfig deployDirectory
INFO: Deploying web application directory examples
Dec 1, 2015 6:18:23 PM org.apache.catalina.startup.HostConfig deployDirectory
INFO: Deploying web application directory includeDirective
Dec 1, 2015 6:18:23 PM org.apache.catalina.startup.HostConfig deployDirectory
INFO: Deploying web application directory JSPBasics
Dec 1, 2015 6:18:24 PM org.apache.catalina.startup.HostConfig deployDirectory
INFO: Deploying web application directory ROOT
Dec 1, 2015 6:18:24 PM org.apache.catalina.startup.HostConfig deployDirectory
INFO: Deploying web application directory sess
Dec 1, 2015 6:18:24 PM org.apache.coyote.http11.Http11Protocol start
INFO: Starting Coyote HTTP/1.1 on http-8080
Dec 1, 2015 6:18:24 PM org.apache.jk.common.ChannelSocket init
INFO: JK: ajp13 listening on /0.0.0.0:8009
Dec 1, 2015 6:18:24 PM org.apache.jk.server.JkMain start
INFO: Jk running ID=0 time=0/31  config=null
Dec 1, 2015 6:18:24 PM org.apache.catalina.startup.Catalina start
INFO: Server startup in 2649 ms
Dec 1, 2015 6:21:42 PM org.apache.coyote.http11.Http11Protocol pause
INFO: Pausing Coyote HTTP/1.1 on http-8080
Dec 1, 2015 6:21:43 PM org.apache.catalina.core.StandardService stop
INFO: Stopping service Catalina
Dec 1, 2015 6:21:43 PM org.apache.catalina.loader.WebappClassLoader clearReferencesJdbc
SEVERE: The web application [/Ex4.1] registered the JDBC driver [com.microsoft.sqlserver.jdbc.SQLServerDriver] but failed to unregister it when the web application was stopped. To prevent a memory leak, the JDBC Driver has been forcibly unregistered.
Dec 1, 2015 6:21:43 PM org.apache.catalina.loader.WebappClassLoader checkThreadLocalMapForLeaks
SEVERE: The web application [/Ex4.1] created a ThreadLocal with key of type [com.microsoft.sqlserver.jdbc.ActivityCorrelator$1] (value [com.microsoft.sqlserver.jdbc.ActivityCorrelator$1@46d208]) and a value of type [com.microsoft.sqlserver.jdbc.ActivityId] (value [29a579dd-7ee6-4098-8ae3-92a77a09a1e0-1]) but failed to remove it when the web application was stopped. This is very likely to create a memory leak.
Dec 1, 2015 6:21:44 PM org.apache.coyote.http11.Http11Protocol destroy
INFO: Stopping Coyote HTTP/1.1 on http-8080
Dec 1, 2015 6:21:48 PM org.apache.catalina.core.AprLifecycleListener init
INFO: The APR based Apache Tomcat Native library which allows optimal performance in production environments was not found on the java.library.path: E:\Softwares\jdk1.5.0_04\bin;C:\Windows\Sun\Java\bin;C:\Windows\system32;C:\Windows;C:\Program Files (x86)\Microsoft ASP.NET\ASP.NET Web Pages\v1.0\;C:\Program Files\Microsoft SQL Server\110\Tools\Binn\;C:\Program Files (x86)\Microsoft SQL Server\110\Tools\Binn\ManagementStudio\;C:\Program Files (x86)\Microsoft SQL Server\110\Tools\Binn\;C:\Program Files (x86)\Microsoft SQL Server\110\DTS\Binn\;C:\Program Files\Microsoft SQL Server\110\DTS\Binn\;C:\Program Files (x86)\Windows Kits\8.1\Windows Performance Toolkit\;C:\Program Files\Microsoft\Web Platform Installer\;C:\Program Files (x86)\Microsoft SDKs\Azure\CLI\wbin;E:\Softwares\jdk1.5.0_04\bin;.;;.
Dec 1, 2015 6:21:48 PM org.apache.coyote.http11.Http11Protocol init
INFO: Initializing Coyote HTTP/1.1 on http-8080
Dec 1, 2015 6:21:48 PM org.apache.catalina.startup.Catalina load
INFO: Initialization processed in 929 ms
Dec 1, 2015 6:21:48 PM org.apache.catalina.core.StandardService start
INFO: Starting service Catalina
Dec 1, 2015 6:21:48 PM org.apache.catalina.core.StandardEngine start
INFO: Starting Servlet Engine: Apache Tomcat/6.0.44
Dec 1, 2015 6:21:48 PM org.apache.catalina.startup.HostConfig deployDescriptor
INFO: Deploying configuration descriptor host-manager.xml
Dec 1, 2015 6:21:49 PM org.apache.catalina.startup.HostConfig deployDescriptor
INFO: Deploying configuration descriptor manager.xml
Dec 1, 2015 6:21:49 PM org.apache.catalina.startup.HostConfig deployDirectory
INFO: Deploying web application directory ajax
Dec 1, 2015 6:21:49 PM org.apache.catalina.startup.HostConfig deployDirectory
INFO: Deploying web application directory Cookies
Dec 1, 2015 6:21:49 PM org.apache.catalina.startup.HostConfig deployDirectory
INFO: Deploying web application directory docs
Dec 1, 2015 6:21:49 PM org.apache.catalina.startup.HostConfig deployDirectory
INFO: Deploying web application directory Ex1
Dec 1, 2015 6:21:49 PM org.apache.catalina.startup.HostConfig deployDirectory
INFO: Deploying web application directory Ex2
Dec 1, 2015 6:21:49 PM org.apache.catalina.startup.HostConfig deployDirectory
INFO: Deploying web application directory Ex3
Dec 1, 2015 6:21:49 PM org.apache.catalina.startup.HostConfig deployDirectory
INFO: Deploying web application directory Ex4
Dec 1, 2015 6:21:49 PM org.apache.catalina.startup.HostConfig deployDirectory
INFO: Deploying web application directory Ex4.1
Dec 1, 2015 6:21:49 PM org.apache.catalina.startup.HostConfig deployDirectory
INFO: Deploying web application directory Ex5
Dec 1, 2015 6:21:49 PM org.apache.catalina.startup.HostConfig deployDirectory
INFO: Deploying web application directory Ex6
Dec 1, 2015 6:21:49 PM org.apache.catalina.startup.HostConfig deployDirectory
INFO: Deploying web application directory Ex7
Dec 1, 2015 6:21:49 PM org.apache.catalina.startup.HostConfig deployDirectory
INFO: Deploying web application directory Ex8
Dec 1, 2015 6:21:50 PM org.apache.catalina.startup.HostConfig deployDirectory
INFO: Deploying web application directory examples
Dec 1, 2015 6:21:50 PM org.apache.catalina.startup.HostConfig deployDirectory
INFO: Deploying web application directory includeDirective
Dec 1, 2015 6:21:50 PM org.apache.catalina.startup.HostConfig deployDirectory
INFO: Deploying web application directory JSPBasics
Dec 1, 2015 6:21:50 PM org.apache.catalina.startup.HostConfig deployDirectory
INFO: Deploying web application directory ROOT
Dec 1, 2015 6:21:50 PM org.apache.catalina.startup.HostConfig deployDirectory
INFO: Deploying web application directory sess
Dec 1, 2015 6:21:50 PM org.apache.coyote.http11.Http11Protocol start
INFO: Starting Coyote HTTP/1.1 on http-8080
Dec 1, 2015 6:21:50 PM org.apache.jk.common.ChannelSocket init
INFO: JK: ajp13 listening on /0.0.0.0:8009
Dec 1, 2015 6:21:50 PM org.apache.jk.server.JkMain start
INFO: Jk running ID=0 time=0/47  config=null
Dec 1, 2015 6:21:50 PM org.apache.catalina.startup.Catalina start
INFO: Server startup in 2202 ms
Dec 1, 2015 6:23:03 PM org.apache.coyote.http11.Http11Protocol pause
INFO: Pausing Coyote HTTP/1.1 on http-8080
Dec 1, 2015 6:23:04 PM org.apache.catalina.core.StandardService stop
INFO: Stopping service Catalina
Dec 1, 2015 6:23:04 PM org.apache.catalina.loader.WebappClassLoader clearReferencesJdbc
SEVERE: The web application [/Ex4.1] registered the JDBC driver [com.microsoft.sqlserver.jdbc.SQLServerDriver] but failed to unregister it when the web application was stopped. To prevent a memory leak, the JDBC Driver has been forcibly unregistered.
Dec 1, 2015 6:23:04 PM org.apache.catalina.loader.WebappClassLoader checkThreadLocalMapForLeaks
SEVERE: The web application [/Ex4.1] created a ThreadLocal with key of type [com.microsoft.sqlserver.jdbc.ActivityCorrelator$1] (value [com.microsoft.sqlserver.jdbc.ActivityCorrelator$1@46f8df]) and a value of type [com.microsoft.sqlserver.jdbc.ActivityId] (value [b4d5e9f2-2f3f-4585-8181-691f89962d49-1]) but failed to remove it when the web application was stopped. This is very likely to create a memory leak.
Dec 1, 2015 6:23:04 PM org.apache.coyote.http11.Http11Protocol destroy
INFO: Stopping Coyote HTTP/1.1 on http-8080
Dec 1, 2015 6:23:07 PM org.apache.catalina.core.AprLifecycleListener init
INFO: The APR based Apache Tomcat Native library which allows optimal performance in production environments was not found on the java.library.path: E:\Softwares\jdk1.5.0_04\bin;C:\Windows\Sun\Java\bin;C:\Windows\system32;C:\Windows;C:\Program Files (x86)\Microsoft ASP.NET\ASP.NET Web Pages\v1.0\;C:\Program Files\Microsoft SQL Server\110\Tools\Binn\;C:\Program Files (x86)\Microsoft SQL Server\110\Tools\Binn\ManagementStudio\;C:\Program Files (x86)\Microsoft SQL Server\110\Tools\Binn\;C:\Program Files (x86)\Microsoft SQL Server\110\DTS\Binn\;C:\Program Files\Microsoft SQL Server\110\DTS\Binn\;C:\Program Files (x86)\Windows Kits\8.1\Windows Performance Toolkit\;C:\Program Files\Microsoft\Web Platform Installer\;C:\Program Files (x86)\Microsoft SDKs\Azure\CLI\wbin;E:\Softwares\jdk1.5.0_04\bin;.;;.
Dec 1, 2015 6:23:07 PM org.apache.coyote.http11.Http11Protocol init
INFO: Initializing Coyote HTTP/1.1 on http-8080
Dec 1, 2015 6:23:07 PM org.apache.catalina.startup.Catalina load
INFO: Initialization processed in 1011 ms
Dec 1, 2015 6:23:07 PM org.apache.catalina.core.StandardService start
INFO: Starting service Catalina
Dec 1, 2015 6:23:07 PM org.apache.catalina.core.StandardEngine start
INFO: Starting Servlet Engine: Apache Tomcat/6.0.44
Dec 1, 2015 6:23:08 PM org.apache.catalina.startup.HostConfig deployDescriptor
INFO: Deploying configuration descriptor host-manager.xml
Dec 1, 2015 6:23:08 PM org.apache.catalina.startup.HostConfig deployDescriptor
INFO: Deploying configuration descriptor manager.xml
Dec 1, 2015 6:23:08 PM org.apache.catalina.startup.HostConfig deployDirectory
INFO: Deploying web application directory ajax
Dec 1, 2015 6:23:08 PM org.apache.catalina.startup.HostConfig deployDirectory
INFO: Deploying web application directory Cookies
Dec 1, 2015 6:23:08 PM org.apache.catalina.startup.HostConfig deployDirectory
INFO: Deploying web application directory docs
Dec 1, 2015 6:23:08 PM org.apache.catalina.startup.HostConfig deployDirectory
INFO: Deploying web application directory Ex1
Dec 1, 2015 6:23:08 PM org.apache.catalina.startup.HostConfig deployDirectory
INFO: Deploying web application directory Ex2
Dec 1, 2015 6:23:08 PM org.apache.catalina.startup.HostConfig deployDirectory
INFO: Deploying web application directory Ex3
Dec 1, 2015 6:23:09 PM org.apache.catalina.startup.HostConfig deployDirectory
INFO: Deploying web application directory Ex4
Dec 1, 2015 6:23:09 PM org.apache.catalina.startup.HostConfig deployDirectory
INFO: Deploying web application directory Ex4.1
Dec 1, 2015 6:23:09 PM org.apache.catalina.startup.HostConfig deployDirectory
INFO: Deploying web application directory Ex5
Dec 1, 2015 6:23:09 PM org.apache.catalina.startup.HostConfig deployDirectory
INFO: Deploying web application directory Ex6
Dec 1, 2015 6:23:09 PM org.apache.catalina.startup.HostConfig deployDirectory
INFO: Deploying web application directory Ex7
Dec 1, 2015 6:23:09 PM org.apache.catalina.startup.HostConfig deployDirectory
INFO: Deploying web application directory Ex8
Dec 1, 2015 6:23:09 PM org.apache.catalina.startup.HostConfig deployDirectory
INFO: Deploying web application directory examples
Dec 1, 2015 6:23:09 PM org.apache.catalina.startup.HostConfig deployDirectory
INFO: Deploying web application directory includeDirective
Dec 1, 2015 6:23:09 PM org.apache.catalina.startup.HostConfig deployDirectory
INFO: Deploying web application directory JSPBasics
Dec 1, 2015 6:23:09 PM org.apache.catalina.startup.HostConfig deployDirectory
INFO: Deploying web application directory ROOT
Dec 1, 2015 6:23:10 PM org.apache.catalina.startup.HostConfig deployDirectory
INFO: Deploying web application directory sess
Dec 1, 2015 6:23:10 PM org.apache.coyote.http11.Http11Protocol start
INFO: Starting Coyote HTTP/1.1 on http-8080
Dec 1, 2015 6:23:10 PM org.apache.jk.common.ChannelSocket init
INFO: JK: ajp13 listening on /0.0.0.0:8009
Dec 1, 2015 6:23:10 PM org.apache.jk.server.JkMain start
INFO: Jk running ID=0 time=0/32  config=null
Dec 1, 2015 6:23:10 PM org.apache.catalina.startup.Catalina start
INFO: Server startup in 2468 ms
Dec 1, 2015 6:23:28 PM org.apache.coyote.http11.Http11Protocol pause
INFO: Pausing Coyote HTTP/1.1 on http-8080
Dec 1, 2015 6:23:29 PM org.apache.catalina.core.StandardService stop
INFO: Stopping service Catalina
Dec 1, 2015 6:23:29 PM org.apache.catalina.loader.WebappClassLoader clearReferencesJdbc
SEVERE: The web application [/Ex4.1] registered the JDBC driver [com.microsoft.sqlserver.jdbc.SQLServerDriver] but failed to unregister it when the web application was stopped. To prevent a memory leak, the JDBC Driver has been forcibly unregistered.
Dec 1, 2015 6:23:29 PM org.apache.catalina.loader.WebappClassLoader checkThreadLocalMapForLeaks
SEVERE: The web application [/Ex4.1] created a ThreadLocal with key of type [com.microsoft.sqlserver.jdbc.ActivityCorrelator$1] (value [com.microsoft.sqlserver.jdbc.ActivityCorrelator$1@16dce5c]) and a value of type [com.microsoft.sqlserver.jdbc.ActivityId] (value [9482b22d-7c63-45cb-acdd-63d7728465d3-1]) but failed to remove it when the web application was stopped. This is very likely to create a memory leak.
Dec 1, 2015 6:23:30 PM org.apache.coyote.http11.Http11Protocol destroy
INFO: Stopping Coyote HTTP/1.1 on http-8080
