Nov 23, 2015 8:06:51 PM org.apache.catalina.core.AprLifecycleListener init
INFO: The APR based Apache Tomcat Native library which allows optimal performance in production environments was not found on the java.library.path: E:\Softwares\jdk1.5.0_04\bin;.;C:\Windows\system32;C:\Windows;C:\Program Files (x86)\Microsoft ASP.NET\ASP.NET Web Pages\v1.0\;C:\Program Files\Microsoft SQL Server\110\Tools\Binn\;C:\Program Files (x86)\Microsoft SQL Server\110\Tools\Binn\ManagementStudio\;C:\Program Files (x86)\Microsoft SQL Server\110\Tools\Binn\;C:\Program Files (x86)\Microsoft SQL Server\110\DTS\Binn\;C:\Program Files\Microsoft SQL Server\110\DTS\Binn\;C:\Program Files (x86)\Windows Kits\8.1\Windows Performance Toolkit\;C:\Program Files\Microsoft\Web Platform Installer\;C:\Program Files (x86)\Microsoft SDKs\Azure\CLI\wbin;E:\Softwares\jdk1.5.0_04\bin
Nov 23, 2015 8:06:52 PM org.apache.coyote.http11.Http11Protocol init
INFO: Initializing Coyote HTTP/1.1 on http-8080
Nov 23, 2015 8:06:52 PM org.apache.catalina.startup.Catalina load
INFO: Initialization processed in 890 ms
Nov 23, 2015 8:06:52 PM org.apache.catalina.core.StandardService start
INFO: Starting service Catalina
Nov 23, 2015 8:06:52 PM org.apache.catalina.core.StandardEngine start
INFO: Starting Servlet Engine: Apache Tomcat/6.0.44
Nov 23, 2015 8:06:52 PM org.apache.catalina.startup.HostConfig deployDirectory
INFO: Deploying web application directory docs
Nov 23, 2015 8:06:52 PM org.apache.catalina.startup.HostConfig deployDirectory
INFO: Deploying web application directory examples
Nov 23, 2015 8:06:52 PM org.apache.catalina.startup.HostConfig deployDirectory
INFO: Deploying web application directory host-manager
Nov 23, 2015 8:06:52 PM org.apache.catalina.startup.HostConfig deployDirectory
INFO: Deploying web application directory manager
Nov 23, 2015 8:06:53 PM org.apache.catalina.startup.HostConfig deployDirectory
INFO: Deploying web application directory ROOT
Nov 23, 2015 8:06:53 PM org.apache.coyote.http11.Http11Protocol start
INFO: Starting Coyote HTTP/1.1 on http-8080
Nov 23, 2015 8:06:53 PM org.apache.jk.common.ChannelSocket init
INFO: JK: ajp13 listening on /0.0.0.0:8009
Nov 23, 2015 8:06:53 PM org.apache.jk.server.JkMain start
INFO: Jk running ID=0 time=0/31  config=null
Nov 23, 2015 8:06:53 PM org.apache.catalina.startup.Catalina start
INFO: Server startup in 999 ms
Nov 23, 2015 8:07:14 PM org.apache.coyote.http11.Http11Protocol pause
INFO: Pausing Coyote HTTP/1.1 on http-8080
Nov 23, 2015 8:07:15 PM org.apache.catalina.core.StandardService stop
INFO: Stopping service Catalina
Nov 23, 2015 8:07:15 PM org.apache.coyote.http11.Http11Protocol destroy
INFO: Stopping Coyote HTTP/1.1 on http-8080
