Dec 10, 2015 4:50:33 AM org.apache.coyote.http11.Http11Protocol pause
INFO: Pausing Coyote HTTP/1.1 on http-8080
Dec 10, 2015 4:50:34 AM org.apache.catalina.core.StandardService stop
INFO: Stopping service Catalina
Dec 10, 2015 4:50:35 AM org.apache.catalina.loader.WebappClassLoader clearReferencesJdbc
SEVERE: The web application [/Ex17-ajax] registered the JDBC driver [com.microsoft.sqlserver.jdbc.SQLServerDriver] but failed to unregister it when the web application was stopped. To prevent a memory leak, the JDBC Driver has been forcibly unregistered.
Dec 10, 2015 4:50:35 AM org.apache.catalina.loader.WebappClassLoader checkThreadLocalMapForLeaks
SEVERE: The web application [/Ex17-ajax] created a ThreadLocal with key of type [com.microsoft.sqlserver.jdbc.ActivityCorrelator$1] (value [com.microsoft.sqlserver.jdbc.ActivityCorrelator$1@15348fb]) and a value of type [com.microsoft.sqlserver.jdbc.ActivityId] (value [f4e26633-b853-4fa4-ae40-9f4e8bb52bf5-1]) but failed to remove it when the web application was stopped. This is very likely to create a memory leak.
Dec 10, 2015 4:50:35 AM org.apache.coyote.http11.Http11Protocol destroy
INFO: Stopping Coyote HTTP/1.1 on http-8080
Dec 10, 2015 4:50:37 AM org.apache.catalina.core.AprLifecycleListener init
INFO: The APR based Apache Tomcat Native library which allows optimal performance in production environments was not found on the java.library.path: E:\Softwares\jdk1.5.0_04\bin;C:\Windows\Sun\Java\bin;C:\Windows\system32;C:\Windows;C:\Program Files (x86)\Microsoft ASP.NET\ASP.NET Web Pages\v1.0\;C:\Program Files\Microsoft SQL Server\110\Tools\Binn\;C:\Program Files (x86)\Microsoft SQL Server\110\Tools\Binn\ManagementStudio\;C:\Program Files (x86)\Microsoft SQL Server\110\Tools\Binn\;C:\Program Files (x86)\Microsoft SQL Server\110\DTS\Binn\;C:\Program Files\Microsoft SQL Server\110\DTS\Binn\;C:\Program Files (x86)\Windows Kits\8.1\Windows Performance Toolkit\;C:\Program Files\Microsoft\Web Platform Installer\;C:\Program Files (x86)\Microsoft SDKs\Azure\CLI\wbin;E:\Softwares\jdk1.5.0_04\bin;.;;.
Dec 10, 2015 4:50:38 AM org.apache.coyote.http11.Http11Protocol init
INFO: Initializing Coyote HTTP/1.1 on http-8080
Dec 10, 2015 4:50:38 AM org.apache.catalina.startup.Catalina load
INFO: Initialization processed in 1025 ms
Dec 10, 2015 4:50:38 AM org.apache.catalina.core.StandardService start
INFO: Starting service Catalina
Dec 10, 2015 4:50:38 AM org.apache.catalina.core.StandardEngine start
INFO: Starting Servlet Engine: Apache Tomcat/6.0.44
Dec 10, 2015 4:50:38 AM org.apache.catalina.startup.HostConfig deployDescriptor
INFO: Deploying configuration descriptor host-manager.xml
Dec 10, 2015 4:50:38 AM org.apache.catalina.startup.HostConfig deployDescriptor
INFO: Deploying configuration descriptor manager.xml
Dec 10, 2015 4:50:38 AM org.apache.catalina.startup.HostConfig deployDirectory
INFO: Deploying web application directory docs
Dec 10, 2015 4:50:38 AM org.apache.catalina.startup.HostConfig deployDirectory
INFO: Deploying web application directory Ex1
Dec 10, 2015 4:50:38 AM org.apache.catalina.startup.HostConfig deployDirectory
INFO: Deploying web application directory Ex10-url
Dec 10, 2015 4:50:38 AM org.apache.catalina.startup.HostConfig deployDirectory
INFO: Deploying web application directory Ex11-hidden
Dec 10, 2015 4:50:38 AM org.apache.catalina.startup.HostConfig deployDirectory
INFO: Deploying web application directory Ex11-hidden2
Dec 10, 2015 4:50:38 AM org.apache.catalina.startup.HostConfig deployDirectory
INFO: Deploying web application directory Ex12-cookie
Dec 10, 2015 4:50:39 AM org.apache.catalina.startup.HostConfig deployDirectory
INFO: Deploying web application directory Ex13-sess
Dec 10, 2015 4:50:39 AM org.apache.catalina.startup.HostConfig deployDirectory
INFO: Deploying web application directory Ex14-JSP
Dec 10, 2015 4:50:40 AM org.apache.catalina.startup.HostConfig deployDirectory
INFO: Deploying web application directory Ex15-RDI
Dec 10, 2015 4:50:40 AM org.apache.catalina.startup.HostConfig deployDirectory
INFO: Deploying web application directory Ex16-RDF
Dec 10, 2015 4:50:40 AM org.apache.catalina.startup.HostConfig deployDirectory
INFO: Deploying web application directory Ex17-ajax
Dec 10, 2015 4:50:40 AM org.apache.catalina.startup.HostConfig deployDirectory
INFO: Deploying web application directory Ex2
Dec 10, 2015 4:50:40 AM org.apache.catalina.startup.HostConfig deployDirectory
INFO: Deploying web application directory Ex3
Dec 10, 2015 4:50:40 AM org.apache.catalina.startup.HostConfig deployDirectory
INFO: Deploying web application directory Ex4
Dec 10, 2015 4:50:40 AM org.apache.catalina.startup.HostConfig deployDirectory
INFO: Deploying web application directory Ex4.1
Dec 10, 2015 4:50:41 AM org.apache.catalina.startup.HostConfig deployDirectory
INFO: Deploying web application directory Ex5-re-h
Dec 10, 2015 4:50:41 AM org.apache.catalina.startup.HostConfig deployDirectory
INFO: Deploying web application directory Ex6-re-s
Dec 10, 2015 4:50:41 AM org.apache.catalina.startup.HostConfig deployDirectory
INFO: Deploying web application directory Ex7-for
Dec 10, 2015 4:50:41 AM org.apache.catalina.startup.HostConfig deployDirectory
INFO: Deploying web application directory Ex8-inc
Dec 10, 2015 4:50:41 AM org.apache.catalina.startup.HostConfig deployDirectory
INFO: Deploying web application directory Ex9-config
Dec 10, 2015 4:50:41 AM org.apache.catalina.startup.HostConfig deployDirectory
INFO: Deploying web application directory Ex9-context
Dec 10, 2015 4:50:41 AM org.apache.catalina.startup.HostConfig deployDirectory
INFO: Deploying web application directory examples
Dec 10, 2015 4:50:41 AM org.apache.catalina.startup.HostConfig deployDirectory
INFO: Deploying web application directory includeDirective
Dec 10, 2015 4:50:41 AM org.apache.catalina.startup.HostConfig deployDirectory
INFO: Deploying web application directory JSPBasics
Dec 10, 2015 4:50:41 AM org.apache.catalina.startup.HostConfig deployDirectory
INFO: Deploying web application directory ROOT
Dec 10, 2015 4:50:41 AM org.apache.coyote.http11.Http11Protocol start
INFO: Starting Coyote HTTP/1.1 on http-8080
Dec 10, 2015 4:50:41 AM org.apache.jk.common.ChannelSocket init
INFO: JK: ajp13 listening on /0.0.0.0:8009
Dec 10, 2015 4:50:41 AM org.apache.jk.server.JkMain start
INFO: Jk running ID=0 time=0/15  config=null
Dec 10, 2015 4:50:41 AM org.apache.catalina.startup.Catalina start
INFO: Server startup in 3576 ms
Dec 10, 2015 4:52:29 AM org.apache.coyote.http11.Http11Protocol pause
INFO: Pausing Coyote HTTP/1.1 on http-8080
Dec 10, 2015 4:52:30 AM org.apache.catalina.core.StandardService stop
INFO: Stopping service Catalina
Dec 10, 2015 4:52:31 AM org.apache.coyote.http11.Http11Protocol destroy
INFO: Stopping Coyote HTTP/1.1 on http-8080
Dec 10, 2015 4:52:33 AM org.apache.catalina.core.AprLifecycleListener init
INFO: The APR based Apache Tomcat Native library which allows optimal performance in production environments was not found on the java.library.path: E:\Softwares\jdk1.5.0_04\bin;C:\Windows\Sun\Java\bin;C:\Windows\system32;C:\Windows;C:\Program Files (x86)\Microsoft ASP.NET\ASP.NET Web Pages\v1.0\;C:\Program Files\Microsoft SQL Server\110\Tools\Binn\;C:\Program Files (x86)\Microsoft SQL Server\110\Tools\Binn\ManagementStudio\;C:\Program Files (x86)\Microsoft SQL Server\110\Tools\Binn\;C:\Program Files (x86)\Microsoft SQL Server\110\DTS\Binn\;C:\Program Files\Microsoft SQL Server\110\DTS\Binn\;C:\Program Files (x86)\Windows Kits\8.1\Windows Performance Toolkit\;C:\Program Files\Microsoft\Web Platform Installer\;C:\Program Files (x86)\Microsoft SDKs\Azure\CLI\wbin;E:\Softwares\jdk1.5.0_04\bin;.;;.
Dec 10, 2015 4:52:33 AM org.apache.coyote.http11.Http11Protocol init
INFO: Initializing Coyote HTTP/1.1 on http-8080
Dec 10, 2015 4:52:33 AM org.apache.catalina.startup.Catalina load
INFO: Initialization processed in 409 ms
Dec 10, 2015 4:52:34 AM org.apache.catalina.core.StandardService start
INFO: Starting service Catalina
Dec 10, 2015 4:52:34 AM org.apache.catalina.core.StandardEngine start
INFO: Starting Servlet Engine: Apache Tomcat/6.0.44
Dec 10, 2015 4:52:34 AM org.apache.catalina.startup.HostConfig deployDescriptor
INFO: Deploying configuration descriptor host-manager.xml
Dec 10, 2015 4:52:34 AM org.apache.catalina.startup.HostConfig deployDescriptor
INFO: Deploying configuration descriptor manager.xml
Dec 10, 2015 4:52:34 AM org.apache.catalina.startup.HostConfig deployDirectory
INFO: Deploying web application directory docs
Dec 10, 2015 4:52:34 AM org.apache.catalina.startup.HostConfig deployDirectory
INFO: Deploying web application directory Ex1
Dec 10, 2015 4:52:34 AM org.apache.catalina.startup.HostConfig deployDirectory
INFO: Deploying web application directory Ex10-url
Dec 10, 2015 4:52:34 AM org.apache.catalina.startup.HostConfig deployDirectory
INFO: Deploying web application directory Ex11-hidden
Dec 10, 2015 4:52:34 AM org.apache.catalina.startup.HostConfig deployDirectory
INFO: Deploying web application directory Ex11-hidden2
Dec 10, 2015 4:52:34 AM org.apache.catalina.startup.HostConfig deployDirectory
INFO: Deploying web application directory Ex12-cookie
Dec 10, 2015 4:52:34 AM org.apache.catalina.startup.HostConfig deployDirectory
INFO: Deploying web application directory Ex13-sess
Dec 10, 2015 4:52:34 AM org.apache.catalina.startup.HostConfig deployDirectory
INFO: Deploying web application directory Ex14-JSP
Dec 10, 2015 4:52:34 AM org.apache.catalina.startup.HostConfig deployDirectory
INFO: Deploying web application directory Ex15-RDI
Dec 10, 2015 4:52:34 AM org.apache.catalina.startup.HostConfig deployDirectory
INFO: Deploying web application directory Ex16-RDF
Dec 10, 2015 4:52:34 AM org.apache.catalina.startup.HostConfig deployDirectory
INFO: Deploying web application directory Ex17-ajax
Dec 10, 2015 4:52:34 AM org.apache.catalina.startup.HostConfig deployDirectory
INFO: Deploying web application directory Ex2
Dec 10, 2015 4:52:34 AM org.apache.catalina.startup.HostConfig deployDirectory
INFO: Deploying web application directory Ex3
Dec 10, 2015 4:52:34 AM org.apache.catalina.startup.HostConfig deployDirectory
INFO: Deploying web application directory Ex4
Dec 10, 2015 4:52:34 AM org.apache.catalina.startup.HostConfig deployDirectory
INFO: Deploying web application directory Ex4.1
Dec 10, 2015 4:52:34 AM org.apache.catalina.startup.HostConfig deployDirectory
INFO: Deploying web application directory Ex5-re-h
Dec 10, 2015 4:52:34 AM org.apache.catalina.startup.HostConfig deployDirectory
INFO: Deploying web application directory Ex6-re-s
Dec 10, 2015 4:52:34 AM org.apache.catalina.startup.HostConfig deployDirectory
INFO: Deploying web application directory Ex7-for
Dec 10, 2015 4:52:34 AM org.apache.catalina.startup.HostConfig deployDirectory
INFO: Deploying web application directory Ex8-inc
Dec 10, 2015 4:52:34 AM org.apache.catalina.startup.HostConfig deployDirectory
INFO: Deploying web application directory Ex9-config
Dec 10, 2015 4:52:34 AM org.apache.catalina.startup.HostConfig deployDirectory
INFO: Deploying web application directory Ex9-context
Dec 10, 2015 4:52:35 AM org.apache.catalina.startup.HostConfig deployDirectory
INFO: Deploying web application directory examples
Dec 10, 2015 4:52:35 AM org.apache.catalina.startup.HostConfig deployDirectory
INFO: Deploying web application directory includeDirective
Dec 10, 2015 4:52:35 AM org.apache.catalina.startup.HostConfig deployDirectory
INFO: Deploying web application directory JSPBasics
Dec 10, 2015 4:52:35 AM org.apache.catalina.startup.HostConfig deployDirectory
INFO: Deploying web application directory ROOT
Dec 10, 2015 4:52:35 AM org.apache.coyote.http11.Http11Protocol start
INFO: Starting Coyote HTTP/1.1 on http-8080
Dec 10, 2015 4:52:35 AM org.apache.jk.common.ChannelSocket init
INFO: JK: ajp13 listening on /0.0.0.0:8009
Dec 10, 2015 4:52:35 AM org.apache.jk.server.JkMain start
INFO: Jk running ID=0 time=0/47  config=null
Dec 10, 2015 4:52:35 AM org.apache.catalina.startup.Catalina start
INFO: Server startup in 1326 ms
