Nov 28, 2015 1:31:02 PM org.apache.catalina.core.ApplicationContext log
INFO: ContextListener: contextInitialized()
Nov 28, 2015 1:31:02 PM org.apache.catalina.core.ApplicationContext log
INFO: SessionListener: contextInitialized()
Nov 28, 2015 1:55:37 PM org.apache.catalina.core.ApplicationContext log
INFO: SessionListener: contextDestroyed()
Nov 28, 2015 1:55:37 PM org.apache.catalina.core.ApplicationContext log
INFO: ContextListener: contextDestroyed()
Nov 28, 2015 3:10:43 PM org.apache.catalina.core.ApplicationContext log
INFO: ContextListener: contextInitialized()
Nov 28, 2015 3:10:43 PM org.apache.catalina.core.ApplicationContext log
INFO: SessionListener: contextInitialized()
Nov 28, 2015 3:10:59 PM org.apache.catalina.core.ApplicationContext log
INFO: Marking servlet a as unavailable
Nov 28, 2015 3:10:59 PM org.apache.catalina.core.StandardWrapperValve invoke
SEVERE: Allocate exception for servlet a
java.lang.IllegalAccessException: Class org.apache.catalina.core.StandardWrapper can not access a member of class first with modifiers ""
	at sun.reflect.Reflection.ensureMemberAccess(Reflection.java:65)
	at java.lang.Class.newInstance0(Class.java:344)
	at java.lang.Class.newInstance(Class.java:303)
	at org.apache.catalina.core.StandardWrapper.loadServlet(StandardWrapper.java:1149)
	at org.apache.catalina.core.StandardWrapper.allocate(StandardWrapper.java:827)
	at org.apache.catalina.core.StandardWrapperValve.invoke(StandardWrapperValve.java:129)
	at org.apache.catalina.core.StandardContextValve.invoke(StandardContextValve.java:191)
	at org.apache.catalina.core.StandardHostValve.invoke(StandardHostValve.java:127)
	at org.apache.catalina.valves.ErrorReportValve.invoke(ErrorReportValve.java:103)
	at org.apache.catalina.core.StandardEngineValve.invoke(StandardEngineValve.java:109)
	at org.apache.catalina.connector.CoyoteAdapter.service(CoyoteAdapter.java:293)
	at org.apache.coyote.http11.Http11Processor.process(Http11Processor.java:861)
	at org.apache.coyote.http11.Http11Protocol$Http11ConnectionHandler.process(Http11Protocol.java:620)
	at org.apache.tomcat.util.net.JIoEndpoint$Worker.run(JIoEndpoint.java:489)
	at java.lang.Thread.run(Thread.java:595)
Nov 28, 2015 3:11:10 PM org.apache.catalina.core.StandardWrapperValve invoke
INFO: Servlet a is currently unavailable
Nov 28, 2015 3:11:47 PM org.apache.catalina.core.ApplicationContext log
INFO: Marking servlet a as unavailable
Nov 28, 2015 3:11:47 PM org.apache.catalina.core.StandardWrapperValve invoke
SEVERE: Allocate exception for servlet a
java.lang.IllegalAccessException: Class org.apache.catalina.core.StandardWrapper can not access a member of class first with modifiers ""
	at sun.reflect.Reflection.ensureMemberAccess(Reflection.java:65)
	at java.lang.Class.newInstance0(Class.java:344)
	at java.lang.Class.newInstance(Class.java:303)
	at org.apache.catalina.core.StandardWrapper.loadServlet(StandardWrapper.java:1149)
	at org.apache.catalina.core.StandardWrapper.allocate(StandardWrapper.java:827)
	at org.apache.catalina.core.StandardWrapperValve.invoke(StandardWrapperValve.java:129)
	at org.apache.catalina.core.StandardContextValve.invoke(StandardContextValve.java:191)
	at org.apache.catalina.core.StandardHostValve.invoke(StandardHostValve.java:127)
	at org.apache.catalina.valves.ErrorReportValve.invoke(ErrorReportValve.java:103)
	at org.apache.catalina.core.StandardEngineValve.invoke(StandardEngineValve.java:109)
	at org.apache.catalina.connector.CoyoteAdapter.service(CoyoteAdapter.java:293)
	at org.apache.coyote.http11.Http11Processor.process(Http11Processor.java:861)
	at org.apache.coyote.http11.Http11Protocol$Http11ConnectionHandler.process(Http11Protocol.java:620)
	at org.apache.tomcat.util.net.JIoEndpoint$Worker.run(JIoEndpoint.java:489)
	at java.lang.Thread.run(Thread.java:595)
Nov 28, 2015 3:11:57 PM org.apache.catalina.core.StandardWrapperValve invoke
INFO: Servlet a is currently unavailable
Nov 28, 2015 3:12:00 PM org.apache.catalina.core.StandardWrapperValve invoke
INFO: Servlet a is currently unavailable
Nov 28, 2015 3:17:21 PM org.apache.catalina.core.StandardWrapperValve invoke
INFO: Servlet a is currently unavailable
Nov 28, 2015 3:17:26 PM org.apache.catalina.core.StandardWrapperValve invoke
INFO: Servlet a is currently unavailable
Nov 28, 2015 3:17:29 PM org.apache.catalina.core.StandardWrapperValve invoke
INFO: Servlet a is currently unavailable
Nov 28, 2015 3:17:31 PM org.apache.catalina.core.StandardWrapperValve invoke
INFO: Servlet a is currently unavailable
Nov 28, 2015 3:17:41 PM org.apache.catalina.core.StandardWrapperValve invoke
INFO: Servlet a is currently unavailable
